

HI-TECH Software PIC LITE Macro Assembler V9.80 build 6738 
                                                                                               Fri Mar 01 19:34:16 2024

HI-TECH Software Omniscient Code Generator (Lite mode) build 6738
     1  0000                     opt subtitle "HI-TECH Software Omniscient Code Generator (Lite mode) build 6738"
     2                           
     3                           opt pagewidth 120
     4                           
     5                           	opt lm
     6                           
     7                           	processor	16F877A
     8                           clrc	macro
     9                           	bcf	3,0
    10  0000                     	endm
    11                           clrz	macro
    12                           	bcf	3,2
    13  0000                     	endm
    14                           setc	macro
    15                           	bsf	3,0
    16  0000                     	endm
    17                           setz	macro
    18                           	bsf	3,2
    19  0000                     	endm
    20                           skipc	macro
    21                           	btfss	3,0
    22  0000                     	endm
    23                           skipz	macro
    24                           	btfss	3,2
    25  0000                     	endm
    26                           skipnc	macro
    27                           	btfsc	3,0
    28  0000                     	endm
    29                           skipnz	macro
    30                           	btfsc	3,2
    31  0000                     	endm
    32  0000                     indf	equ	0
    33  0000                     indf0	equ	0
    34  0002                     pc	equ	2
    35  0002                     pcl	equ	2
    36  0003                     status	equ	3
    37  0004                     fsr	equ	4
    38  0004                     fsr0	equ	4
    39  0001                     c	equ	1
    40  0000                     z	equ	0
    41  000A                     pclath	equ	10
    42                           	FNCALL	_main,_delay
    43                           	FNROOT	_main
    44                           	global	_PORTD
    45                           psect	maintext,global,class=CODE,delta=2
    46                           global __pmaintext
    47  07B4                     __pmaintext:
    48  0008                     _PORTD	set	8
    49                           	global	_SSPBUF
    50  0013                     _SSPBUF	set	19
    51                           	global	_SSPCON
    52  0014                     _SSPCON	set	20
    53                           	global	_RB0
    54  0030                     _RB0	set	48
    55                           	global	_RD0
    56  0040                     _RD0	set	64
    57                           	global	_SSPIF
    58  0063                     _SSPIF	set	99
    59                           	global	_SSPSTAT
    60  0094                     _SSPSTAT	set	148
    61                           	global	_TRISB
    62  0086                     _TRISB	set	134
    63                           	global	_TRISC
    64  0087                     _TRISC	set	135
    65                           	global	_TRISD
    66  0088                     _TRISD	set	136
    67                           	file	"program.as"
    68                           	line	#
    69                           psect cinit,class=CODE,delta=2
    70                           global start_initialization
    71  07B0                     start_initialization:
    72                           
    73                           psect cinit,class=CODE,delta=2
    74                           global end_of_initialization
    75                           
    76                           ;End of C runtime variable initialization code
    77                           
    78  07B0                     end_of_initialization:
    79  07B0  0183               clrf status
    80  07B1  120A  118A  2FB4   ljmp _main	;jump to C main() function
    81                           psect	cstackCOMMON,class=COMMON,space=1
    82                           global __pcstackCOMMON
    83  0070                     __pcstackCOMMON:
    84                           	global	?_delay
    85  0070                     ?_delay:	; 0 bytes @ 0x0
    86                           	global	??_delay
    87  0070                     ??_delay:	; 0 bytes @ 0x0
    88                           	global	?_main
    89  0070                     ?_main:	; 0 bytes @ 0x0
    90                           	global	delay@i
    91  0070                     delay@i:	; 2 bytes @ 0x0
    92  0070                     	ds	2
    93                           	global	??_main
    94  0072                     ??_main:	; 0 bytes @ 0x2
    95 ;;Data sizes: Strings 0, constant 0, data 0, bss 0, persistent 0 stack 0
    96 ;;Auto spaces:   Size  Autos    Used
    97 ;; COMMON          14      2       2
    98 ;; BANK0           80      0       0
    99 ;; BANK1           80      0       0
   100 ;; BANK3           96      0       0
   101 ;; BANK2           96      0       0
   102                           
   103 ;;
   104 ;; Pointer list with targets:
   105                           
   106                           
   107                           
   108 ;;
   109 ;; Critical Paths under _main in COMMON
   110 ;;
   111 ;;   _main->_delay
   112 ;;
   113 ;; Critical Paths under _main in BANK0
   114 ;;
   115 ;;   None.
   116 ;;
   117 ;; Critical Paths under _main in BANK1
   118 ;;
   119 ;;   None.
   120 ;;
   121 ;; Critical Paths under _main in BANK3
   122 ;;
   123 ;;   None.
   124 ;;
   125 ;; Critical Paths under _main in BANK2
   126 ;;
   127 ;;   None.
   128                           
   129 ;;
   130 ;;Main: autosize = 0, tempsize = 0, incstack = 0, save=0
   131 ;;
   132                           
   133 ;;
   134 ;;Call Graph Tables:
   135 ;;
   136 ;; ---------------------------------------------------------------------------------
   137 ;; (Depth) Function   	        Calls       Base Space   Used Autos Params    Refs
   138 ;; ---------------------------------------------------------------------------------
   139 ;; (0) _main                                                 0     0      0      30
   140 ;;                              _delay
   141 ;; ---------------------------------------------------------------------------------
   142 ;; (1) _delay                                                2     2      0      30
   143 ;;                                              0 COMMON     2     2      0
   144 ;; ---------------------------------------------------------------------------------
   145 ;; Estimated maximum stack depth 1
   146 ;; ---------------------------------------------------------------------------------
   147                           
   148 ;; Call Graph Graphs:
   149                           
   150 ;; _main (ROOT)
   151 ;;   _delay
   152 ;;
   153                           
   154 ;; Address spaces:
   155                           
   156 ;;Name               Size   Autos  Total    Cost      Usage
   157 ;;BITCOMMON            E      0       0       0        0.0%
   158 ;;EEDATA             100      0       0       0        0.0%
   159 ;;NULL                 0      0       0       0        0.0%
   160 ;;CODE                 0      0       0       0        0.0%
   161 ;;COMMON               E      2       2       1       14.3%
   162 ;;BITSFR0              0      0       0       1        0.0%
   163 ;;SFR0                 0      0       0       1        0.0%
   164 ;;BITSFR1              0      0       0       2        0.0%
   165 ;;SFR1                 0      0       0       2        0.0%
   166 ;;STACK                0      0       1       2        0.0%
   167 ;;ABS                  0      0       0       3        0.0%
   168 ;;BITBANK0            50      0       0       4        0.0%
   169 ;;BITSFR3              0      0       0       4        0.0%
   170 ;;SFR3                 0      0       0       4        0.0%
   171 ;;BANK0               50      0       0       5        0.0%
   172 ;;BITSFR2              0      0       0       5        0.0%
   173 ;;SFR2                 0      0       0       5        0.0%
   174 ;;BITBANK1            50      0       0       6        0.0%
   175 ;;BANK1               50      0       0       7        0.0%
   176 ;;BITBANK3            60      0       0       8        0.0%
   177 ;;BANK3               60      0       0       9        0.0%
   178 ;;BITBANK2            60      0       0      10        0.0%
   179 ;;BANK2               60      0       0      11        0.0%
   180 ;;DATA                 0      0       0      12        0.0%
   181                           
   182                           	global	_main
   183                           psect	maintext
   184                           
   185 ;; *************** function _main *****************
   186 ;; Defined at:
   187 ;;		line 4 in file "E:\sai em pic\spi terminal\program.c"
   188 ;; Parameters:    Size  Location     Type
   189 ;;		None
   190 ;; Auto vars:     Size  Location     Type
   191 ;;		None
   192 ;; Return value:  Size  Location     Type
   193 ;;		None               void
   194 ;; Registers used:
   195 ;;		wreg, status,2, status,0, btemp+1, pclath, cstack
   196 ;; Tracked objects:
   197 ;;		On entry : 17F/0
   198 ;;		On exit  : 0/0
   199 ;;		Unchanged: 0/0
   200 ;; Data sizes:     COMMON   BANK0   BANK1   BANK3   BANK2
   201 ;;      Params:         0       0       0       0       0
   202 ;;      Locals:         0       0       0       0       0
   203 ;;      Temps:          0       0       0       0       0
   204 ;;      Totals:         0       0       0       0       0
   205 ;;Total ram usage:        0 bytes
   206 ;; Hardware stack levels required when called:    1
   207 ;; This function calls:
   208 ;;		_delay
   209 ;; This function is called by:
   210 ;;		Startup code after reset
   211 ;; This function uses a non-reentrant model
   212 ;;
   213                           psect	maintext
   214                           	file	"E:\sai em pic\spi terminal\program.c"
   215                           	line	4
   216                           	global	__size_of_main
   217  0024                     	__size_of_main	equ	__end_of_main-_main
   218                           	
   219  07B4                     _main:	
   220                           	opt	stack 7
   221                           ; Regs used in _main: [wreg+status,2+status,0+btemp+1+pclath+cstack]
   222                           	line	5
   223                           	
   224  07B4                     l1735:	
   225                           ;program.c: 5: TRISB=0;
   226  07B4  1683               	bsf	status, 5	;RP0=1, select bank1
   227  07B5  1303               	bcf	status, 6	;RP1=0, select bank1
   228  07B6  0186               	clrf	(134)^080h	;volatile
   229                           	line	6
   230                           	
   231  07B7                     l1737:	
   232                           ;program.c: 6: TRISD=1;
   233  07B7  3001               	movlw	(01h)
   234  07B8  0088               	movwf	(136)^080h	;volatile
   235                           	line	7
   236                           	
   237  07B9                     l1739:	
   238                           ;program.c: 7: TRISC=0X01;
   239  07B9  3001               	movlw	(01h)
   240  07BA  0087               	movwf	(135)^080h	;volatile
   241                           	line	8
   242                           	
   243  07BB                     l1741:	
   244                           ;program.c: 8: SSPCON=0X20;
   245  07BB  3020               	movlw	(020h)
   246  07BC  1283               	bcf	status, 5	;RP0=0, select bank0
   247  07BD  1303               	bcf	status, 6	;RP1=0, select bank0
   248  07BE  0094               	movwf	(20)	;volatile
   249                           	line	9
   250                           	
   251  07BF                     l1743:	
   252                           ;program.c: 9: SSPSTAT=0X00;
   253  07BF  1683               	bsf	status, 5	;RP0=1, select bank1
   254  07C0  1303               	bcf	status, 6	;RP1=0, select bank1
   255  07C1  0194               	clrf	(148)^080h	;volatile
   256                           	line	11
   257                           ;program.c: 11: PORTD=0XFF;
   258  07C2  30FF               	movlw	(0FFh)
   259  07C3  1283               	bcf	status, 5	;RP0=0, select bank0
   260  07C4  1303               	bcf	status, 6	;RP1=0, select bank0
   261  07C5  0088               	movwf	(8)	;volatile
   262                           	line	12
   263                           	
   264  07C6                     l1745:	
   265                           ;program.c: 12: if(RD0==0);
   266                           	
   267  07C6                     l561:	
   268                           	line	14
   269                           ;program.c: 13: {
   270                           ;program.c: 14: RB0=0;
   271  07C6  1006               	bcf	(48/8),(48)&7
   272                           	line	15
   273                           	
   274  07C7                     l1747:	
   275                           ;program.c: 15: SSPBUF='A';
   276  07C7  3041               	movlw	(041h)
   277  07C8  0093               	movwf	(19)	;volatile
   278                           	line	16
   279                           ;program.c: 16: while(SSPIF==0);
   280  07C9  2FCA               	goto	l562
   281                           	
   282  07CA                     l563:	
   283                           	
   284  07CA                     l562:	
   285  07CA  1D8C               	btfss	(99/8),(99)&7
   286  07CB  2FCD               	goto	u2161
   287  07CC  2FCE               	goto	u2160
   288  07CD                     u2161:
   289  07CD  2FCA               	goto	l562
   290  07CE                     u2160:
   291                           	
   292  07CE                     l564:	
   293                           	line	17
   294                           ;program.c: 17: SSPIF=0;
   295  07CE  118C               	bcf	(99/8),(99)&7
   296                           	line	18
   297                           ;program.c: 18: RB0=1;
   298  07CF  1406               	bsf	(48/8),(48)&7
   299                           	line	19
   300                           	
   301  07D0                     l1749:	
   302                           ;program.c: 19: delay();
   303  07D0  120A  118A  27D8   	fcall	_delay
              120A  118A         
   304                           	line	23
   305                           	
   306  07D5                     l565:	
   307                           	global	start
   308  07D5  120A  118A  2800   	ljmp	start
   309                           	opt stack 0
   310                           GLOBAL	__end_of_main
   311  07D8                     	__end_of_main:
   312 ;; =============== function _main ends ============
   313                           
   314                           	signat	_main,88
   315                           	global	_delay
   316                           psect	text55,local,class=CODE,delta=2
   317                           global __ptext55
   318  07D8                     __ptext55:
   319                           
   320 ;; *************** function _delay *****************
   321 ;; Defined at:
   322 ;;		line 25 in file "E:\sai em pic\spi terminal\program.c"
   323 ;; Parameters:    Size  Location     Type
   324 ;;		None
   325 ;; Auto vars:     Size  Location     Type
   326 ;;  i               2    0[COMMON] int 
   327 ;; Return value:  Size  Location     Type
   328 ;;		None               void
   329 ;; Registers used:
   330 ;;		wreg, btemp+1
   331 ;; Tracked objects:
   332 ;;		On entry : 0/0
   333 ;;		On exit  : 0/0
   334 ;;		Unchanged: 0/0
   335 ;; Data sizes:     COMMON   BANK0   BANK1   BANK3   BANK2
   336 ;;      Params:         0       0       0       0       0
   337 ;;      Locals:         2       0       0       0       0
   338 ;;      Temps:          0       0       0       0       0
   339 ;;      Totals:         2       0       0       0       0
   340 ;;Total ram usage:        2 bytes
   341 ;; Hardware stack levels used:    1
   342 ;; This function calls:
   343 ;;		Nothing
   344 ;; This function is called by:
   345 ;;		_main
   346 ;; This function uses a non-reentrant model
   347 ;;
   348                           psect	text55
   349                           	file	"E:\sai em pic\spi terminal\program.c"
   350                           	line	25
   351                           	global	__size_of_delay
   352  0028                     	__size_of_delay	equ	__end_of_delay-_delay
   353                           	
   354  07D8                     _delay:	
   355                           	opt	stack 7
   356                           ; Regs used in _delay: [wreg+btemp+1]
   357                           	line	26
   358                           	
   359  07D8                     l939:	
   360                           ;program.c: 26: for (int i=0;i<=8000;i++);
   361  07D8  3000               	movlw	low(0)
   362  07D9  00F0               	movwf	(delay@i)
   363  07DA  3000               	movlw	high(0)
   364  07DB  00F1               	movwf	((delay@i))+1
   365                           	
   366  07DC                     l941:	
   367  07DC  0871               	movf	(delay@i+1),w
   368  07DD  3A80               	xorlw	80h
   369  07DE  00FF               	movwf	btemp+1
   370  07DF  309F               	movlw	(high(01F41h))^80h
   371  07E0  027F               	subwf	btemp+1,w
   372  07E1  1D03               	skipz
   373  07E2  2FE5               	goto	u15
   374  07E3  3041               	movlw	low(01F41h)
   375  07E4  0270               	subwf	(delay@i),w
   376  07E5                     u15:
   377                           
   378  07E5  1C03               	skipc
   379  07E6  2FE8               	goto	u11
   380  07E7  2FE9               	goto	u10
   381  07E8                     u11:
   382  07E8  2FEB               	goto	l945
   383  07E9                     u10:
   384  07E9  2FFF               	goto	l570
   385                           	
   386  07EA                     l943:	
   387  07EA  2FFF               	goto	l570
   388                           	
   389  07EB                     l568:	
   390                           	
   391  07EB                     l945:	
   392  07EB  3001               	movlw	low(01h)
   393  07EC  07F0               	addwf	(delay@i),f
   394  07ED  1803               	skipnc
   395  07EE  0AF1               	incf	(delay@i+1),f
   396  07EF  3000               	movlw	high(01h)
   397  07F0  07F1               	addwf	(delay@i+1),f
   398                           	
   399  07F1                     l947:	
   400  07F1  0871               	movf	(delay@i+1),w
   401  07F2  3A80               	xorlw	80h
   402  07F3  00FF               	movwf	btemp+1
   403  07F4  309F               	movlw	(high(01F41h))^80h
   404  07F5  027F               	subwf	btemp+1,w
   405  07F6  1D03               	skipz
   406  07F7  2FFA               	goto	u25
   407  07F8  3041               	movlw	low(01F41h)
   408  07F9  0270               	subwf	(delay@i),w
   409  07FA                     u25:
   410                           
   411  07FA  1C03               	skipc
   412  07FB  2FFD               	goto	u21
   413  07FC  2FFE               	goto	u20
   414  07FD                     u21:
   415  07FD  2FEB               	goto	l945
   416  07FE                     u20:
   417  07FE  2FFF               	goto	l570
   418                           	
   419  07FF                     l569:	
   420                           	line	27
   421                           	
   422  07FF                     l570:	
   423  07FF  0008               	return
   424                           	opt stack 0
   425                           GLOBAL	__end_of_delay
   426  0800                     	__end_of_delay:
   427 ;; =============== function _delay ends ============
   428                           
   429                           	signat	_delay,88
   430                           psect	text56,local,class=CODE,delta=2
   431                           global __ptext56
   432  0000                     __ptext56:
   433                           	global	btemp
   434  007E                     	btemp set 07Eh
   435                           
   436                           	DABS	1,126,2	;btemp
   437                           	global	wtemp0
   438  007E                     	wtemp0 set btemp


HI-TECH Software PICC Macro Assembler V9.80 build 6738 
Symbol Table                                                                                   Fri Mar 01 19:34:16 2024

                  u10 07E9                    u11 07E8                    u20 07FE                    u21 07FD  
                  u15 07E5                    u25 07FA                   l561 07C6                   l570 07FF  
                 l562 07CA                   l563 07CA                   l564 07CE                   l565 07D5  
                 l568 07EB                   l569 07FF                   l941 07DC                   l943 07EA  
                 l945 07EB                   l947 07F1                   l939 07D8                   _RB0 0030  
                 _RD0 0040                  l1741 07BB                  l1743 07BF                  l1735 07B4  
                l1745 07C6                  l1737 07B7                  l1747 07C7                  l1739 07B9  
                l1749 07D0                  u2160 07CE                  u2161 07CD                  _main 07B4  
                btemp 007E                  start 0000                 ?_main 0070                 _PORTD 0008  
               _TRISB 0086                 _TRISC 0087                 _TRISD 0088                 _SSPIF 0063  
               _delay 07D8                 status 0003                 wtemp0 007E          __end_of_main 07D8  
              ??_main 0072                ?_delay 0070                _SSPCON 0014                _SSPBUF 0013  
              delay@i 0070        __pcstackCOMMON 0070         __end_of_delay 0800               ??_delay 0070  
          __pmaintext 07B4               _SSPSTAT 0094  end_of_initialization 07B0   start_initialization 07B0  
      __size_of_delay 0028              __ptext55 07D8              __ptext56 0000         __size_of_main 0024  
