

HI-TECH Software PIC LITE Macro Assembler V9.80 build 6738 
                                                                                               Wed Feb 14 14:34:32 2024

HI-TECH Software Omniscient Code Generator (Lite mode) build 6738
     1  0000                     opt subtitle "HI-TECH Software Omniscient Code Generator (Lite mode) build 6738"
     2                           
     3                           opt pagewidth 120
     4                           
     5                           	opt lm
     6                           
     7                           	processor	16F877A
     8                           clrc	macro
     9                           	bcf	3,0
    10  0000                     	endm
    11                           clrz	macro
    12                           	bcf	3,2
    13  0000                     	endm
    14                           setc	macro
    15                           	bsf	3,0
    16  0000                     	endm
    17                           setz	macro
    18                           	bsf	3,2
    19  0000                     	endm
    20                           skipc	macro
    21                           	btfss	3,0
    22  0000                     	endm
    23                           skipz	macro
    24                           	btfss	3,2
    25  0000                     	endm
    26                           skipnc	macro
    27                           	btfsc	3,0
    28  0000                     	endm
    29                           skipnz	macro
    30                           	btfsc	3,2
    31  0000                     	endm
    32  0000                     indf	equ	0
    33  0000                     indf0	equ	0
    34  0002                     pc	equ	2
    35  0002                     pcl	equ	2
    36  0003                     status	equ	3
    37  0004                     fsr	equ	4
    38  0004                     fsr0	equ	4
    39  0001                     c	equ	1
    40  0000                     z	equ	0
    41  000A                     pclath	equ	10
    42                           	FNCALL	_main,_delay
    43                           	FNCALL	_main,_intrupt
    44                           	FNCALL	_intrupt,_delay
    45                           	FNROOT	_main
    46                           	global	main@F514
    47                           psect	idataBANK0,class=CODE,space=0,delta=2
    48                           global __pidataBANK0
    49  0732                     __pidataBANK0:
    50                           	file	"E:\sai em pic\intuput control register\intprogram.c"
    51                           	line	10
    52                           
    53                           ;initializer for main@F514
    54  0732  343F               	retlw	03Fh
    55  0733  3406               	retlw	06h
    56  0734  345B               	retlw	05Bh
    57  0735  344F               	retlw	04Fh
    58  0736  3466               	retlw	066h
    59  0737  346D               	retlw	06Dh
    60  0738  347D               	retlw	07Dh
    61  0739  3407               	retlw	07h
    62  073A  347F               	retlw	07Fh
    63  073B  346F               	retlw	06Fh
    64                           	global	_INTCON
    65  000B                     _INTCON	set	11
    66                           	global	_PORTD
    67  0008                     _PORTD	set	8
    68                           	global	_INTF
    69  0059                     _INTF	set	89
    70                           	global	_RB0
    71  0030                     _RB0	set	48
    72                           	global	_TRISB
    73  0086                     _TRISB	set	134
    74                           	global	_TRISD
    75  0088                     _TRISD	set	136
    76                           	file	"intprogram.as"
    77                           	line	#
    78                           psect cinit,class=CODE,delta=2
    79                           global start_initialization
    80  075A                     start_initialization:
    81                           
    82                           psect	dataBANK0,class=BANK0,space=1
    83                           global __pdataBANK0
    84  002C                     __pdataBANK0:
    85                           	file	"E:\sai em pic\intuput control register\intprogram.c"
    86  002C                     main@F514:
    87  002C                            ds      10
    88                           
    89                           global btemp
    90                           psect inittext,class=CODE,delta=2
    91                           global init_fetch,btemp
    92                           ;	Called with low address in FSR and high address in W
    93  0749                     init_fetch:
    94  0749  087E               	movf btemp,w
    95  074A  008A               	movwf pclath
    96  074B  087F               	movf btemp+1,w
    97  074C  0082               	movwf pc
    98                           global init_ram
    99                           ;Called with:
   100                           ;	high address of idata address in btemp 
   101                           ;	low address of idata address in btemp+1 
   102                           ;	low address of data in FSR
   103                           ;	high address + 1 of data in btemp-1
   104  074D                     init_ram:
   105  074D  2749  120A  118A   	fcall init_fetch
   106  0750  0080               	movwf indf,f
   107  0751  0A84               	incf fsr,f
   108  0752  0804               	movf fsr,w
   109  0753  067D               	xorwf btemp-1,w
   110  0754  1903               	btfsc status,2
   111  0755  3400               	retlw 0
   112  0756  0AFF               	incf btemp+1,f
   113  0757  1903               	btfsc status,2
   114  0758  0AFE               	incf btemp,f
   115  0759  2F4D               	goto init_ram
   116                           ; Initialize objects allocated to BANK0
   117                           psect cinit,class=CODE,delta=2
   118                           global init_ram, __pidataBANK0
   119  075A  1383               	bcf	status, 7	;select IRP bank0
   120  075B  3036               	movlw low(__pdataBANK0+10)
   121  075C  00FD               	movwf btemp-1,f
   122  075D  3007               	movlw high(__pidataBANK0)
   123  075E  00FE               	movwf btemp,f
   124  075F  3032               	movlw low(__pidataBANK0)
   125  0760  00FF               	movwf btemp+1,f
   126  0761  302C               	movlw low(__pdataBANK0)
   127  0762  0084               	movwf fsr,f
   128  0763  120A  118A  274D   	fcall init_ram
              120A  118A         
   129                           psect cinit,class=CODE,delta=2
   130                           global end_of_initialization
   131                           
   132                           ;End of C runtime variable initialization code
   133                           
   134  0768                     end_of_initialization:
   135  0768  0183               clrf status
   136  0769  120A  118A  2F94   ljmp _main	;jump to C main() function
   137                           psect	cstackCOMMON,class=COMMON,space=1
   138                           global __pcstackCOMMON
   139  0070                     __pcstackCOMMON:
   140                           	global	?_delay
   141  0070                     ?_delay:	; 0 bytes @ 0x0
   142                           	global	??_delay
   143  0070                     ??_delay:	; 0 bytes @ 0x0
   144                           	global	?_intrupt
   145  0070                     ?_intrupt:	; 0 bytes @ 0x0
   146                           	global	?_main
   147  0070                     ?_main:	; 0 bytes @ 0x0
   148                           	global	delay@j
   149  0070                     delay@j:	; 2 bytes @ 0x0
   150  0070                     	ds	2
   151                           	global	??_intrupt
   152  0072                     ??_intrupt:	; 0 bytes @ 0x2
   153                           	global	??_main
   154  0072                     ??_main:	; 0 bytes @ 0x2
   155  0072                     	ds	4
   156                           psect	cstackBANK0,class=BANK0,space=1
   157                           global __pcstackBANK0
   158  0020                     __pcstackBANK0:
   159                           	global	main@a
   160  0020                     main@a:	; 10 bytes @ 0x0
   161  0020                     	ds	10
   162                           	global	main@i
   163  002A                     main@i:	; 2 bytes @ 0xA
   164  002A                     	ds	2
   165 ;;Data sizes: Strings 0, constant 0, data 10, bss 0, persistent 0 stack 0
   166 ;;Auto spaces:   Size  Autos    Used
   167 ;; COMMON          14      6       6
   168 ;; BANK0           80     12      22
   169 ;; BANK1           80      0       0
   170 ;; BANK3           96      0       0
   171 ;; BANK2           96      0       0
   172                           
   173 ;;
   174 ;; Pointer list with targets:
   175                           
   176                           
   177                           
   178 ;;
   179 ;; Critical Paths under _main in COMMON
   180 ;;
   181 ;;   _main->_delay
   182 ;;   _intrupt->_delay
   183 ;;
   184 ;; Critical Paths under _main in BANK0
   185 ;;
   186 ;;   None.
   187 ;;
   188 ;; Critical Paths under _main in BANK1
   189 ;;
   190 ;;   None.
   191 ;;
   192 ;; Critical Paths under _main in BANK3
   193 ;;
   194 ;;   None.
   195 ;;
   196 ;; Critical Paths under _main in BANK2
   197 ;;
   198 ;;   None.
   199                           
   200 ;;
   201 ;;Main: autosize = 0, tempsize = 4, incstack = 0, save=0
   202 ;;
   203                           
   204 ;;
   205 ;;Call Graph Tables:
   206 ;;
   207 ;; ---------------------------------------------------------------------------------
   208 ;; (Depth) Function   	        Calls       Base Space   Used Autos Params    Refs
   209 ;; ---------------------------------------------------------------------------------
   210 ;; (0) _main                                                16    16      0     184
   211 ;;                                              2 COMMON     4     4      0
   212 ;;                                              0 BANK0     12    12      0
   213 ;;                              _delay
   214 ;;                            _intrupt
   215 ;; ---------------------------------------------------------------------------------
   216 ;; (1) _intrupt                                              0     0      0      46
   217 ;;                              _delay
   218 ;; ---------------------------------------------------------------------------------
   219 ;; (2) _delay                                                2     2      0      46
   220 ;;                                              0 COMMON     2     2      0
   221 ;; ---------------------------------------------------------------------------------
   222 ;; Estimated maximum stack depth 2
   223 ;; ---------------------------------------------------------------------------------
   224                           
   225 ;; Call Graph Graphs:
   226                           
   227 ;; _main (ROOT)
   228 ;;   _delay
   229 ;;   _intrupt
   230 ;;     _delay
   231 ;;
   232                           
   233 ;; Address spaces:
   234                           
   235 ;;Name               Size   Autos  Total    Cost      Usage
   236 ;;BANK3               60      0       0       9        0.0%
   237 ;;BITBANK3            60      0       0       8        0.0%
   238 ;;SFR3                 0      0       0       4        0.0%
   239 ;;BITSFR3              0      0       0       4        0.0%
   240 ;;BANK2               60      0       0      11        0.0%
   241 ;;BITBANK2            60      0       0      10        0.0%
   242 ;;SFR2                 0      0       0       5        0.0%
   243 ;;BITSFR2              0      0       0       5        0.0%
   244 ;;SFR1                 0      0       0       2        0.0%
   245 ;;BITSFR1              0      0       0       2        0.0%
   246 ;;BANK1               50      0       0       7        0.0%
   247 ;;BITBANK1            50      0       0       6        0.0%
   248 ;;CODE                 0      0       0       0        0.0%
   249 ;;DATA                 0      0      1E      12        0.0%
   250 ;;ABS                  0      0      1C       3        0.0%
   251 ;;NULL                 0      0       0       0        0.0%
   252 ;;STACK                0      0       2       2        0.0%
   253 ;;BANK0               50      C      16       5       27.5%
   254 ;;BITBANK0            50      0       0       4        0.0%
   255 ;;SFR0                 0      0       0       1        0.0%
   256 ;;BITSFR0              0      0       0       1        0.0%
   257 ;;COMMON               E      6       6       1       42.9%
   258 ;;BITCOMMON            E      0       0       0        0.0%
   259 ;;EEDATA             100      0       0       0        0.0%
   260                           
   261                           	global	_main
   262                           psect	maintext,global,class=CODE,delta=2
   263                           global __pmaintext
   264  0794                     __pmaintext:
   265                           
   266 ;; *************** function _main *****************
   267 ;; Defined at:
   268 ;;		line 5 in file "E:\sai em pic\intuput control register\intprogram.c"
   269 ;; Parameters:    Size  Location     Type
   270 ;;		None
   271 ;; Auto vars:     Size  Location     Type
   272 ;;  i               2   10[BANK0 ] int 
   273 ;;  a              10    0[BANK0 ] unsigned char [10]
   274 ;; Return value:  Size  Location     Type
   275 ;;		None               void
   276 ;; Registers used:
   277 ;;		wreg, fsr0l, fsr0h, status,2, status,0, btemp+1, pclath, cstack
   278 ;; Tracked objects:
   279 ;;		On entry : 17F/0
   280 ;;		On exit  : 0/0
   281 ;;		Unchanged: 0/0
   282 ;; Data sizes:     COMMON   BANK0   BANK1   BANK3   BANK2
   283 ;;      Params:         0       0       0       0       0
   284 ;;      Locals:         0      12       0       0       0
   285 ;;      Temps:          4       0       0       0       0
   286 ;;      Totals:         4      12       0       0       0
   287 ;;Total ram usage:       16 bytes
   288 ;; Hardware stack levels required when called:    2
   289 ;; This function calls:
   290 ;;		_delay
   291 ;;		_intrupt
   292 ;; This function is called by:
   293 ;;		Startup code after reset
   294 ;; This function uses a non-reentrant model
   295 ;;
   296                           psect	maintext
   297                           	file	"E:\sai em pic\intuput control register\intprogram.c"
   298                           	line	5
   299                           	global	__size_of_main
   300  006C                     	__size_of_main	equ	__end_of_main-_main
   301                           	
   302  0794                     _main:	
   303                           	opt	stack 6
   304                           ; Regs used in _main: [wreg-fsr0h+status,2+status,0+btemp+1+pclath+cstack]
   305                           	line	6
   306                           	
   307  0794                     l1792:	
   308                           ;intprogram.c: 6: TRISB=1;
   309  0794  3001               	movlw	(01h)
   310  0795  1683               	bsf	status, 5	;RP0=1, select bank1
   311  0796  1303               	bcf	status, 6	;RP1=0, select bank1
   312  0797  0086               	movwf	(134)^080h	;volatile
   313                           	line	7
   314                           	
   315  0798                     l1794:	
   316                           ;intprogram.c: 7: TRISD=0;
   317  0798  0188               	clrf	(136)^080h	;volatile
   318                           	line	8
   319                           	
   320  0799                     l1796:	
   321                           ;intprogram.c: 8: PORTD=0X00;
   322  0799  1283               	bcf	status, 5	;RP0=0, select bank0
   323  079A  1303               	bcf	status, 6	;RP1=0, select bank0
   324  079B  0188               	clrf	(8)	;volatile
   325                           	line	10
   326                           	
   327  079C                     l1798:	
   328                           ;intprogram.c: 10: char a[10]={0X3F,0X06,0X5B,0X4F,0X66,0X6D,0X7D,0X07,0X7F,0X6F};
   329  079C  3020               	movlw	(main@a)&0ffh
   330  079D  0084               	movwf	fsr0
   331  079E  302C               	movlw	low(main@F514)
   332  079F  00F2               	movwf	(??_main+0)+0
   333  07A0  0804               	movf	fsr0,w
   334  07A1  00F3               	movwf	((??_main+0)+0+1)
   335  07A2  300A               	movlw	10
   336  07A3  00F4               	movwf	((??_main+0)+0+2)
   337  07A4                     u2220:
   338  07A4  0872               	movf	(??_main+0)+0,w
   339  07A5  0084               	movwf	fsr0
   340  07A6  1383               	bcf	status, 7	;select IRP bank0
   341                           	
   342  07A7  0800               	movf	indf,w
   343  07A8  00F5               	movwf	((??_main+0)+0+3)
   344  07A9  0AF2               	incf	(??_main+0)+0,f
   345  07AA  0873               	movf	((??_main+0)+0+1),w
   346  07AB  0084               	movwf	fsr0
   347                           	
   348  07AC  0875               	movf	((??_main+0)+0+3),w
   349  07AD  0080               	movwf	indf
   350  07AE  0AF3               	incf	((??_main+0)+0+1),f
   351  07AF  0BF4               	decfsz	((??_main+0)+0+2),f
   352  07B0  2FA4               	goto	u2220
   353  07B1  2FB2               	goto	l1800
   354                           	line	12
   355                           ;intprogram.c: 12: while(1)
   356                           	
   357  07B2                     l565:	
   358                           	line	14
   359                           	
   360  07B2                     l1800:	
   361                           ;intprogram.c: 13: {
   362                           ;intprogram.c: 14: for(int i=0;i<=20;i++)
   363  07B2  3000               	movlw	low(0)
   364  07B3  1283               	bcf	status, 5	;RP0=0, select bank0
   365  07B4  1303               	bcf	status, 6	;RP1=0, select bank0
   366  07B5  00AA               	movwf	(main@i)
   367  07B6  3000               	movlw	high(0)
   368  07B7  00AB               	movwf	((main@i))+1
   369                           	
   370  07B8                     l1802:	
   371  07B8  082B               	movf	(main@i+1),w
   372  07B9  3A80               	xorlw	80h
   373  07BA  00FF               	movwf	btemp+1
   374  07BB  3080               	movlw	(high(015h))^80h
   375  07BC  027F               	subwf	btemp+1,w
   376  07BD  1D03               	skipz
   377  07BE  2FC1               	goto	u2235
   378  07BF  3015               	movlw	low(015h)
   379  07C0  022A               	subwf	(main@i),w
   380  07C1                     u2235:
   381                           
   382  07C1  1C03               	skipc
   383  07C2  2FC4               	goto	u2231
   384  07C3  2FC5               	goto	u2230
   385  07C4                     u2231:
   386  07C4  2FC7               	goto	l1806
   387  07C5                     u2230:
   388  07C5  2FB2               	goto	l1800
   389                           	
   390  07C6                     l1804:	
   391  07C6  2FB2               	goto	l1800
   392                           	line	15
   393                           	
   394  07C7                     l566:	
   395                           	line	16
   396                           	
   397  07C7                     l1806:	
   398                           ;intprogram.c: 15: {
   399                           ;intprogram.c: 16: PORTD=a[i];
   400  07C7  1283               	bcf	status, 5	;RP0=0, select bank0
   401  07C8  1303               	bcf	status, 6	;RP1=0, select bank0
   402  07C9  082A               	movf	(main@i),w
   403  07CA  3E20               	addlw	main@a&0ffh
   404  07CB  0084               	movwf	fsr0
   405  07CC  1383               	bcf	status, 7	;select IRP bank0
   406  07CD  0800               	movf	indf,w
   407  07CE  0088               	movwf	(8)	;volatile
   408                           	line	17
   409                           	
   410  07CF                     l1808:	
   411                           ;intprogram.c: 17: delay();
   412  07CF  120A  118A  276C   	fcall	_delay
              120A  118A         
   413                           	line	18
   414                           	
   415  07D4                     l1810:	
   416                           ;intprogram.c: 18: if(RB0==1)
   417  07D4  1283               	bcf	status, 5	;RP0=0, select bank0
   418  07D5  1303               	bcf	status, 6	;RP1=0, select bank0
   419  07D6  1C06               	btfss	(48/8),(48)&7
   420  07D7  2FD9               	goto	u2241
   421  07D8  2FDA               	goto	u2240
   422  07D9                     u2241:
   423  07D9  2FE5               	goto	l1814
   424  07DA                     u2240:
   425                           	line	20
   426                           	
   427  07DA                     l1812:	
   428                           ;intprogram.c: 19: {
   429                           ;intprogram.c: 20: intrupt();
   430  07DA  120A  118A  273C   	fcall	_intrupt
              120A  118A         
   431                           	line	21
   432                           ;intprogram.c: 21: delay();
   433  07DF  120A  118A  276C   	fcall	_delay
              120A  118A         
   434  07E4  2FE5               	goto	l1814
   435                           	line	22
   436                           	
   437  07E5                     l568:	
   438                           	line	14
   439                           	
   440  07E5                     l1814:	
   441  07E5  3001               	movlw	low(01h)
   442  07E6  1283               	bcf	status, 5	;RP0=0, select bank0
   443  07E7  1303               	bcf	status, 6	;RP1=0, select bank0
   444  07E8  07AA               	addwf	(main@i),f
   445  07E9  1803               	skipnc
   446  07EA  0AAB               	incf	(main@i+1),f
   447  07EB  3000               	movlw	high(01h)
   448  07EC  07AB               	addwf	(main@i+1),f
   449                           	
   450  07ED                     l1816:	
   451  07ED  082B               	movf	(main@i+1),w
   452  07EE  3A80               	xorlw	80h
   453  07EF  00FF               	movwf	btemp+1
   454  07F0  3080               	movlw	(high(015h))^80h
   455  07F1  027F               	subwf	btemp+1,w
   456  07F2  1D03               	skipz
   457  07F3  2FF6               	goto	u2255
   458  07F4  3015               	movlw	low(015h)
   459  07F5  022A               	subwf	(main@i),w
   460  07F6                     u2255:
   461                           
   462  07F6  1C03               	skipc
   463  07F7  2FF9               	goto	u2251
   464  07F8  2FFA               	goto	u2250
   465  07F9                     u2251:
   466  07F9  2FC7               	goto	l1806
   467  07FA                     u2250:
   468  07FA  2FB2               	goto	l1800
   469                           	
   470  07FB                     l567:	
   471  07FB  2FB2               	goto	l1800
   472                           	line	24
   473                           	
   474  07FC                     l569:	
   475                           	line	12
   476  07FC  2FB2               	goto	l1800
   477                           	
   478  07FD                     l570:	
   479                           	line	25
   480                           	
   481  07FD                     l571:	
   482                           	global	start
   483  07FD  120A  118A  2800   	ljmp	start
   484                           	opt stack 0
   485                           GLOBAL	__end_of_main
   486  0800                     	__end_of_main:
   487 ;; =============== function _main ends ============
   488                           
   489                           	signat	_main,88
   490                           	global	_intrupt
   491                           psect	text97,local,class=CODE,delta=2
   492                           global __ptext97
   493  073C                     __ptext97:
   494                           
   495 ;; *************** function _intrupt *****************
   496 ;; Defined at:
   497 ;;		line 27 in file "E:\sai em pic\intuput control register\intprogram.c"
   498 ;; Parameters:    Size  Location     Type
   499 ;;		None
   500 ;; Auto vars:     Size  Location     Type
   501 ;;		None
   502 ;; Return value:  Size  Location     Type
   503 ;;		None               void
   504 ;; Registers used:
   505 ;;		wreg, status,2, status,0, btemp+1, pclath, cstack
   506 ;; Tracked objects:
   507 ;;		On entry : 0/0
   508 ;;		On exit  : 0/0
   509 ;;		Unchanged: 0/0
   510 ;; Data sizes:     COMMON   BANK0   BANK1   BANK3   BANK2
   511 ;;      Params:         0       0       0       0       0
   512 ;;      Locals:         0       0       0       0       0
   513 ;;      Temps:          0       0       0       0       0
   514 ;;      Totals:         0       0       0       0       0
   515 ;;Total ram usage:        0 bytes
   516 ;; Hardware stack levels used:    1
   517 ;; Hardware stack levels required when called:    1
   518 ;; This function calls:
   519 ;;		_delay
   520 ;; This function is called by:
   521 ;;		_main
   522 ;; This function uses a non-reentrant model
   523 ;;
   524                           psect	text97
   525                           	file	"E:\sai em pic\intuput control register\intprogram.c"
   526                           	line	27
   527                           	global	__size_of_intrupt
   528  000D                     	__size_of_intrupt	equ	__end_of_intrupt-_intrupt
   529                           	
   530  073C                     _intrupt:	
   531                           	opt	stack 6
   532                           ; Regs used in _intrupt: [wreg+status,2+status,0+btemp+1+pclath+cstack]
   533                           	line	28
   534                           	
   535  073C                     l1786:	
   536                           ;intprogram.c: 28: INTCON=0X90;
   537  073C  3090               	movlw	(090h)
   538  073D  008B               	movwf	(11)	;volatile
   539                           	line	29
   540                           ;intprogram.c: 29: PORTD=0X039;
   541  073E  3039               	movlw	(039h)
   542  073F  1283               	bcf	status, 5	;RP0=0, select bank0
   543  0740  1303               	bcf	status, 6	;RP1=0, select bank0
   544  0741  0088               	movwf	(8)	;volatile
   545                           	line	30
   546                           	
   547  0742                     l1788:	
   548                           ;intprogram.c: 30: delay();
   549  0742  120A  118A  276C   	fcall	_delay
              120A  118A         
   550                           	line	31
   551                           	
   552  0747                     l1790:	
   553                           ;intprogram.c: 31: INTF=0;
   554  0747  108B               	bcf	(89/8),(89)&7
   555                           	line	32
   556                           	
   557  0748                     l574:	
   558  0748  0008               	return
   559                           	opt stack 0
   560                           GLOBAL	__end_of_intrupt
   561  0749                     	__end_of_intrupt:
   562 ;; =============== function _intrupt ends ============
   563                           
   564                           	signat	_intrupt,88
   565                           	global	_delay
   566                           psect	text98,local,class=CODE,delta=2
   567                           global __ptext98
   568  076C                     __ptext98:
   569                           
   570 ;; *************** function _delay *****************
   571 ;; Defined at:
   572 ;;		line 34 in file "E:\sai em pic\intuput control register\intprogram.c"
   573 ;; Parameters:    Size  Location     Type
   574 ;;		None
   575 ;; Auto vars:     Size  Location     Type
   576 ;;  j               2    0[COMMON] int 
   577 ;; Return value:  Size  Location     Type
   578 ;;		None               void
   579 ;; Registers used:
   580 ;;		wreg, btemp+1
   581 ;; Tracked objects:
   582 ;;		On entry : 0/0
   583 ;;		On exit  : 0/0
   584 ;;		Unchanged: 0/0
   585 ;; Data sizes:     COMMON   BANK0   BANK1   BANK3   BANK2
   586 ;;      Params:         0       0       0       0       0
   587 ;;      Locals:         2       0       0       0       0
   588 ;;      Temps:          0       0       0       0       0
   589 ;;      Totals:         2       0       0       0       0
   590 ;;Total ram usage:        2 bytes
   591 ;; Hardware stack levels used:    1
   592 ;; This function calls:
   593 ;;		Nothing
   594 ;; This function is called by:
   595 ;;		_main
   596 ;;		_intrupt
   597 ;; This function uses a non-reentrant model
   598 ;;
   599                           psect	text98
   600                           	file	"E:\sai em pic\intuput control register\intprogram.c"
   601                           	line	34
   602                           	global	__size_of_delay
   603  0028                     	__size_of_delay	equ	__end_of_delay-_delay
   604                           	
   605  076C                     _delay:	
   606                           	opt	stack 6
   607                           ; Regs used in _delay: [wreg+btemp+1]
   608                           	line	35
   609                           	
   610  076C                     l1776:	
   611                           ;intprogram.c: 35: for(int j=0;j<=5000;j++);
   612  076C  3000               	movlw	low(0)
   613  076D  00F0               	movwf	(delay@j)
   614  076E  3000               	movlw	high(0)
   615  076F  00F1               	movwf	((delay@j))+1
   616                           	
   617  0770                     l1778:	
   618  0770  0871               	movf	(delay@j+1),w
   619  0771  3A80               	xorlw	80h
   620  0772  00FF               	movwf	btemp+1
   621  0773  3093               	movlw	(high(01389h))^80h
   622  0774  027F               	subwf	btemp+1,w
   623  0775  1D03               	skipz
   624  0776  2F79               	goto	u2205
   625  0777  3089               	movlw	low(01389h)
   626  0778  0270               	subwf	(delay@j),w
   627  0779                     u2205:
   628                           
   629  0779  1C03               	skipc
   630  077A  2F7C               	goto	u2201
   631  077B  2F7D               	goto	u2200
   632  077C                     u2201:
   633  077C  2F7F               	goto	l1782
   634  077D                     u2200:
   635  077D  2F93               	goto	l579
   636                           	
   637  077E                     l1780:	
   638  077E  2F93               	goto	l579
   639                           	
   640  077F                     l577:	
   641                           	
   642  077F                     l1782:	
   643  077F  3001               	movlw	low(01h)
   644  0780  07F0               	addwf	(delay@j),f
   645  0781  1803               	skipnc
   646  0782  0AF1               	incf	(delay@j+1),f
   647  0783  3000               	movlw	high(01h)
   648  0784  07F1               	addwf	(delay@j+1),f
   649                           	
   650  0785                     l1784:	
   651  0785  0871               	movf	(delay@j+1),w
   652  0786  3A80               	xorlw	80h
   653  0787  00FF               	movwf	btemp+1
   654  0788  3093               	movlw	(high(01389h))^80h
   655  0789  027F               	subwf	btemp+1,w
   656  078A  1D03               	skipz
   657  078B  2F8E               	goto	u2215
   658  078C  3089               	movlw	low(01389h)
   659  078D  0270               	subwf	(delay@j),w
   660  078E                     u2215:
   661                           
   662  078E  1C03               	skipc
   663  078F  2F91               	goto	u2211
   664  0790  2F92               	goto	u2210
   665  0791                     u2211:
   666  0791  2F7F               	goto	l1782
   667  0792                     u2210:
   668  0792  2F93               	goto	l579
   669                           	
   670  0793                     l578:	
   671                           	line	36
   672                           	
   673  0793                     l579:	
   674  0793  0008               	return
   675                           	opt stack 0
   676                           GLOBAL	__end_of_delay
   677  0794                     	__end_of_delay:
   678 ;; =============== function _delay ends ============
   679                           
   680                           	signat	_delay,88
   681                           psect	text99,local,class=CODE,delta=2
   682                           global __ptext99
   683  0000                     __ptext99:
   684                           	global	btemp
   685  007E                     	btemp set 07Eh
   686                           
   687                           	DABS	1,126,2	;btemp
   688                           	global	wtemp0
   689  007E                     	wtemp0 set btemp


HI-TECH Software PICC Macro Assembler V9.80 build 6738 
Symbol Table                                                                                   Wed Feb 14 14:34:32 2024

                   pc 0002                    fsr 0004                   l570 07FD                   l571 07FD  
                 l565 07B2                   l574 0748                   l566 07C7                   l567 07FB  
                 l568 07E5                   l577 077F                   l569 07FC                   l578 0793  
                 l579 0793                   _RB0 0030                   fsr0 0004                   indf 0000  
                l1800 07B2                  l1810 07D4                  l1802 07B8                  l1812 07DA  
                l1804 07C6                  l1814 07E5                  l1806 07C7                  l1816 07ED  
                l1808 07CF                  l1780 077E                  l1782 077F                  l1790 0747  
                l1784 0785                  l1776 076C                  l1792 0794                  l1778 0770  
                l1786 073C                  l1794 0798                  l1788 0742                  l1796 0799  
                l1798 079C                  u2200 077D                  u2201 077C                  u2210 0792  
                u2211 0791                  u2220 07A4                  u2205 0779                  u2230 07C5  
                u2215 078E                  u2231 07C4                  u2240 07DA                  u2241 07D9  
                u2250 07FA                  u2251 07F9                  u2235 07C1                  u2255 07F6  
                _INTF 0059                  _main 0794                  btemp 007E                  start 0000  
               ?_main 0070                 _PORTD 0008                 _TRISB 0086                 _TRISD 0088  
               _delay 076C                 main@a 0020                 main@i 002A       __end_of_intrupt 0749  
               pclath 000A                 status 0003                 wtemp0 007E          __end_of_main 0800  
              ??_main 0072                ?_delay 0070                _INTCON 000B                delay@j 0070  
           ??_intrupt 0072        __pcstackCOMMON 0070          __pidataBANK0 0732         __end_of_delay 0794  
             ??_delay 0070            __pmaintext 0794               _intrupt 073C  end_of_initialization 0768  
             init_ram 074D   start_initialization 075A           __pdataBANK0 002C         __pcstackBANK0 0020  
            ?_intrupt 0070        __size_of_delay 0028             init_fetch 0749      __size_of_intrupt 000D  
            __ptext97 073C              __ptext98 076C              __ptext99 0000         __size_of_main 006C  
            main@F514 002C  
