

HI-TECH Software PIC LITE Macro Assembler V9.80 build 6738 
                                                                                               Wed Feb 21 18:46:13 2024

HI-TECH Software Omniscient Code Generator (Lite mode) build 6738
     1  0000                     opt subtitle "HI-TECH Software Omniscient Code Generator (Lite mode) build 6738"
     2                           
     3                           opt pagewidth 120
     4                           
     5                           	opt lm
     6                           
     7                           	processor	16F877A
     8                           clrc	macro
     9                           	bcf	3,0
    10  0000                     	endm
    11                           clrz	macro
    12                           	bcf	3,2
    13  0000                     	endm
    14                           setc	macro
    15                           	bsf	3,0
    16  0000                     	endm
    17                           setz	macro
    18                           	bsf	3,2
    19  0000                     	endm
    20                           skipc	macro
    21                           	btfss	3,0
    22  0000                     	endm
    23                           skipz	macro
    24                           	btfss	3,2
    25  0000                     	endm
    26                           skipnc	macro
    27                           	btfsc	3,0
    28  0000                     	endm
    29                           skipnz	macro
    30                           	btfsc	3,2
    31  0000                     	endm
    32  0000                     indf	equ	0
    33  0000                     indf0	equ	0
    34  0002                     pc	equ	2
    35  0002                     pcl	equ	2
    36  0003                     status	equ	3
    37  0004                     fsr	equ	4
    38  0004                     fsr0	equ	4
    39  0001                     c	equ	1
    40  0000                     z	equ	0
    41  000A                     pclath	equ	10
    42                           	FNROOT	_main
    43                           	global	_RB0
    44                           psect	maintext,global,class=CODE,delta=2
    45                           global __pmaintext
    46  07A7                     __pmaintext:
    47  0030                     _RB0	set	48
    48                           	global	_RB1
    49  0031                     _RB1	set	49
    50                           	global	_RB2
    51  0032                     _RB2	set	50
    52                           	global	_RB3
    53  0033                     _RB3	set	51
    54                           	global	_TRISB
    55  0086                     _TRISB	set	134
    56                           	global	_TRISD
    57  0088                     _TRISD	set	136
    58                           	file	"program.as"
    59                           	line	#
    60                           psect cinit,class=CODE,delta=2
    61                           global start_initialization
    62  07A3                     start_initialization:
    63                           
    64                           psect cinit,class=CODE,delta=2
    65                           global end_of_initialization
    66                           
    67                           ;End of C runtime variable initialization code
    68                           
    69  07A3                     end_of_initialization:
    70  07A3  0183               clrf status
    71  07A4  120A  118A  2FA7   ljmp _main	;jump to C main() function
    72                           psect	cstackCOMMON,class=COMMON,space=1
    73                           global __pcstackCOMMON
    74  0070                     __pcstackCOMMON:
    75                           	global	?_main
    76  0070                     ?_main:	; 0 bytes @ 0x0
    77                           	global	??_main
    78  0070                     ??_main:	; 0 bytes @ 0x0
    79                           	global	main@j
    80  0070                     main@j:	; 2 bytes @ 0x0
    81  0070                     	ds	2
    82                           	global	main@i
    83  0072                     main@i:	; 2 bytes @ 0x2
    84  0072                     	ds	2
    85 ;;Data sizes: Strings 0, constant 0, data 0, bss 0, persistent 0 stack 0
    86 ;;Auto spaces:   Size  Autos    Used
    87 ;; COMMON          14      4       4
    88 ;; BANK0           80      0       0
    89 ;; BANK1           80      0       0
    90 ;; BANK3           96      0       0
    91 ;; BANK2           96      0       0
    92                           
    93 ;;
    94 ;; Pointer list with targets:
    95                           
    96                           
    97                           
    98 ;;
    99 ;; Critical Paths under _main in COMMON
   100 ;;
   101 ;;   None.
   102 ;;
   103 ;; Critical Paths under _main in BANK0
   104 ;;
   105 ;;   None.
   106 ;;
   107 ;; Critical Paths under _main in BANK1
   108 ;;
   109 ;;   None.
   110 ;;
   111 ;; Critical Paths under _main in BANK3
   112 ;;
   113 ;;   None.
   114 ;;
   115 ;; Critical Paths under _main in BANK2
   116 ;;
   117 ;;   None.
   118                           
   119 ;;
   120 ;;Main: autosize = 0, tempsize = 0, incstack = 0, save=0
   121 ;;
   122                           
   123 ;;
   124 ;;Call Graph Tables:
   125 ;;
   126 ;; ---------------------------------------------------------------------------------
   127 ;; (Depth) Function   	        Calls       Base Space   Used Autos Params    Refs
   128 ;; ---------------------------------------------------------------------------------
   129 ;; (0) _main                                                 4     4      0      75
   130 ;;                                              0 COMMON     4     4      0
   131 ;; ---------------------------------------------------------------------------------
   132 ;; Estimated maximum stack depth 0
   133 ;; ---------------------------------------------------------------------------------
   134                           
   135 ;; Call Graph Graphs:
   136                           
   137 ;; _main (ROOT)
   138 ;;
   139                           
   140 ;; Address spaces:
   141                           
   142 ;;Name               Size   Autos  Total    Cost      Usage
   143 ;;BITCOMMON            E      0       0       0        0.0%
   144 ;;EEDATA             100      0       0       0        0.0%
   145 ;;NULL                 0      0       0       0        0.0%
   146 ;;CODE                 0      0       0       0        0.0%
   147 ;;COMMON               E      4       4       1       28.6%
   148 ;;BITSFR0              0      0       0       1        0.0%
   149 ;;SFR0                 0      0       0       1        0.0%
   150 ;;BITSFR1              0      0       0       2        0.0%
   151 ;;SFR1                 0      0       0       2        0.0%
   152 ;;STACK                0      0       0       2        0.0%
   153 ;;ABS                  0      0       0       3        0.0%
   154 ;;BITBANK0            50      0       0       4        0.0%
   155 ;;BITSFR3              0      0       0       4        0.0%
   156 ;;SFR3                 0      0       0       4        0.0%
   157 ;;BANK0               50      0       0       5        0.0%
   158 ;;BITSFR2              0      0       0       5        0.0%
   159 ;;SFR2                 0      0       0       5        0.0%
   160 ;;BITBANK1            50      0       0       6        0.0%
   161 ;;BANK1               50      0       0       7        0.0%
   162 ;;BITBANK3            60      0       0       8        0.0%
   163 ;;BANK3               60      0       0       9        0.0%
   164 ;;BITBANK2            60      0       0      10        0.0%
   165 ;;BANK2               60      0       0      11        0.0%
   166 ;;DATA                 0      0       0      12        0.0%
   167                           
   168                           	global	_main
   169                           psect	maintext
   170                           
   171 ;; *************** function _main *****************
   172 ;; Defined at:
   173 ;;		line 3 in file "E:\sai em pic\led task\program.c"
   174 ;; Parameters:    Size  Location     Type
   175 ;;		None
   176 ;; Auto vars:     Size  Location     Type
   177 ;;  i               2    2[COMMON] int 
   178 ;;  j               2    0[COMMON] int 
   179 ;; Return value:  Size  Location     Type
   180 ;;		None               void
   181 ;; Registers used:
   182 ;;		wreg, fsr0l, fsr0h, status,2, status,0, btemp+1
   183 ;; Tracked objects:
   184 ;;		On entry : 17F/0
   185 ;;		On exit  : 0/0
   186 ;;		Unchanged: 0/0
   187 ;; Data sizes:     COMMON   BANK0   BANK1   BANK3   BANK2
   188 ;;      Params:         0       0       0       0       0
   189 ;;      Locals:         4       0       0       0       0
   190 ;;      Temps:          0       0       0       0       0
   191 ;;      Totals:         4       0       0       0       0
   192 ;;Total ram usage:        4 bytes
   193 ;; This function calls:
   194 ;;		Nothing
   195 ;; This function is called by:
   196 ;;		Startup code after reset
   197 ;; This function uses a non-reentrant model
   198 ;;
   199                           psect	maintext
   200                           	file	"E:\sai em pic\led task\program.c"
   201                           	line	3
   202                           	global	__size_of_main
   203  0059                     	__size_of_main	equ	__end_of_main-_main
   204                           	
   205  07A7                     _main:	
   206                           	opt	stack 8
   207                           ; Regs used in _main: [wreg-fsr0h+status,2+status,0+btemp+1]
   208                           	line	4
   209                           	
   210  07A7                     l935:	
   211                           ;program.c: 4: TRISB=0;
   212  07A7  1683               	bsf	status, 5	;RP0=1, select bank1
   213  07A8  1303               	bcf	status, 6	;RP1=0, select bank1
   214  07A9  0186               	clrf	(134)^080h	;volatile
   215                           	line	5
   216                           	
   217  07AA                     l937:	
   218                           ;program.c: 5: TRISD=1;
   219  07AA  3001               	movlw	(01h)
   220  07AB  0088               	movwf	(136)^080h	;volatile
   221                           	line	7
   222                           	
   223  07AC                     l939:	
   224                           ;program.c: 6: int i,j;
   225                           ;program.c: 7: RB0=j;
   226  07AC  1870               	btfsc	(main@j),0
   227  07AD  2FAF               	goto	u11
   228  07AE  2FB3               	goto	u10
   229                           	
   230  07AF                     u11:
   231  07AF  1283               	bcf	status, 5	;RP0=0, select bank0
   232  07B0  1303               	bcf	status, 6	;RP1=0, select bank0
   233  07B1  1406               	bsf	(48/8),(48)&7
   234  07B2  2FB6               	goto	u24
   235  07B3                     u10:
   236  07B3  1283               	bcf	status, 5	;RP0=0, select bank0
   237  07B4  1303               	bcf	status, 6	;RP1=0, select bank0
   238  07B5  1006               	bcf	(48/8),(48)&7
   239  07B6                     u24:
   240                           	line	8
   241                           	
   242  07B6                     l941:	
   243                           ;program.c: 8: for(i=j;i<=5;i++)
   244  07B6  0871               	movf	(main@j+1),w
   245  07B7  01F3               	clrf	(main@i+1)
   246  07B8  07F3               	addwf	(main@i+1)
   247  07B9  0870               	movf	(main@j),w
   248  07BA  01F2               	clrf	(main@i)
   249  07BB  07F2               	addwf	(main@i)
   250                           
   251                           	
   252  07BC                     l943:	
   253  07BC  0873               	movf	(main@i+1),w
   254  07BD  3A80               	xorlw	80h
   255  07BE  00FF               	movwf	btemp+1
   256  07BF  3080               	movlw	(high(06h))^80h
   257  07C0  027F               	subwf	btemp+1,w
   258  07C1  1D03               	skipz
   259  07C2  2FC5               	goto	u35
   260  07C3  3006               	movlw	low(06h)
   261  07C4  0272               	subwf	(main@i),w
   262  07C5                     u35:
   263                           
   264  07C5  1C03               	skipc
   265  07C6  2FC8               	goto	u31
   266  07C7  2FC9               	goto	u30
   267  07C8                     u31:
   268  07C8  2FD9               	goto	l949
   269  07C9                     u30:
   270  07C9  2FFD               	goto	l566
   271                           	
   272  07CA                     l945:	
   273  07CA  2FFD               	goto	l566
   274                           	line	9
   275                           	
   276  07CB                     l559:	
   277                           	line	10
   278                           ;program.c: 9: {
   279                           ;program.c: 10: switch(i)
   280  07CB  2FD9               	goto	l949
   281                           	line	12
   282                           ;program.c: 11: {
   283                           ;program.c: 12: case(1):
   284                           	
   285  07CC                     l562:	
   286                           	line	13
   287                           ;program.c: 13: RB1=1;
   288  07CC  1283               	bcf	status, 5	;RP0=0, select bank0
   289  07CD  1303               	bcf	status, 6	;RP1=0, select bank0
   290  07CE  1486               	bsf	(49/8),(49)&7
   291                           	line	14
   292                           ;program.c: 14: break;
   293  07CF  2FE9               	goto	l951
   294                           	line	15
   295                           ;program.c: 15: case (2):
   296                           	
   297  07D0                     l564:	
   298                           	line	16
   299                           ;program.c: 16: RB2=1;
   300  07D0  1283               	bcf	status, 5	;RP0=0, select bank0
   301  07D1  1303               	bcf	status, 6	;RP1=0, select bank0
   302  07D2  1506               	bsf	(50/8),(50)&7
   303                           	line	17
   304                           ;program.c: 17: break;
   305  07D3  2FE9               	goto	l951
   306                           	line	18
   307                           ;program.c: 18: case(3):
   308                           	
   309  07D4                     l565:	
   310                           	line	19
   311                           ;program.c: 19: RB3=1;
   312  07D4  1283               	bcf	status, 5	;RP0=0, select bank0
   313  07D5  1303               	bcf	status, 6	;RP1=0, select bank0
   314  07D6  1586               	bsf	(51/8),(51)&7
   315                           	line	20
   316                           ;program.c: 20: break;
   317  07D7  2FE9               	goto	l951
   318                           	line	21
   319                           	
   320  07D8                     l947:	
   321                           ;program.c: 21: }
   322  07D8  2FE9               	goto	l951
   323                           	line	10
   324                           	
   325  07D9                     l561:	
   326                           	
   327  07D9                     l949:	
   328                           	; Switch on 2 bytes has been partitioned into a top level switch of size 1, and 1 sub-s
                                 witches
   329                           ; Switch size 1, requested type "space"
   330                           ; Number of cases is 1, Range of values is 0 to 0
   331                           ; switch strategies available:
   332                           ; Name         Bytes Cycles
   333                           ; simple_byte     4     3 (average)
   334                           ; direct_byte    22    19 (fixed)
   335                           ;	Chosen strategy is simple_byte
   336                           
   337  07D9  0873               	movf (main@i+1),w
   338  07DA  3A00               	xorlw	0^0	; case 0
   339  07DB  1903               	skipnz
   340  07DC  2FDE               	goto	l1765
   341  07DD  2FE9               	goto	l951
   342                           	
   343  07DE                     l1765:	
   344                           ; Switch size 1, requested type "space"
   345                           ; Number of cases is 3, Range of values is 1 to 3
   346                           ; switch strategies available:
   347                           ; Name         Bytes Cycles
   348                           ; simple_byte    10     6 (average)
   349                           ; direct_byte    31    22 (fixed)
   350                           ;	Chosen strategy is simple_byte
   351                           
   352  07DE  0872               	movf (main@i),w
   353  07DF  3A01               	xorlw	1^0	; case 1
   354  07E0  1903               	skipnz
   355  07E1  2FCC               	goto	l562
   356  07E2  3A03               	xorlw	2^1	; case 2
   357  07E3  1903               	skipnz
   358  07E4  2FD0               	goto	l564
   359  07E5  3A01               	xorlw	3^2	; case 3
   360  07E6  1903               	skipnz
   361  07E7  2FD4               	goto	l565
   362  07E8  2FE9               	goto	l951
   363                           
   364                           	line	21
   365                           	
   366  07E9                     l563:	
   367                           	line	8
   368                           	
   369  07E9                     l951:	
   370  07E9  3001               	movlw	low(01h)
   371  07EA  07F2               	addwf	(main@i),f
   372  07EB  1803               	skipnc
   373  07EC  0AF3               	incf	(main@i+1),f
   374  07ED  3000               	movlw	high(01h)
   375  07EE  07F3               	addwf	(main@i+1),f
   376                           	
   377  07EF                     l953:	
   378  07EF  0873               	movf	(main@i+1),w
   379  07F0  3A80               	xorlw	80h
   380  07F1  00FF               	movwf	btemp+1
   381  07F2  3080               	movlw	(high(06h))^80h
   382  07F3  027F               	subwf	btemp+1,w
   383  07F4  1D03               	skipz
   384  07F5  2FF8               	goto	u45
   385  07F6  3006               	movlw	low(06h)
   386  07F7  0272               	subwf	(main@i),w
   387  07F8                     u45:
   388                           
   389  07F8  1C03               	skipc
   390  07F9  2FFB               	goto	u41
   391  07FA  2FFC               	goto	u40
   392  07FB                     u41:
   393  07FB  2FD9               	goto	l949
   394  07FC                     u40:
   395  07FC  2FFD               	goto	l566
   396                           	
   397  07FD                     l560:	
   398                           	line	23
   399                           	
   400  07FD                     l566:	
   401                           	global	start
   402  07FD  120A  118A  2800   	ljmp	start
   403                           	opt stack 0
   404                           GLOBAL	__end_of_main
   405  0800                     	__end_of_main:
   406 ;; =============== function _main ends ============
   407                           
   408                           	signat	_main,88
   409                           psect	maintext
   410                           	global	btemp
   411  007E                     	btemp set 07Eh
   412                           
   413                           	DABS	1,126,2	;btemp
   414                           	global	wtemp0
   415  007E                     	wtemp0 set btemp


HI-TECH Software PICC Macro Assembler V9.80 build 6738 
Symbol Table                                                                                   Wed Feb 21 18:46:13 2024

                  u10 07B3                    u11 07AF                    u30 07C9                    u31 07C8  
                  u40 07FC                    u24 07B6                    u41 07FB                    u35 07C5  
                  u45 07F8                   l560 07FD                   l561 07D9                   l562 07CC  
                 l563 07E9                   l564 07D0                   l565 07D4                   l566 07FD  
                 l559 07CB                   l941 07B6                   l951 07E9                   l943 07BC  
                 l935 07A7                   l953 07EF                   l945 07CA                   l937 07AA  
                 l947 07D8                   l939 07AC                   l949 07D9                   _RB0 0030  
                 _RB1 0031                   _RB2 0032                   _RB3 0033                  l1765 07DE  
                _main 07A7                  btemp 007E                  start 0000                 ?_main 0070  
               _TRISB 0086                 _TRISD 0088                 main@i 0072                 main@j 0070  
               status 0003                 wtemp0 007E          __end_of_main 0800                ??_main 0070  
      __pcstackCOMMON 0070            __pmaintext 07A7  end_of_initialization 07A3   start_initialization 07A3  
       __size_of_main 0059  
