

HI-TECH Software PIC LITE Macro Assembler V9.80 build 6738 
                                                                                               Mon Mar 18 20:04:32 2024

HI-TECH Software Omniscient Code Generator (Lite mode) build 6738
     1  0000                     opt subtitle "HI-TECH Software Omniscient Code Generator (Lite mode) build 6738"
     2                           
     3                           opt pagewidth 120
     4                           
     5                           	opt lm
     6                           
     7                           	processor	16F877A
     8                           clrc	macro
     9                           	bcf	3,0
    10  0000                     	endm
    11                           clrz	macro
    12                           	bcf	3,2
    13  0000                     	endm
    14                           setc	macro
    15                           	bsf	3,0
    16  0000                     	endm
    17                           setz	macro
    18                           	bsf	3,2
    19  0000                     	endm
    20                           skipc	macro
    21                           	btfss	3,0
    22  0000                     	endm
    23                           skipz	macro
    24                           	btfss	3,2
    25  0000                     	endm
    26                           skipnc	macro
    27                           	btfsc	3,0
    28  0000                     	endm
    29                           skipnz	macro
    30                           	btfsc	3,2
    31  0000                     	endm
    32  0000                     indf	equ	0
    33  0000                     indf0	equ	0
    34  0002                     pc	equ	2
    35  0002                     pcl	equ	2
    36  0003                     status	equ	3
    37  0004                     fsr	equ	4
    38  0004                     fsr0	equ	4
    39  0001                     c	equ	1
    40  0000                     z	equ	0
    41  000A                     pclath	equ	10
    42                           	FNCALL	_main,_lcdint
    43                           	FNCALL	_main,_lcddata
    44                           	FNCALL	_lcdint,_lcdcmd
    45                           	FNCALL	_lcdcmd,_delay
    46                           	FNCALL	_lcddata,_delay
    47                           	FNROOT	_main
    48                           	global	_PORTD
    49                           psect	text84,local,class=CODE,delta=2
    50                           global __ptext84
    51  0000                     __ptext84:
    52  0008                     _PORTD	set	8
    53                           	global	_EEIF
    54  006C                     _EEIF	set	108
    55                           	global	_RB0
    56  0030                     _RB0	set	48
    57                           	global	_RB1
    58  0031                     _RB1	set	49
    59                           	global	_RB2
    60  0032                     _RB2	set	50
    61                           	global	_TRISB
    62  0086                     _TRISB	set	134
    63                           	global	_TRISD
    64  0088                     _TRISD	set	136
    65                           	global	_EEADR
    66  010D                     _EEADR	set	269
    67                           	global	_EEDATA
    68  010C                     _EEDATA	set	268
    69                           	global	_EECON2
    70  018D                     _EECON2	set	397
    71                           	global	_EEPGD
    72  0C67                     _EEPGD	set	3175
    73                           	global	_WR
    74  0C61                     _WR	set	3169
    75                           	global	_WREN
    76  0C62                     _WREN	set	3170
    77                           	file	"program.as"
    78                           	line	#
    79                           psect cinit,class=CODE,delta=2
    80                           global start_initialization
    81  0752                     start_initialization:
    82                           
    83                           psect cinit,class=CODE,delta=2
    84                           global end_of_initialization
    85                           
    86                           ;End of C runtime variable initialization code
    87                           
    88  0752                     end_of_initialization:
    89  0752  0183               clrf status
    90  0753  120A  118A  2FC9   ljmp _main	;jump to C main() function
    91                           psect	cstackCOMMON,class=COMMON,space=1
    92                           global __pcstackCOMMON
    93  0070                     __pcstackCOMMON:
    94                           	global	?_lcdint
    95  0070                     ?_lcdint:	; 0 bytes @ 0x0
    96                           	global	?_lcddata
    97  0070                     ?_lcddata:	; 0 bytes @ 0x0
    98                           	global	?_lcdcmd
    99  0070                     ?_lcdcmd:	; 0 bytes @ 0x0
   100                           	global	?_delay
   101  0070                     ?_delay:	; 0 bytes @ 0x0
   102                           	global	??_delay
   103  0070                     ??_delay:	; 0 bytes @ 0x0
   104                           	global	?_main
   105  0070                     ?_main:	; 0 bytes @ 0x0
   106                           	global	delay@i
   107  0070                     delay@i:	; 2 bytes @ 0x0
   108  0070                     	ds	2
   109                           	global	??_lcddata
   110  0072                     ??_lcddata:	; 0 bytes @ 0x2
   111                           	global	??_lcdcmd
   112  0072                     ??_lcdcmd:	; 0 bytes @ 0x2
   113                           	global	lcdcmd@a
   114  0072                     lcdcmd@a:	; 1 bytes @ 0x2
   115                           	global	lcddata@h
   116  0072                     lcddata@h:	; 1 bytes @ 0x2
   117  0072                     	ds	1
   118                           	global	??_lcdint
   119  0073                     ??_lcdint:	; 0 bytes @ 0x3
   120                           	global	??_main
   121  0073                     ??_main:	; 0 bytes @ 0x3
   122  0073                     	ds	1
   123                           	global	main@h
   124  0074                     main@h:	; 1 bytes @ 0x4
   125  0074                     	ds	1
   126 ;;Data sizes: Strings 0, constant 0, data 0, bss 0, persistent 0 stack 0
   127 ;;Auto spaces:   Size  Autos    Used
   128 ;; COMMON          14      5       5
   129 ;; BANK0           80      0       0
   130 ;; BANK1           80      0       0
   131 ;; BANK3           96      0       0
   132 ;; BANK2           96      0       0
   133                           
   134 ;;
   135 ;; Pointer list with targets:
   136                           
   137                           
   138                           
   139 ;;
   140 ;; Critical Paths under _main in COMMON
   141 ;;
   142 ;;   _main->_lcddata
   143 ;;   _lcdint->_lcdcmd
   144 ;;   _lcdcmd->_delay
   145 ;;   _lcddata->_delay
   146 ;;
   147 ;; Critical Paths under _main in BANK0
   148 ;;
   149 ;;   None.
   150 ;;
   151 ;; Critical Paths under _main in BANK1
   152 ;;
   153 ;;   None.
   154 ;;
   155 ;; Critical Paths under _main in BANK3
   156 ;;
   157 ;;   None.
   158 ;;
   159 ;; Critical Paths under _main in BANK2
   160 ;;
   161 ;;   None.
   162                           
   163 ;;
   164 ;;Main: autosize = 0, tempsize = 1, incstack = 0, save=0
   165 ;;
   166                           
   167 ;;
   168 ;;Call Graph Tables:
   169 ;;
   170 ;; ---------------------------------------------------------------------------------
   171 ;; (Depth) Function   	        Calls       Base Space   Used Autos Params    Refs
   172 ;; ---------------------------------------------------------------------------------
   173 ;; (0) _main                                                 2     2      0     105
   174 ;;                                              3 COMMON     2     2      0
   175 ;;                             _lcdint
   176 ;;                            _lcddata
   177 ;; ---------------------------------------------------------------------------------
   178 ;; (1) _lcdint                                               0     0      0      45
   179 ;;                             _lcdcmd
   180 ;; ---------------------------------------------------------------------------------
   181 ;; (2) _lcdcmd                                               1     1      0      45
   182 ;;                                              2 COMMON     1     1      0
   183 ;;                              _delay
   184 ;; ---------------------------------------------------------------------------------
   185 ;; (1) _lcddata                                              1     1      0      45
   186 ;;                                              2 COMMON     1     1      0
   187 ;;                              _delay
   188 ;; ---------------------------------------------------------------------------------
   189 ;; (2) _delay                                                2     2      0      30
   190 ;;                                              0 COMMON     2     2      0
   191 ;; ---------------------------------------------------------------------------------
   192 ;; Estimated maximum stack depth 2
   193 ;; ---------------------------------------------------------------------------------
   194                           
   195 ;; Call Graph Graphs:
   196                           
   197 ;; _main (ROOT)
   198 ;;   _lcdint
   199 ;;     _lcdcmd
   200 ;;       _delay
   201 ;;   _lcddata
   202 ;;     _delay
   203 ;;
   204                           
   205 ;; Address spaces:
   206                           
   207 ;;Name               Size   Autos  Total    Cost      Usage
   208 ;;BITCOMMON            E      0       0       0        0.0%
   209 ;;EEDATA             100      0       0       0        0.0%
   210 ;;NULL                 0      0       0       0        0.0%
   211 ;;CODE                 0      0       0       0        0.0%
   212 ;;COMMON               E      5       5       1       35.7%
   213 ;;BITSFR0              0      0       0       1        0.0%
   214 ;;SFR0                 0      0       0       1        0.0%
   215 ;;BITSFR1              0      0       0       2        0.0%
   216 ;;SFR1                 0      0       0       2        0.0%
   217 ;;STACK                0      0       3       2        0.0%
   218 ;;ABS                  0      0       0       3        0.0%
   219 ;;BITBANK0            50      0       0       4        0.0%
   220 ;;BITSFR3              0      0       0       4        0.0%
   221 ;;SFR3                 0      0       0       4        0.0%
   222 ;;BANK0               50      0       0       5        0.0%
   223 ;;BITSFR2              0      0       0       5        0.0%
   224 ;;SFR2                 0      0       0       5        0.0%
   225 ;;BITBANK1            50      0       0       6        0.0%
   226 ;;BANK1               50      0       0       7        0.0%
   227 ;;BITBANK3            60      0       0       8        0.0%
   228 ;;BANK3               60      0       0       9        0.0%
   229 ;;BITBANK2            60      0       0      10        0.0%
   230 ;;BANK2               60      0       0      11        0.0%
   231 ;;DATA                 0      0       0      12        0.0%
   232                           
   233                           	global	_main
   234                           psect	maintext,global,class=CODE,delta=2
   235                           global __pmaintext
   236  07C9                     __pmaintext:
   237                           
   238 ;; *************** function _main *****************
   239 ;; Defined at:
   240 ;;		line 8 in file "E:\sai em pic\eeprom\program.c"
   241 ;; Parameters:    Size  Location     Type
   242 ;;		None
   243 ;; Auto vars:     Size  Location     Type
   244 ;;  h               1    4[COMMON] unsigned char 
   245 ;; Return value:  Size  Location     Type
   246 ;;		None               void
   247 ;; Registers used:
   248 ;;		wreg, status,2, status,0, btemp+1, pclath, cstack
   249 ;; Tracked objects:
   250 ;;		On entry : 17F/0
   251 ;;		On exit  : 0/0
   252 ;;		Unchanged: 0/0
   253 ;; Data sizes:     COMMON   BANK0   BANK1   BANK3   BANK2
   254 ;;      Params:         0       0       0       0       0
   255 ;;      Locals:         1       0       0       0       0
   256 ;;      Temps:          1       0       0       0       0
   257 ;;      Totals:         2       0       0       0       0
   258 ;;Total ram usage:        2 bytes
   259 ;; Hardware stack levels required when called:    3
   260 ;; This function calls:
   261 ;;		_lcdint
   262 ;;		_lcddata
   263 ;; This function is called by:
   264 ;;		Startup code after reset
   265 ;; This function uses a non-reentrant model
   266 ;;
   267                           psect	maintext
   268                           	file	"E:\sai em pic\eeprom\program.c"
   269                           	line	8
   270                           	global	__size_of_main
   271  0037                     	__size_of_main	equ	__end_of_main-_main
   272                           	
   273  07C9                     _main:	
   274                           	opt	stack 5
   275                           ; Regs used in _main: [wreg+status,2+status,0+btemp+1+pclath+cstack]
   276                           	line	9
   277                           	
   278  07C9                     l1782:	
   279                           ;program.c: 9: TRISB=0;
   280  07C9  1683               	bsf	status, 5	;RP0=1, select bank1
   281  07CA  1303               	bcf	status, 6	;RP1=0, select bank1
   282  07CB  0186               	clrf	(134)^080h	;volatile
   283                           	line	10
   284                           ;program.c: 10: TRISD=0;
   285  07CC  0188               	clrf	(136)^080h	;volatile
   286                           	line	11
   287                           ;program.c: 11: PORTD=0X00;
   288  07CD  1283               	bcf	status, 5	;RP0=0, select bank0
   289  07CE  1303               	bcf	status, 6	;RP1=0, select bank0
   290  07CF  0188               	clrf	(8)	;volatile
   291                           	line	13
   292                           ;program.c: 13: EEADR=0X00;
   293  07D0  1283               	bcf	status, 5	;RP0=0, select bank2
   294  07D1  1703               	bsf	status, 6	;RP1=1, select bank2
   295  07D2  018D               	clrf	(269)^0100h	;volatile
   296                           	line	14
   297                           	
   298  07D3                     l1784:	
   299                           ;program.c: 14: EEDATA='b';
   300  07D3  3062               	movlw	(062h)
   301  07D4  008C               	movwf	(268)^0100h	;volatile
   302                           	line	15
   303                           	
   304  07D5                     l1786:	
   305                           ;program.c: 15: EEPGD=0;
   306  07D5  1683               	bsf	status, 5	;RP0=1, select bank3
   307  07D6  1703               	bsf	status, 6	;RP1=1, select bank3
   308  07D7  138C               	bcf	(3175/8)^0180h,(3175)&7
   309                           	line	16
   310                           	
   311  07D8                     l1788:	
   312                           ;program.c: 16: WREN=1;
   313  07D8  150C               	bsf	(3170/8)^0180h,(3170)&7
   314                           	line	18
   315                           	
   316  07D9                     l1790:	
   317                           ;program.c: 18: EECON2=0X55;
   318  07D9  3055               	movlw	(055h)
   319  07DA  008D               	movwf	(397)^0180h	;volatile
   320                           	line	19
   321                           	
   322  07DB                     l1792:	
   323                           ;program.c: 19: EECON2=0XAA;
   324  07DB  30AA               	movlw	(0AAh)
   325  07DC  008D               	movwf	(397)^0180h	;volatile
   326                           	line	20
   327                           	
   328  07DD                     l1794:	
   329                           ;program.c: 20: WR=1;
   330  07DD  148C               	bsf	(3169/8)^0180h,(3169)&7
   331                           	line	21
   332                           ;program.c: 21: while(EEIF==0);
   333  07DE  2FDF               	goto	l567
   334                           	
   335  07DF                     l568:	
   336                           	
   337  07DF                     l567:	
   338  07DF  1283               	bcf	status, 5	;RP0=0, select bank0
   339  07E0  1303               	bcf	status, 6	;RP1=0, select bank0
   340  07E1  1E0D               	btfss	(108/8),(108)&7
   341  07E2  2FE4               	goto	u2161
   342  07E3  2FE5               	goto	u2160
   343  07E4                     u2161:
   344  07E4  2FDF               	goto	l567
   345  07E5                     u2160:
   346                           	
   347  07E5                     l569:	
   348                           	line	22
   349                           ;program.c: 22: EEIF==0;
   350                           	line	23
   351                           ;program.c: 23: WREN=0;
   352  07E5  1683               	bsf	status, 5	;RP0=1, select bank3
   353  07E6  1703               	bsf	status, 6	;RP1=1, select bank3
   354  07E7  110C               	bcf	(3170/8)^0180h,(3170)&7
   355                           	line	24
   356                           ;program.c: 24: WR=0;
   357  07E8  108C               	bcf	(3169/8)^0180h,(3169)&7
   358                           	line	26
   359                           	
   360  07E9                     l1796:	
   361                           ;program.c: 25: char h;
   362                           ;program.c: 26: h=EEDATA;
   363  07E9  1283               	bcf	status, 5	;RP0=0, select bank2
   364  07EA  1703               	bsf	status, 6	;RP1=1, select bank2
   365  07EB  080C               	movf	(268)^0100h,w	;volatile
   366  07EC  00F3               	movwf	(??_main+0)+0
   367  07ED  0873               	movf	(??_main+0)+0,w
   368  07EE  00F4               	movwf	(main@h)
   369                           	line	28
   370                           	
   371  07EF                     l1798:	
   372                           ;program.c: 28: lcdint();
   373  07EF  120A  118A  2782   	fcall	_lcdint
              120A  118A         
   374  07F4  2FF5               	goto	l1800
   375                           	line	29
   376                           ;program.c: 29: while(1)
   377                           	
   378  07F5                     l570:	
   379                           	line	31
   380                           	
   381  07F5                     l1800:	
   382                           ;program.c: 30: {
   383                           ;program.c: 31: lcddata(h);
   384  07F5  0874               	movf	(main@h),w
   385  07F6  120A  118A  2756   	fcall	_lcddata
              120A  118A         
   386  07FB  2FF5               	goto	l1800
   387                           	line	33
   388                           	
   389  07FC                     l571:	
   390                           	line	29
   391  07FC  2FF5               	goto	l1800
   392                           	
   393  07FD                     l572:	
   394                           	line	34
   395                           	
   396  07FD                     l573:	
   397                           	global	start
   398  07FD  120A  118A  2800   	ljmp	start
   399                           	opt stack 0
   400                           GLOBAL	__end_of_main
   401  0800                     	__end_of_main:
   402 ;; =============== function _main ends ============
   403                           
   404                           	signat	_main,88
   405                           	global	_lcdint
   406                           psect	text85,local,class=CODE,delta=2
   407                           global __ptext85
   408  0782                     __ptext85:
   409                           
   410 ;; *************** function _lcdint *****************
   411 ;; Defined at:
   412 ;;		line 39 in file "E:\sai em pic\eeprom\program.c"
   413 ;; Parameters:    Size  Location     Type
   414 ;;		None
   415 ;; Auto vars:     Size  Location     Type
   416 ;;		None
   417 ;; Return value:  Size  Location     Type
   418 ;;		None               void
   419 ;; Registers used:
   420 ;;		wreg, status,2, status,0, btemp+1, pclath, cstack
   421 ;; Tracked objects:
   422 ;;		On entry : 0/0
   423 ;;		On exit  : 0/0
   424 ;;		Unchanged: 0/0
   425 ;; Data sizes:     COMMON   BANK0   BANK1   BANK3   BANK2
   426 ;;      Params:         0       0       0       0       0
   427 ;;      Locals:         0       0       0       0       0
   428 ;;      Temps:          0       0       0       0       0
   429 ;;      Totals:         0       0       0       0       0
   430 ;;Total ram usage:        0 bytes
   431 ;; Hardware stack levels used:    1
   432 ;; Hardware stack levels required when called:    2
   433 ;; This function calls:
   434 ;;		_lcdcmd
   435 ;; This function is called by:
   436 ;;		_main
   437 ;; This function uses a non-reentrant model
   438 ;;
   439                           psect	text85
   440                           	file	"E:\sai em pic\eeprom\program.c"
   441                           	line	39
   442                           	global	__size_of_lcdint
   443  001F                     	__size_of_lcdint	equ	__end_of_lcdint-_lcdint
   444                           	
   445  0782                     _lcdint:	
   446                           	opt	stack 5
   447                           ; Regs used in _lcdint: [wreg+status,2+status,0+btemp+1+pclath+cstack]
   448                           	line	40
   449                           	
   450  0782                     l1780:	
   451                           ;program.c: 40: lcdcmd(0X02);
   452  0782  3002               	movlw	(02h)
   453  0783  120A  118A  276C   	fcall	_lcdcmd
              120A  118A         
   454                           	line	42
   455                           ;program.c: 42: lcdcmd(0X0C);
   456  0788  300C               	movlw	(0Ch)
   457  0789  120A  118A  276C   	fcall	_lcdcmd
              120A  118A         
   458                           	line	43
   459                           ;program.c: 43: lcdcmd(0X06);
   460  078E  3006               	movlw	(06h)
   461  078F  120A  118A  276C   	fcall	_lcdcmd
              120A  118A         
   462                           	line	44
   463                           ;program.c: 44: lcdcmd(0X01);
   464  0794  3001               	movlw	(01h)
   465  0795  120A  118A  276C   	fcall	_lcdcmd
              120A  118A         
   466                           	line	45
   467                           ;program.c: 45: lcdcmd(0X81);
   468  079A  3081               	movlw	(081h)
   469  079B  120A  118A  276C   	fcall	_lcdcmd
              120A  118A         
   470                           	line	46
   471                           	
   472  07A0                     l576:	
   473  07A0  0008               	return
   474                           	opt stack 0
   475                           GLOBAL	__end_of_lcdint
   476  07A1                     	__end_of_lcdint:
   477 ;; =============== function _lcdint ends ============
   478                           
   479                           	signat	_lcdint,88
   480                           	global	_lcdcmd
   481                           psect	text86,local,class=CODE,delta=2
   482                           global __ptext86
   483  076C                     __ptext86:
   484                           
   485 ;; *************** function _lcdcmd *****************
   486 ;; Defined at:
   487 ;;		line 50 in file "E:\sai em pic\eeprom\program.c"
   488 ;; Parameters:    Size  Location     Type
   489 ;;  a               1    wreg     unsigned char 
   490 ;; Auto vars:     Size  Location     Type
   491 ;;  a               1    2[COMMON] unsigned char 
   492 ;; Return value:  Size  Location     Type
   493 ;;		None               void
   494 ;; Registers used:
   495 ;;		wreg, status,2, status,0, btemp+1, pclath, cstack
   496 ;; Tracked objects:
   497 ;;		On entry : 0/0
   498 ;;		On exit  : 0/0
   499 ;;		Unchanged: 0/0
   500 ;; Data sizes:     COMMON   BANK0   BANK1   BANK3   BANK2
   501 ;;      Params:         0       0       0       0       0
   502 ;;      Locals:         1       0       0       0       0
   503 ;;      Temps:          0       0       0       0       0
   504 ;;      Totals:         1       0       0       0       0
   505 ;;Total ram usage:        1 bytes
   506 ;; Hardware stack levels used:    1
   507 ;; Hardware stack levels required when called:    1
   508 ;; This function calls:
   509 ;;		_delay
   510 ;; This function is called by:
   511 ;;		_lcdint
   512 ;; This function uses a non-reentrant model
   513 ;;
   514                           psect	text86
   515                           	file	"E:\sai em pic\eeprom\program.c"
   516                           	line	50
   517                           	global	__size_of_lcdcmd
   518  0016                     	__size_of_lcdcmd	equ	__end_of_lcdcmd-_lcdcmd
   519                           	
   520  076C                     _lcdcmd:	
   521                           	opt	stack 5
   522                           ; Regs used in _lcdcmd: [wreg+status,2+status,0+btemp+1+pclath+cstack]
   523                           ;lcdcmd@a stored from wreg
   524  076C  00F2               	movwf	(lcdcmd@a)
   525                           	line	51
   526                           	
   527  076D                     l1766:	
   528                           ;program.c: 51: PORTD=a;
   529  076D  0872               	movf	(lcdcmd@a),w
   530  076E  1283               	bcf	status, 5	;RP0=0, select bank0
   531  076F  1303               	bcf	status, 6	;RP1=0, select bank0
   532  0770  0088               	movwf	(8)	;volatile
   533                           	line	52
   534                           	
   535  0771                     l1768:	
   536                           ;program.c: 52: RB0=0;
   537  0771  1006               	bcf	(48/8),(48)&7
   538                           	line	53
   539                           	
   540  0772                     l1770:	
   541                           ;program.c: 53: RB1=0;
   542  0772  1086               	bcf	(49/8),(49)&7
   543                           	line	54
   544                           	
   545  0773                     l1772:	
   546                           ;program.c: 54: RB2=1;
   547  0773  1506               	bsf	(50/8),(50)&7
   548                           	line	55
   549                           	
   550  0774                     l1774:	
   551                           ;program.c: 55: delay();
   552  0774  120A  118A  27A1   	fcall	_delay
              120A  118A         
   553                           	line	56
   554                           	
   555  0779                     l1776:	
   556                           ;program.c: 56: RB2=0;
   557  0779  1283               	bcf	status, 5	;RP0=0, select bank0
   558  077A  1303               	bcf	status, 6	;RP1=0, select bank0
   559  077B  1106               	bcf	(50/8),(50)&7
   560                           	line	57
   561                           	
   562  077C                     l1778:	
   563                           ;program.c: 57: delay();
   564  077C  120A  118A  27A1   	fcall	_delay
              120A  118A         
   565                           	line	58
   566                           	
   567  0781                     l579:	
   568  0781  0008               	return
   569                           	opt stack 0
   570                           GLOBAL	__end_of_lcdcmd
   571  0782                     	__end_of_lcdcmd:
   572 ;; =============== function _lcdcmd ends ============
   573                           
   574                           	signat	_lcdcmd,4216
   575                           	global	_lcddata
   576                           psect	text87,local,class=CODE,delta=2
   577                           global __ptext87
   578  0756                     __ptext87:
   579                           
   580 ;; *************** function _lcddata *****************
   581 ;; Defined at:
   582 ;;		line 61 in file "E:\sai em pic\eeprom\program.c"
   583 ;; Parameters:    Size  Location     Type
   584 ;;  h               1    wreg     unsigned char 
   585 ;; Auto vars:     Size  Location     Type
   586 ;;  h               1    2[COMMON] unsigned char 
   587 ;; Return value:  Size  Location     Type
   588 ;;		None               void
   589 ;; Registers used:
   590 ;;		wreg, status,2, status,0, btemp+1, pclath, cstack
   591 ;; Tracked objects:
   592 ;;		On entry : 0/0
   593 ;;		On exit  : 0/0
   594 ;;		Unchanged: 0/0
   595 ;; Data sizes:     COMMON   BANK0   BANK1   BANK3   BANK2
   596 ;;      Params:         0       0       0       0       0
   597 ;;      Locals:         1       0       0       0       0
   598 ;;      Temps:          0       0       0       0       0
   599 ;;      Totals:         1       0       0       0       0
   600 ;;Total ram usage:        1 bytes
   601 ;; Hardware stack levels used:    1
   602 ;; Hardware stack levels required when called:    1
   603 ;; This function calls:
   604 ;;		_delay
   605 ;; This function is called by:
   606 ;;		_main
   607 ;; This function uses a non-reentrant model
   608 ;;
   609                           psect	text87
   610                           	file	"E:\sai em pic\eeprom\program.c"
   611                           	line	61
   612                           	global	__size_of_lcddata
   613  0016                     	__size_of_lcddata	equ	__end_of_lcddata-_lcddata
   614                           	
   615  0756                     _lcddata:	
   616                           	opt	stack 6
   617                           ; Regs used in _lcddata: [wreg+status,2+status,0+btemp+1+pclath+cstack]
   618                           ;lcddata@h stored from wreg
   619  0756  00F2               	movwf	(lcddata@h)
   620                           	line	62
   621                           	
   622  0757                     l1752:	
   623                           ;program.c: 62: PORTD=h;
   624  0757  0872               	movf	(lcddata@h),w
   625  0758  1283               	bcf	status, 5	;RP0=0, select bank0
   626  0759  1303               	bcf	status, 6	;RP1=0, select bank0
   627  075A  0088               	movwf	(8)	;volatile
   628                           	line	63
   629                           	
   630  075B                     l1754:	
   631                           ;program.c: 63: RB0=1;
   632  075B  1406               	bsf	(48/8),(48)&7
   633                           	line	64
   634                           	
   635  075C                     l1756:	
   636                           ;program.c: 64: RB1=0;
   637  075C  1086               	bcf	(49/8),(49)&7
   638                           	line	65
   639                           	
   640  075D                     l1758:	
   641                           ;program.c: 65: RB2=1;
   642  075D  1506               	bsf	(50/8),(50)&7
   643                           	line	66
   644                           	
   645  075E                     l1760:	
   646                           ;program.c: 66: delay();
   647  075E  120A  118A  27A1   	fcall	_delay
              120A  118A         
   648                           	line	67
   649                           	
   650  0763                     l1762:	
   651                           ;program.c: 67: RB2=0;
   652  0763  1283               	bcf	status, 5	;RP0=0, select bank0
   653  0764  1303               	bcf	status, 6	;RP1=0, select bank0
   654  0765  1106               	bcf	(50/8),(50)&7
   655                           	line	68
   656                           	
   657  0766                     l1764:	
   658                           ;program.c: 68: delay();
   659  0766  120A  118A  27A1   	fcall	_delay
              120A  118A         
   660                           	line	69
   661                           	
   662  076B                     l582:	
   663  076B  0008               	return
   664                           	opt stack 0
   665                           GLOBAL	__end_of_lcddata
   666  076C                     	__end_of_lcddata:
   667 ;; =============== function _lcddata ends ============
   668                           
   669                           	signat	_lcddata,4216
   670                           	global	_delay
   671                           psect	text88,local,class=CODE,delta=2
   672                           global __ptext88
   673  07A1                     __ptext88:
   674                           
   675 ;; *************** function _delay *****************
   676 ;; Defined at:
   677 ;;		line 72 in file "E:\sai em pic\eeprom\program.c"
   678 ;; Parameters:    Size  Location     Type
   679 ;;		None
   680 ;; Auto vars:     Size  Location     Type
   681 ;;  i               2    0[COMMON] int 
   682 ;; Return value:  Size  Location     Type
   683 ;;		None               void
   684 ;; Registers used:
   685 ;;		wreg, btemp+1
   686 ;; Tracked objects:
   687 ;;		On entry : 0/0
   688 ;;		On exit  : 0/0
   689 ;;		Unchanged: 0/0
   690 ;; Data sizes:     COMMON   BANK0   BANK1   BANK3   BANK2
   691 ;;      Params:         0       0       0       0       0
   692 ;;      Locals:         2       0       0       0       0
   693 ;;      Temps:          0       0       0       0       0
   694 ;;      Totals:         2       0       0       0       0
   695 ;;Total ram usage:        2 bytes
   696 ;; Hardware stack levels used:    1
   697 ;; This function calls:
   698 ;;		Nothing
   699 ;; This function is called by:
   700 ;;		_lcdcmd
   701 ;;		_lcddata
   702 ;; This function uses a non-reentrant model
   703 ;;
   704                           psect	text88
   705                           	file	"E:\sai em pic\eeprom\program.c"
   706                           	line	72
   707                           	global	__size_of_delay
   708  0028                     	__size_of_delay	equ	__end_of_delay-_delay
   709                           	
   710  07A1                     _delay:	
   711                           	opt	stack 6
   712                           ; Regs used in _delay: [wreg+btemp+1]
   713                           	line	73
   714                           	
   715  07A1                     l956:	
   716                           ;program.c: 73: for(int i=0;i<=3000;i++);
   717  07A1  3000               	movlw	low(0)
   718  07A2  00F0               	movwf	(delay@i)
   719  07A3  3000               	movlw	high(0)
   720  07A4  00F1               	movwf	((delay@i))+1
   721                           	
   722  07A5                     l958:	
   723  07A5  0871               	movf	(delay@i+1),w
   724  07A6  3A80               	xorlw	80h
   725  07A7  00FF               	movwf	btemp+1
   726  07A8  308B               	movlw	(high(0BB9h))^80h
   727  07A9  027F               	subwf	btemp+1,w
   728  07AA  1D03               	skipz
   729  07AB  2FAE               	goto	u15
   730  07AC  30B9               	movlw	low(0BB9h)
   731  07AD  0270               	subwf	(delay@i),w
   732  07AE                     u15:
   733                           
   734  07AE  1C03               	skipc
   735  07AF  2FB1               	goto	u11
   736  07B0  2FB2               	goto	u10
   737  07B1                     u11:
   738  07B1  2FB4               	goto	l962
   739  07B2                     u10:
   740  07B2  2FC8               	goto	l587
   741                           	
   742  07B3                     l960:	
   743  07B3  2FC8               	goto	l587
   744                           	
   745  07B4                     l585:	
   746                           	
   747  07B4                     l962:	
   748  07B4  3001               	movlw	low(01h)
   749  07B5  07F0               	addwf	(delay@i),f
   750  07B6  1803               	skipnc
   751  07B7  0AF1               	incf	(delay@i+1),f
   752  07B8  3000               	movlw	high(01h)
   753  07B9  07F1               	addwf	(delay@i+1),f
   754                           	
   755  07BA                     l964:	
   756  07BA  0871               	movf	(delay@i+1),w
   757  07BB  3A80               	xorlw	80h
   758  07BC  00FF               	movwf	btemp+1
   759  07BD  308B               	movlw	(high(0BB9h))^80h
   760  07BE  027F               	subwf	btemp+1,w
   761  07BF  1D03               	skipz
   762  07C0  2FC3               	goto	u25
   763  07C1  30B9               	movlw	low(0BB9h)
   764  07C2  0270               	subwf	(delay@i),w
   765  07C3                     u25:
   766                           
   767  07C3  1C03               	skipc
   768  07C4  2FC6               	goto	u21
   769  07C5  2FC7               	goto	u20
   770  07C6                     u21:
   771  07C6  2FB4               	goto	l962
   772  07C7                     u20:
   773  07C7  2FC8               	goto	l587
   774                           	
   775  07C8                     l586:	
   776                           	line	74
   777                           	
   778  07C8                     l587:	
   779  07C8  0008               	return
   780                           	opt stack 0
   781                           GLOBAL	__end_of_delay
   782  07C9                     	__end_of_delay:
   783 ;; =============== function _delay ends ============
   784                           
   785                           	signat	_delay,88
   786                           psect	text89,local,class=CODE,delta=2
   787                           global __ptext89
   788  0000                     __ptext89:
   789                           	global	btemp
   790  007E                     	btemp set 07Eh
   791                           
   792                           	DABS	1,126,2	;btemp
   793                           	global	wtemp0
   794  007E                     	wtemp0 set btemp


HI-TECH Software PICC Macro Assembler V9.80 build 6738 
Symbol Table                                                                                   Mon Mar 18 20:04:32 2024

                  u10 07B2                    u11 07B1                    u20 07C7                    u21 07C6  
                  u15 07AE                    u25 07C3                    _WR 0C61                   l570 07F5  
                 l571 07FC                   l572 07FD                   l573 07FD                   l582 076B  
                 l567 07DF                   l576 07A0                   l568 07DF                   l585 07B4  
                 l569 07E5                   l586 07C8                   l587 07C8                   l579 0781  
                 l960 07B3                   l962 07B4                   l964 07BA                   l956 07A1  
                 l958 07A5                   _RB0 0030                   _RB1 0031                   _RB2 0032  
                l1800 07F5                  l1760 075E                  l1752 0757                  l1762 0763  
                l1754 075B                  l1770 0772                  l1764 0766                  l1756 075C  
                l1772 0773                  l1780 0782                  l1758 075D                  l1774 0774  
                l1766 076D                  l1790 07D9                  l1782 07C9                  l1776 0779  
                l1768 0771                  l1792 07DB                  l1784 07D3                  l1778 077C  
                l1794 07DD                  l1786 07D5                  l1796 07E9                  l1788 07D8  
                l1798 07EF                  _EEIF 006C                  u2160 07E5                  u2161 07E4  
                _WREN 0C62                  _main 07C9                  btemp 007E                  start 0000  
               ?_main 0070                 _EEADR 010D                 _EEPGD 0C67                 _PORTD 0008  
               _TRISB 0086                 _TRISD 0088       __end_of_lcddata 076C                 _delay 07A1  
               main@h 0074                 status 0003                 wtemp0 007E          __end_of_main 0800  
              ??_main 0073                ?_delay 0070                _EEDATA 010C                _EECON2 018D  
              _lcdcmd 076C                _lcdint 0782                delay@i 0070             ??_lcddata 0072  
      __pcstackCOMMON 0070         __end_of_delay 07C9               ??_delay 0070            __pmaintext 07C9  
             ?_lcdcmd 0070               ?_lcdint 0070       __size_of_lcdcmd 0016       __size_of_lcdint 001F  
             _lcddata 0756               lcdcmd@a 0072  end_of_initialization 0752        __end_of_lcdcmd 0782  
      __end_of_lcdint 07A1   start_initialization 0752              ??_lcdcmd 0072              ??_lcdint 0073  
            ?_lcddata 0070        __size_of_delay 0028      __size_of_lcddata 0016              __ptext84 0000  
            __ptext85 0782              __ptext86 076C              __ptext87 0756              __ptext88 07A1  
            __ptext89 0000         __size_of_main 0037              lcddata@h 0072  
