

HI-TECH Software PIC LITE Macro Assembler V9.80 build 6738 
                                                                                               Sat Feb 24 15:28:41 2024

HI-TECH Software Omniscient Code Generator (Lite mode) build 6738
     1  0000                     opt subtitle "HI-TECH Software Omniscient Code Generator (Lite mode) build 6738"
     2                           
     3                           opt pagewidth 120
     4                           
     5                           	opt lm
     6                           
     7                           	processor	16F877A
     8                           clrc	macro
     9                           	bcf	3,0
    10  0000                     	endm
    11                           clrz	macro
    12                           	bcf	3,2
    13  0000                     	endm
    14                           setc	macro
    15                           	bsf	3,0
    16  0000                     	endm
    17                           setz	macro
    18                           	bsf	3,2
    19  0000                     	endm
    20                           skipc	macro
    21                           	btfss	3,0
    22  0000                     	endm
    23                           skipz	macro
    24                           	btfss	3,2
    25  0000                     	endm
    26                           skipnc	macro
    27                           	btfsc	3,0
    28  0000                     	endm
    29                           skipnz	macro
    30                           	btfsc	3,2
    31  0000                     	endm
    32  0000                     indf	equ	0
    33  0000                     indf0	equ	0
    34  0002                     pc	equ	2
    35  0002                     pcl	equ	2
    36  0003                     status	equ	3
    37  0004                     fsr	equ	4
    38  0004                     fsr0	equ	4
    39  0001                     c	equ	1
    40  0000                     z	equ	0
    41  000A                     pclath	equ	10
    42                           	FNCALL	_main,_adc
    43                           	FNCALL	_adc,_delay
    44                           	FNROOT	_main
    45                           	global	_ADCON0
    46                           psect	text66,local,class=CODE,delta=2
    47                           global __ptext66
    48  0000                     __ptext66:
    49  001F                     _ADCON0	set	31
    50                           	global	_ADRESH
    51  001E                     _ADRESH	set	30
    52                           	global	_PORTD
    53  0008                     _PORTD	set	8
    54                           	global	_GODONE
    55  00FA                     _GODONE	set	250
    56                           	global	_ADCON1
    57  009F                     _ADCON1	set	159
    58                           	global	_ADRESL
    59  009E                     _ADRESL	set	158
    60                           	global	_TRISA
    61  0085                     _TRISA	set	133
    62                           	global	_TRISD
    63  0088                     _TRISD	set	136
    64                           	file	"program.as"
    65                           	line	#
    66                           psect cinit,class=CODE,delta=2
    67                           global start_initialization
    68  0787                     start_initialization:
    69                           
    70                           psect cinit,class=CODE,delta=2
    71                           global end_of_initialization
    72                           
    73                           ;End of C runtime variable initialization code
    74                           
    75  0787                     end_of_initialization:
    76  0787  0183               clrf status
    77  0788  120A  118A  2F8B   ljmp _main	;jump to C main() function
    78                           psect	cstackCOMMON,class=COMMON,space=1
    79                           global __pcstackCOMMON
    80  0070                     __pcstackCOMMON:
    81                           	global	?_delay
    82  0070                     ?_delay:	; 0 bytes @ 0x0
    83                           	global	??_delay
    84  0070                     ??_delay:	; 0 bytes @ 0x0
    85                           	global	?_main
    86  0070                     ?_main:	; 0 bytes @ 0x0
    87                           	global	delay@i
    88  0070                     delay@i:	; 2 bytes @ 0x0
    89  0070                     	ds	2
    90                           	global	?_adc
    91  0072                     ?_adc:	; 2 bytes @ 0x2
    92  0072                     	ds	2
    93                           	global	??_adc
    94  0074                     ??_adc:	; 0 bytes @ 0x4
    95  0074                     	ds	2
    96                           	global	??_main
    97  0076                     ??_main:	; 0 bytes @ 0x6
    98 ;;Data sizes: Strings 0, constant 0, data 0, bss 0, persistent 0 stack 0
    99 ;;Auto spaces:   Size  Autos    Used
   100 ;; COMMON          14      6       6
   101 ;; BANK0           80      0       0
   102 ;; BANK1           80      0       0
   103 ;; BANK3           96      0       0
   104 ;; BANK2           96      0       0
   105                           
   106 ;;
   107 ;; Pointer list with targets:
   108                           
   109 ;; ?_adc	int  size(1) Largest target is 0
   110 ;;
   111                           
   112                           
   113 ;;
   114 ;; Critical Paths under _main in COMMON
   115 ;;
   116 ;;   _main->_adc
   117 ;;   _adc->_delay
   118 ;;
   119 ;; Critical Paths under _main in BANK0
   120 ;;
   121 ;;   None.
   122 ;;
   123 ;; Critical Paths under _main in BANK1
   124 ;;
   125 ;;   None.
   126 ;;
   127 ;; Critical Paths under _main in BANK3
   128 ;;
   129 ;;   None.
   130 ;;
   131 ;; Critical Paths under _main in BANK2
   132 ;;
   133 ;;   None.
   134                           
   135 ;;
   136 ;;Main: autosize = 0, tempsize = 0, incstack = 0, save=0
   137 ;;
   138                           
   139 ;;
   140 ;;Call Graph Tables:
   141 ;;
   142 ;; ---------------------------------------------------------------------------------
   143 ;; (Depth) Function   	        Calls       Base Space   Used Autos Params    Refs
   144 ;; ---------------------------------------------------------------------------------
   145 ;; (0) _main                                                 0     0      0      30
   146 ;;                                _adc
   147 ;; ---------------------------------------------------------------------------------
   148 ;; (1) _adc                                                  4     2      2      30
   149 ;;                                              2 COMMON     4     2      2
   150 ;;                              _delay
   151 ;; ---------------------------------------------------------------------------------
   152 ;; (2) _delay                                                2     2      0      30
   153 ;;                                              0 COMMON     2     2      0
   154 ;; ---------------------------------------------------------------------------------
   155 ;; Estimated maximum stack depth 2
   156 ;; ---------------------------------------------------------------------------------
   157                           
   158 ;; Call Graph Graphs:
   159                           
   160 ;; _main (ROOT)
   161 ;;   _adc
   162 ;;     _delay
   163 ;;
   164                           
   165 ;; Address spaces:
   166                           
   167 ;;Name               Size   Autos  Total    Cost      Usage
   168 ;;BITCOMMON            E      0       0       0        0.0%
   169 ;;EEDATA             100      0       0       0        0.0%
   170 ;;NULL                 0      0       0       0        0.0%
   171 ;;CODE                 0      0       0       0        0.0%
   172 ;;COMMON               E      6       6       1       42.9%
   173 ;;BITSFR0              0      0       0       1        0.0%
   174 ;;SFR0                 0      0       0       1        0.0%
   175 ;;BITSFR1              0      0       0       2        0.0%
   176 ;;SFR1                 0      0       0       2        0.0%
   177 ;;STACK                0      0       2       2        0.0%
   178 ;;ABS                  0      0       0       3        0.0%
   179 ;;BITBANK0            50      0       0       4        0.0%
   180 ;;BITSFR3              0      0       0       4        0.0%
   181 ;;SFR3                 0      0       0       4        0.0%
   182 ;;BANK0               50      0       0       5        0.0%
   183 ;;BITSFR2              0      0       0       5        0.0%
   184 ;;SFR2                 0      0       0       5        0.0%
   185 ;;BITBANK1            50      0       0       6        0.0%
   186 ;;BANK1               50      0       0       7        0.0%
   187 ;;BITBANK3            60      0       0       8        0.0%
   188 ;;BANK3               60      0       0       9        0.0%
   189 ;;BITBANK2            60      0       0      10        0.0%
   190 ;;BANK2               60      0       0      11        0.0%
   191 ;;DATA                 0      0       0      12        0.0%
   192                           
   193                           	global	_main
   194                           psect	maintext,global,class=CODE,delta=2
   195                           global __pmaintext
   196  078B                     __pmaintext:
   197                           
   198 ;; *************** function _main *****************
   199 ;; Defined at:
   200 ;;		line 5 in file "E:\sai em pic\adcled2\program.c"
   201 ;; Parameters:    Size  Location     Type
   202 ;;		None
   203 ;; Auto vars:     Size  Location     Type
   204 ;;		None
   205 ;; Return value:  Size  Location     Type
   206 ;;		None               void
   207 ;; Registers used:
   208 ;;		wreg, status,2, status,0, btemp+1, pclath, cstack
   209 ;; Tracked objects:
   210 ;;		On entry : 17F/0
   211 ;;		On exit  : 0/0
   212 ;;		Unchanged: 0/0
   213 ;; Data sizes:     COMMON   BANK0   BANK1   BANK3   BANK2
   214 ;;      Params:         0       0       0       0       0
   215 ;;      Locals:         0       0       0       0       0
   216 ;;      Temps:          0       0       0       0       0
   217 ;;      Totals:         0       0       0       0       0
   218 ;;Total ram usage:        0 bytes
   219 ;; Hardware stack levels required when called:    2
   220 ;; This function calls:
   221 ;;		_adc
   222 ;; This function is called by:
   223 ;;		Startup code after reset
   224 ;; This function uses a non-reentrant model
   225 ;;
   226                           psect	maintext
   227                           	file	"E:\sai em pic\adcled2\program.c"
   228                           	line	5
   229                           	global	__size_of_main
   230  001D                     	__size_of_main	equ	__end_of_main-_main
   231                           	
   232  078B                     _main:	
   233                           	opt	stack 6
   234                           ; Regs used in _main: [wreg+status,2+status,0+btemp+1+pclath+cstack]
   235                           	line	6
   236                           	
   237  078B                     l1754:	
   238                           ;program.c: 6: TRISD=0;
   239  078B  1683               	bsf	status, 5	;RP0=1, select bank1
   240  078C  1303               	bcf	status, 6	;RP1=0, select bank1
   241  078D  0188               	clrf	(136)^080h	;volatile
   242                           	line	7
   243                           	
   244  078E                     l1756:	
   245                           ;program.c: 7: TRISA=1;
   246  078E  3001               	movlw	(01h)
   247  078F  0085               	movwf	(133)^080h	;volatile
   248                           	line	8
   249                           	
   250  0790                     l1758:	
   251                           ;program.c: 8: PORTD=0X00;
   252  0790  1283               	bcf	status, 5	;RP0=0, select bank0
   253  0791  1303               	bcf	status, 6	;RP1=0, select bank0
   254  0792  0188               	clrf	(8)	;volatile
   255                           	line	9
   256                           ;program.c: 9: ADCON0=0X81;
   257  0793  3081               	movlw	(081h)
   258  0794  009F               	movwf	(31)	;volatile
   259                           	line	10
   260                           ;program.c: 10: ADCON1=0XCE;
   261  0795  30CE               	movlw	(0CEh)
   262  0796  1683               	bsf	status, 5	;RP0=1, select bank1
   263  0797  1303               	bcf	status, 6	;RP1=0, select bank1
   264  0798  009F               	movwf	(159)^080h	;volatile
   265  0799  2F9A               	goto	l1760
   266                           	line	11
   267                           ;program.c: 11: while(1)
   268                           	
   269  079A                     l563:	
   270                           	line	13
   271                           	
   272  079A                     l1760:	
   273                           ;program.c: 12: {
   274                           ;program.c: 13: PORTD=adc();
   275  079A  120A  118A  27D0   	fcall	_adc
              120A  118A         
   276  079F  0872               	movf	(0+(?_adc)),w
   277  07A0  1283               	bcf	status, 5	;RP0=0, select bank0
   278  07A1  1303               	bcf	status, 6	;RP1=0, select bank0
   279  07A2  0088               	movwf	(8)	;volatile
   280  07A3  2F9A               	goto	l1760
   281                           	line	14
   282                           	
   283  07A4                     l564:	
   284                           	line	11
   285  07A4  2F9A               	goto	l1760
   286                           	
   287  07A5                     l565:	
   288                           	line	15
   289                           	
   290  07A5                     l566:	
   291                           	global	start
   292  07A5  120A  118A  2800   	ljmp	start
   293                           	opt stack 0
   294                           GLOBAL	__end_of_main
   295  07A8                     	__end_of_main:
   296 ;; =============== function _main ends ============
   297                           
   298                           	signat	_main,88
   299                           	global	_adc
   300                           psect	text67,local,class=CODE,delta=2
   301                           global __ptext67
   302  07D0                     __ptext67:
   303                           
   304 ;; *************** function _adc *****************
   305 ;; Defined at:
   306 ;;		line 17 in file "E:\sai em pic\adcled2\program.c"
   307 ;; Parameters:    Size  Location     Type
   308 ;;		None
   309 ;; Auto vars:     Size  Location     Type
   310 ;;		None
   311 ;; Return value:  Size  Location     Type
   312 ;;                  2    2[COMMON] int 
   313 ;; Registers used:
   314 ;;		wreg, status,2, status,0, btemp+1, pclath, cstack
   315 ;; Tracked objects:
   316 ;;		On entry : 0/0
   317 ;;		On exit  : 0/0
   318 ;;		Unchanged: 0/0
   319 ;; Data sizes:     COMMON   BANK0   BANK1   BANK3   BANK2
   320 ;;      Params:         2       0       0       0       0
   321 ;;      Locals:         0       0       0       0       0
   322 ;;      Temps:          2       0       0       0       0
   323 ;;      Totals:         4       0       0       0       0
   324 ;;Total ram usage:        4 bytes
   325 ;; Hardware stack levels used:    1
   326 ;; Hardware stack levels required when called:    1
   327 ;; This function calls:
   328 ;;		_delay
   329 ;; This function is called by:
   330 ;;		_main
   331 ;; This function uses a non-reentrant model
   332 ;;
   333                           psect	text67
   334                           	file	"E:\sai em pic\adcled2\program.c"
   335                           	line	17
   336                           	global	__size_of_adc
   337  0030                     	__size_of_adc	equ	__end_of_adc-_adc
   338                           	
   339  07D0                     _adc:	
   340                           	opt	stack 6
   341                           ; Regs used in _adc: [wreg+status,2+status,0+btemp+1+pclath+cstack]
   342                           	line	18
   343                           	
   344  07D0                     l1742:	
   345                           ;program.c: 18: ADCON0=0X81;
   346  07D0  3081               	movlw	(081h)
   347  07D1  1283               	bcf	status, 5	;RP0=0, select bank0
   348  07D2  1303               	bcf	status, 6	;RP1=0, select bank0
   349  07D3  009F               	movwf	(31)	;volatile
   350                           	line	19
   351                           ;program.c: 19: ADCON1=0XCE;
   352  07D4  30CE               	movlw	(0CEh)
   353  07D5  1683               	bsf	status, 5	;RP0=1, select bank1
   354  07D6  1303               	bcf	status, 6	;RP1=0, select bank1
   355  07D7  009F               	movwf	(159)^080h	;volatile
   356                           	line	20
   357                           	
   358  07D8                     l1744:	
   359                           ;program.c: 20: GODONE=1;
   360  07D8  1283               	bcf	status, 5	;RP0=0, select bank0
   361  07D9  1303               	bcf	status, 6	;RP1=0, select bank0
   362  07DA  151F               	bsf	(250/8),(250)&7
   363                           	line	21
   364                           ;program.c: 21: while(GODONE);
   365  07DB  2FDC               	goto	l569
   366                           	
   367  07DC                     l570:	
   368                           	
   369  07DC                     l569:	
   370  07DC  191F               	btfsc	(250/8),(250)&7
   371  07DD  2FDF               	goto	u2161
   372  07DE  2FE0               	goto	u2160
   373  07DF                     u2161:
   374  07DF  2FDC               	goto	l569
   375  07E0                     u2160:
   376  07E0  2FE1               	goto	l1746
   377                           	
   378  07E1                     l571:	
   379                           	line	22
   380                           	
   381  07E1                     l1746:	
   382                           ;program.c: 22: return(ADRESH<<8)+ADRESL;
   383  07E1  081E               	movf	(30),w	;volatile
   384  07E2  00F4               	movwf	(??_adc+0)+0
   385  07E3  01F5               	clrf	(??_adc+0)+0+1
   386  07E4  3008               	movlw	08h
   387  07E5  00FF               	movwf	btemp+1
   388  07E6                     u2175:
   389  07E6  1003               	clrc
   390  07E7  0DF4               	rlf	(??_adc+0)+0,f
   391  07E8  0DF5               	rlf	(??_adc+0)+1,f
   392  07E9  0BFF               	decfsz	btemp+1,f
   393  07EA  2FE6               	goto	u2175
   394  07EB  1683               	bsf	status, 5	;RP0=1, select bank1
   395  07EC  1303               	bcf	status, 6	;RP1=0, select bank1
   396  07ED  081E               	movf	(158)^080h,w	;volatile
   397  07EE  0774               	addwf	0+(??_adc+0)+0,w
   398  07EF  00F2               	movwf	(?_adc)
   399  07F0  3000               	movlw	0
   400  07F1  1803               	skipnc
   401  07F2  3001               	movlw	1
   402  07F3  0775               	addwf	1+(??_adc+0)+0,w
   403  07F4  00F3               	movwf	1+(?_adc)
   404  07F5  2FFF               	goto	l572
   405                           	
   406  07F6                     l1748:	
   407  07F6  2FFF               	goto	l572
   408                           	line	23
   409                           	
   410  07F7                     l1750:	
   411                           ;program.c: 23: delay();
   412  07F7  120A  118A  27A8   	fcall	_delay
              120A  118A         
   413                           	line	24
   414                           	
   415  07FC                     l1752:	
   416                           ;program.c: 24: GODONE=0;
   417  07FC  1283               	bcf	status, 5	;RP0=0, select bank0
   418  07FD  1303               	bcf	status, 6	;RP1=0, select bank0
   419  07FE  111F               	bcf	(250/8),(250)&7
   420                           	line	28
   421                           	
   422  07FF                     l572:	
   423  07FF  0008               	return
   424                           	opt stack 0
   425                           GLOBAL	__end_of_adc
   426  0800                     	__end_of_adc:
   427 ;; =============== function _adc ends ============
   428                           
   429                           	signat	_adc,90
   430                           	global	_delay
   431                           psect	text68,local,class=CODE,delta=2
   432                           global __ptext68
   433  07A8                     __ptext68:
   434                           
   435 ;; *************** function _delay *****************
   436 ;; Defined at:
   437 ;;		line 30 in file "E:\sai em pic\adcled2\program.c"
   438 ;; Parameters:    Size  Location     Type
   439 ;;		None
   440 ;; Auto vars:     Size  Location     Type
   441 ;;  i               2    0[COMMON] int 
   442 ;; Return value:  Size  Location     Type
   443 ;;		None               void
   444 ;; Registers used:
   445 ;;		wreg, btemp+1
   446 ;; Tracked objects:
   447 ;;		On entry : 0/0
   448 ;;		On exit  : 0/0
   449 ;;		Unchanged: 0/0
   450 ;; Data sizes:     COMMON   BANK0   BANK1   BANK3   BANK2
   451 ;;      Params:         0       0       0       0       0
   452 ;;      Locals:         2       0       0       0       0
   453 ;;      Temps:          0       0       0       0       0
   454 ;;      Totals:         2       0       0       0       0
   455 ;;Total ram usage:        2 bytes
   456 ;; Hardware stack levels used:    1
   457 ;; This function calls:
   458 ;;		Nothing
   459 ;; This function is called by:
   460 ;;		_adc
   461 ;; This function uses a non-reentrant model
   462 ;;
   463                           psect	text68
   464                           	file	"E:\sai em pic\adcled2\program.c"
   465                           	line	30
   466                           	global	__size_of_delay
   467  0028                     	__size_of_delay	equ	__end_of_delay-_delay
   468                           	
   469  07A8                     _delay:	
   470                           	opt	stack 6
   471                           ; Regs used in _delay: [wreg+btemp+1]
   472                           	line	31
   473                           	
   474  07A8                     l946:	
   475                           ;program.c: 31: for(int i=0;i<5000;i++);
   476  07A8  3000               	movlw	low(0)
   477  07A9  00F0               	movwf	(delay@i)
   478  07AA  3000               	movlw	high(0)
   479  07AB  00F1               	movwf	((delay@i))+1
   480                           	
   481  07AC                     l948:	
   482  07AC  0871               	movf	(delay@i+1),w
   483  07AD  3A80               	xorlw	80h
   484  07AE  00FF               	movwf	btemp+1
   485  07AF  3093               	movlw	(high(01388h))^80h
   486  07B0  027F               	subwf	btemp+1,w
   487  07B1  1D03               	skipz
   488  07B2  2FB5               	goto	u15
   489  07B3  3088               	movlw	low(01388h)
   490  07B4  0270               	subwf	(delay@i),w
   491  07B5                     u15:
   492                           
   493  07B5  1C03               	skipc
   494  07B6  2FB8               	goto	u11
   495  07B7  2FB9               	goto	u10
   496  07B8                     u11:
   497  07B8  2FBB               	goto	l952
   498  07B9                     u10:
   499  07B9  2FCF               	goto	l577
   500                           	
   501  07BA                     l950:	
   502  07BA  2FCF               	goto	l577
   503                           	
   504  07BB                     l575:	
   505                           	
   506  07BB                     l952:	
   507  07BB  3001               	movlw	low(01h)
   508  07BC  07F0               	addwf	(delay@i),f
   509  07BD  1803               	skipnc
   510  07BE  0AF1               	incf	(delay@i+1),f
   511  07BF  3000               	movlw	high(01h)
   512  07C0  07F1               	addwf	(delay@i+1),f
   513                           	
   514  07C1                     l954:	
   515  07C1  0871               	movf	(delay@i+1),w
   516  07C2  3A80               	xorlw	80h
   517  07C3  00FF               	movwf	btemp+1
   518  07C4  3093               	movlw	(high(01388h))^80h
   519  07C5  027F               	subwf	btemp+1,w
   520  07C6  1D03               	skipz
   521  07C7  2FCA               	goto	u25
   522  07C8  3088               	movlw	low(01388h)
   523  07C9  0270               	subwf	(delay@i),w
   524  07CA                     u25:
   525                           
   526  07CA  1C03               	skipc
   527  07CB  2FCD               	goto	u21
   528  07CC  2FCE               	goto	u20
   529  07CD                     u21:
   530  07CD  2FBB               	goto	l952
   531  07CE                     u20:
   532  07CE  2FCF               	goto	l577
   533                           	
   534  07CF                     l576:	
   535                           	line	32
   536                           	
   537  07CF                     l577:	
   538  07CF  0008               	return
   539                           	opt stack 0
   540                           GLOBAL	__end_of_delay
   541  07D0                     	__end_of_delay:
   542 ;; =============== function _delay ends ============
   543                           
   544                           	signat	_delay,88
   545                           psect	text69,local,class=CODE,delta=2
   546                           global __ptext69
   547  0000                     __ptext69:
   548                           	global	btemp
   549  007E                     	btemp set 07Eh
   550                           
   551                           	DABS	1,126,2	;btemp
   552                           	global	wtemp0
   553  007E                     	wtemp0 set btemp


HI-TECH Software PICC Macro Assembler V9.80 build 6738 
Symbol Table                                                                                   Sat Feb 24 15:28:41 2024

                  u10 07B9                    u11 07B8                    u20 07CE                    u21 07CD  
                  u15 07B5                    u25 07CA                   l570 07DC                   l571 07E1  
                 l563 079A                   l572 07FF                   l564 07A4                   l565 07A5  
                 l566 07A5                   l575 07BB                   l576 07CF                   l577 07CF  
                 l569 07DC                   l950 07BA                   l952 07BB                   l954 07C1  
                 l946 07A8                   l948 07AC                   _adc 07D0                  ?_adc 0072  
                l1750 07F7                  l1742 07D0                  l1752 07FC                  l1744 07D8  
                l1760 079A                  l1746 07E1                  l1754 078B                  l1748 07F6  
                l1756 078E                  l1758 0790                  u2160 07E0                  u2161 07DF  
                u2175 07E6                  _main 078B                  btemp 007E                  start 0000  
               ??_adc 0074                 ?_main 0070                 _PORTD 0008                 _TRISA 0085  
               _TRISD 0088                 _delay 07A8                 status 0003                 wtemp0 007E  
        __end_of_main 07A8                ??_main 0076                ?_delay 0070                _ADCON0 001F  
              _ADCON1 009F                _ADRESH 001E                _ADRESL 009E                _GODONE 00FA  
              delay@i 0070        __pcstackCOMMON 0070         __end_of_delay 07D0               ??_delay 0070  
          __pmaintext 078B          __size_of_adc 0030  end_of_initialization 0787   start_initialization 0787  
         __end_of_adc 0800        __size_of_delay 0028              __ptext66 0000              __ptext67 07D0  
            __ptext68 07A8              __ptext69 0000         __size_of_main 001D  
