

HI-TECH Software PIC LITE Macro Assembler V9.80 build 6738 
                                                                                               Mon Feb 19 19:05:55 2024

HI-TECH Software Omniscient Code Generator (Lite mode) build 6738
     1  0000                     opt subtitle "HI-TECH Software Omniscient Code Generator (Lite mode) build 6738"
     2                           
     3                           opt pagewidth 120
     4                           
     5                           	opt lm
     6                           
     7                           	processor	16F877A
     8                           clrc	macro
     9                           	bcf	3,0
    10  0000                     	endm
    11                           clrz	macro
    12                           	bcf	3,2
    13  0000                     	endm
    14                           setc	macro
    15                           	bsf	3,0
    16  0000                     	endm
    17                           setz	macro
    18                           	bsf	3,2
    19  0000                     	endm
    20                           skipc	macro
    21                           	btfss	3,0
    22  0000                     	endm
    23                           skipz	macro
    24                           	btfss	3,2
    25  0000                     	endm
    26                           skipnc	macro
    27                           	btfsc	3,0
    28  0000                     	endm
    29                           skipnz	macro
    30                           	btfsc	3,2
    31  0000                     	endm
    32  0000                     indf	equ	0
    33  0000                     indf0	equ	0
    34  0002                     pc	equ	2
    35  0002                     pcl	equ	2
    36  0003                     status	equ	3
    37  0004                     fsr	equ	4
    38  0004                     fsr0	equ	4
    39  0001                     c	equ	1
    40  0000                     z	equ	0
    41  000A                     pclath	equ	10
    42                           	FNCALL	_main,_delay
    43                           	FNROOT	_main
    44                           	global	_CCP1CON
    45                           psect	maintext,global,class=CODE,delta=2
    46                           global __pmaintext
    47  07CE                     __pmaintext:
    48  0017                     _CCP1CON	set	23
    49                           	global	_CCPR1L
    50  0015                     _CCPR1L	set	21
    51                           	global	_PORTC
    52  0007                     _PORTC	set	7
    53                           	global	_PR2
    54  0092                     _PR2	set	146
    55                           	global	_TRISC
    56  0087                     _TRISC	set	135
    57                           	file	"program.as"
    58                           	line	#
    59                           psect cinit,class=CODE,delta=2
    60                           global start_initialization
    61  07A2                     start_initialization:
    62                           
    63                           psect cinit,class=CODE,delta=2
    64                           global end_of_initialization
    65                           
    66                           ;End of C runtime variable initialization code
    67                           
    68  07A2                     end_of_initialization:
    69  07A2  0183               clrf status
    70  07A3  120A  118A  2FCE   ljmp _main	;jump to C main() function
    71                           psect	cstackCOMMON,class=COMMON,space=1
    72                           global __pcstackCOMMON
    73  0070                     __pcstackCOMMON:
    74                           	global	?_delay
    75  0070                     ?_delay:	; 0 bytes @ 0x0
    76                           	global	??_delay
    77  0070                     ??_delay:	; 0 bytes @ 0x0
    78                           	global	?_main
    79  0070                     ?_main:	; 0 bytes @ 0x0
    80                           	global	delay@j
    81  0070                     delay@j:	; 2 bytes @ 0x0
    82  0070                     	ds	2
    83                           	global	??_main
    84  0072                     ??_main:	; 0 bytes @ 0x2
    85                           	global	main@i
    86  0072                     main@i:	; 2 bytes @ 0x2
    87  0072                     	ds	2
    88 ;;Data sizes: Strings 0, constant 0, data 0, bss 0, persistent 0 stack 0
    89 ;;Auto spaces:   Size  Autos    Used
    90 ;; COMMON          14      4       4
    91 ;; BANK0           80      0       0
    92 ;; BANK1           80      0       0
    93 ;; BANK3           96      0       0
    94 ;; BANK2           96      0       0
    95                           
    96 ;;
    97 ;; Pointer list with targets:
    98                           
    99                           
   100                           
   101 ;;
   102 ;; Critical Paths under _main in COMMON
   103 ;;
   104 ;;   _main->_delay
   105 ;;
   106 ;; Critical Paths under _main in BANK0
   107 ;;
   108 ;;   None.
   109 ;;
   110 ;; Critical Paths under _main in BANK1
   111 ;;
   112 ;;   None.
   113 ;;
   114 ;; Critical Paths under _main in BANK3
   115 ;;
   116 ;;   None.
   117 ;;
   118 ;; Critical Paths under _main in BANK2
   119 ;;
   120 ;;   None.
   121                           
   122 ;;
   123 ;;Main: autosize = 0, tempsize = 0, incstack = 0, save=0
   124 ;;
   125                           
   126 ;;
   127 ;;Call Graph Tables:
   128 ;;
   129 ;; ---------------------------------------------------------------------------------
   130 ;; (Depth) Function   	        Calls       Base Space   Used Autos Params    Refs
   131 ;; ---------------------------------------------------------------------------------
   132 ;; (0) _main                                                 2     2      0      60
   133 ;;                                              2 COMMON     2     2      0
   134 ;;                              _delay
   135 ;; ---------------------------------------------------------------------------------
   136 ;; (1) _delay                                                2     2      0      30
   137 ;;                                              0 COMMON     2     2      0
   138 ;; ---------------------------------------------------------------------------------
   139 ;; Estimated maximum stack depth 1
   140 ;; ---------------------------------------------------------------------------------
   141                           
   142 ;; Call Graph Graphs:
   143                           
   144 ;; _main (ROOT)
   145 ;;   _delay
   146 ;;
   147                           
   148 ;; Address spaces:
   149                           
   150 ;;Name               Size   Autos  Total    Cost      Usage
   151 ;;BITCOMMON            E      0       0       0        0.0%
   152 ;;EEDATA             100      0       0       0        0.0%
   153 ;;NULL                 0      0       0       0        0.0%
   154 ;;CODE                 0      0       0       0        0.0%
   155 ;;COMMON               E      4       4       1       28.6%
   156 ;;BITSFR0              0      0       0       1        0.0%
   157 ;;SFR0                 0      0       0       1        0.0%
   158 ;;BITSFR1              0      0       0       2        0.0%
   159 ;;SFR1                 0      0       0       2        0.0%
   160 ;;STACK                0      0       1       2        0.0%
   161 ;;ABS                  0      0       0       3        0.0%
   162 ;;BITBANK0            50      0       0       4        0.0%
   163 ;;BITSFR3              0      0       0       4        0.0%
   164 ;;SFR3                 0      0       0       4        0.0%
   165 ;;BANK0               50      0       0       5        0.0%
   166 ;;BITSFR2              0      0       0       5        0.0%
   167 ;;SFR2                 0      0       0       5        0.0%
   168 ;;BITBANK1            50      0       0       6        0.0%
   169 ;;BANK1               50      0       0       7        0.0%
   170 ;;BITBANK3            60      0       0       8        0.0%
   171 ;;BANK3               60      0       0       9        0.0%
   172 ;;BITBANK2            60      0       0      10        0.0%
   173 ;;BANK2               60      0       0      11        0.0%
   174 ;;DATA                 0      0       0      12        0.0%
   175                           
   176                           	global	_main
   177                           psect	maintext
   178                           
   179 ;; *************** function _main *****************
   180 ;; Defined at:
   181 ;;		line 4 in file "E:\sai em pic\pwm\program.c"
   182 ;; Parameters:    Size  Location     Type
   183 ;;		None
   184 ;; Auto vars:     Size  Location     Type
   185 ;;  i               2    2[COMMON] int 
   186 ;; Return value:  Size  Location     Type
   187 ;;		None               void
   188 ;; Registers used:
   189 ;;		wreg, status,2, status,0, btemp+1, pclath, cstack
   190 ;; Tracked objects:
   191 ;;		On entry : 17F/0
   192 ;;		On exit  : 0/0
   193 ;;		Unchanged: 0/0
   194 ;; Data sizes:     COMMON   BANK0   BANK1   BANK3   BANK2
   195 ;;      Params:         0       0       0       0       0
   196 ;;      Locals:         2       0       0       0       0
   197 ;;      Temps:          0       0       0       0       0
   198 ;;      Totals:         2       0       0       0       0
   199 ;;Total ram usage:        2 bytes
   200 ;; Hardware stack levels required when called:    1
   201 ;; This function calls:
   202 ;;		_delay
   203 ;; This function is called by:
   204 ;;		Startup code after reset
   205 ;; This function uses a non-reentrant model
   206 ;;
   207                           psect	maintext
   208                           	file	"E:\sai em pic\pwm\program.c"
   209                           	line	4
   210                           	global	__size_of_main
   211  0032                     	__size_of_main	equ	__end_of_main-_main
   212                           	
   213  07CE                     _main:	
   214                           	opt	stack 7
   215                           ; Regs used in _main: [wreg+status,2+status,0+btemp+1+pclath+cstack]
   216                           	line	7
   217                           	
   218  07CE                     l1734:	
   219                           ;program.c: 6: int i;
   220                           ;program.c: 7: TRISC=0;
   221  07CE  1683               	bsf	status, 5	;RP0=1, select bank1
   222  07CF  1303               	bcf	status, 6	;RP1=0, select bank1
   223  07D0  0187               	clrf	(135)^080h	;volatile
   224                           	line	8
   225                           ;program.c: 8: PORTC=0X00;
   226  07D1  1283               	bcf	status, 5	;RP0=0, select bank0
   227  07D2  1303               	bcf	status, 6	;RP1=0, select bank0
   228  07D3  0187               	clrf	(7)	;volatile
   229                           	line	10
   230                           	
   231  07D4                     l1736:	
   232                           ;program.c: 10: CCP1CON=0X0F;
   233  07D4  300F               	movlw	(0Fh)
   234  07D5  0097               	movwf	(23)	;volatile
   235                           	line	11
   236                           	
   237  07D6                     l1738:	
   238                           ;program.c: 11: PR2=100;
   239  07D6  3064               	movlw	(064h)
   240  07D7  1683               	bsf	status, 5	;RP0=1, select bank1
   241  07D8  1303               	bcf	status, 6	;RP1=0, select bank1
   242  07D9  0092               	movwf	(146)^080h	;volatile
   243                           	line	13
   244                           	
   245  07DA                     l1740:	
   246                           ;program.c: 13: for(i=0;i<=PR2;i++)
   247  07DA  3000               	movlw	low(0)
   248  07DB  00F2               	movwf	(main@i)
   249  07DC  3000               	movlw	high(0)
   250  07DD  00F3               	movwf	((main@i))+1
   251  07DE  2FEF               	goto	l1748
   252                           	line	14
   253                           	
   254  07DF                     l562:	
   255                           	line	15
   256                           	
   257  07DF                     l1742:	
   258                           ;program.c: 14: {
   259                           ;program.c: 15: CCPR1L=i;
   260  07DF  0872               	movf	(main@i),w
   261  07E0  1283               	bcf	status, 5	;RP0=0, select bank0
   262  07E1  1303               	bcf	status, 6	;RP1=0, select bank0
   263  07E2  0095               	movwf	(21)	;volatile
   264                           	line	16
   265                           	
   266  07E3                     l1744:	
   267                           ;program.c: 16: delay();
   268  07E3  120A  118A  27A6   	fcall	_delay
              120A  118A         
   269                           	line	13
   270                           	
   271  07E8                     l1746:	
   272  07E8  3001               	movlw	low(01h)
   273  07E9  07F2               	addwf	(main@i),f
   274  07EA  1803               	skipnc
   275  07EB  0AF3               	incf	(main@i+1),f
   276  07EC  3000               	movlw	high(01h)
   277  07ED  07F3               	addwf	(main@i+1),f
   278  07EE  2FEF               	goto	l1748
   279                           	
   280  07EF                     l561:	
   281                           	
   282  07EF                     l1748:	
   283  07EF  0873               	movf	(main@i+1),w
   284  07F0  3A80               	xorlw	80h
   285  07F1  3C80               	sublw	080h
   286  07F2  1D03               	skipz
   287  07F3  2FF8               	goto	u2165
   288  07F4  0872               	movf	(main@i),w
   289  07F5  1683               	bsf	status, 5	;RP0=1, select bank1
   290  07F6  1303               	bcf	status, 6	;RP1=0, select bank1
   291  07F7  0212               	subwf	(146)^080h,w	;volatile
   292  07F8                     u2165:
   293                           
   294  07F8  1803               	skipnc
   295  07F9  2FFB               	goto	u2161
   296  07FA  2FFC               	goto	u2160
   297  07FB                     u2161:
   298  07FB  2FDF               	goto	l1742
   299  07FC                     u2160:
   300  07FC  2FFD               	goto	l564
   301                           	
   302  07FD                     l563:	
   303                           	line	19
   304                           	
   305  07FD                     l564:	
   306                           	global	start
   307  07FD  120A  118A  2800   	ljmp	start
   308                           	opt stack 0
   309                           GLOBAL	__end_of_main
   310  0800                     	__end_of_main:
   311 ;; =============== function _main ends ============
   312                           
   313                           	signat	_main,88
   314                           	global	_delay
   315                           psect	text55,local,class=CODE,delta=2
   316                           global __ptext55
   317  07A6                     __ptext55:
   318                           
   319 ;; *************** function _delay *****************
   320 ;; Defined at:
   321 ;;		line 21 in file "E:\sai em pic\pwm\program.c"
   322 ;; Parameters:    Size  Location     Type
   323 ;;		None
   324 ;; Auto vars:     Size  Location     Type
   325 ;;  j               2    0[COMMON] int 
   326 ;; Return value:  Size  Location     Type
   327 ;;		None               void
   328 ;; Registers used:
   329 ;;		wreg, btemp+1
   330 ;; Tracked objects:
   331 ;;		On entry : 0/0
   332 ;;		On exit  : 0/0
   333 ;;		Unchanged: 0/0
   334 ;; Data sizes:     COMMON   BANK0   BANK1   BANK3   BANK2
   335 ;;      Params:         0       0       0       0       0
   336 ;;      Locals:         2       0       0       0       0
   337 ;;      Temps:          0       0       0       0       0
   338 ;;      Totals:         2       0       0       0       0
   339 ;;Total ram usage:        2 bytes
   340 ;; Hardware stack levels used:    1
   341 ;; This function calls:
   342 ;;		Nothing
   343 ;; This function is called by:
   344 ;;		_main
   345 ;; This function uses a non-reentrant model
   346 ;;
   347                           psect	text55
   348                           	file	"E:\sai em pic\pwm\program.c"
   349                           	line	21
   350                           	global	__size_of_delay
   351  0028                     	__size_of_delay	equ	__end_of_delay-_delay
   352                           	
   353  07A6                     _delay:	
   354                           	opt	stack 7
   355                           ; Regs used in _delay: [wreg+btemp+1]
   356                           	line	23
   357                           	
   358  07A6                     l938:	
   359                           ;program.c: 22: int j;
   360                           ;program.c: 23: for( j=0;j<=1000;j++);
   361  07A6  3000               	movlw	low(0)
   362  07A7  00F0               	movwf	(delay@j)
   363  07A8  3000               	movlw	high(0)
   364  07A9  00F1               	movwf	((delay@j))+1
   365                           	
   366  07AA                     l940:	
   367  07AA  0871               	movf	(delay@j+1),w
   368  07AB  3A80               	xorlw	80h
   369  07AC  00FF               	movwf	btemp+1
   370  07AD  3083               	movlw	(high(03E9h))^80h
   371  07AE  027F               	subwf	btemp+1,w
   372  07AF  1D03               	skipz
   373  07B0  2FB3               	goto	u15
   374  07B1  30E9               	movlw	low(03E9h)
   375  07B2  0270               	subwf	(delay@j),w
   376  07B3                     u15:
   377                           
   378  07B3  1C03               	skipc
   379  07B4  2FB6               	goto	u11
   380  07B5  2FB7               	goto	u10
   381  07B6                     u11:
   382  07B6  2FB9               	goto	l944
   383  07B7                     u10:
   384  07B7  2FCD               	goto	l569
   385                           	
   386  07B8                     l942:	
   387  07B8  2FCD               	goto	l569
   388                           	
   389  07B9                     l567:	
   390                           	
   391  07B9                     l944:	
   392  07B9  3001               	movlw	low(01h)
   393  07BA  07F0               	addwf	(delay@j),f
   394  07BB  1803               	skipnc
   395  07BC  0AF1               	incf	(delay@j+1),f
   396  07BD  3000               	movlw	high(01h)
   397  07BE  07F1               	addwf	(delay@j+1),f
   398                           	
   399  07BF                     l946:	
   400  07BF  0871               	movf	(delay@j+1),w
   401  07C0  3A80               	xorlw	80h
   402  07C1  00FF               	movwf	btemp+1
   403  07C2  3083               	movlw	(high(03E9h))^80h
   404  07C3  027F               	subwf	btemp+1,w
   405  07C4  1D03               	skipz
   406  07C5  2FC8               	goto	u25
   407  07C6  30E9               	movlw	low(03E9h)
   408  07C7  0270               	subwf	(delay@j),w
   409  07C8                     u25:
   410                           
   411  07C8  1C03               	skipc
   412  07C9  2FCB               	goto	u21
   413  07CA  2FCC               	goto	u20
   414  07CB                     u21:
   415  07CB  2FB9               	goto	l944
   416  07CC                     u20:
   417  07CC  2FCD               	goto	l569
   418                           	
   419  07CD                     l568:	
   420                           	line	24
   421                           	
   422  07CD                     l569:	
   423  07CD  0008               	return
   424                           	opt stack 0
   425                           GLOBAL	__end_of_delay
   426  07CE                     	__end_of_delay:
   427 ;; =============== function _delay ends ============
   428                           
   429                           	signat	_delay,88
   430                           psect	text56,local,class=CODE,delta=2
   431                           global __ptext56
   432  0000                     __ptext56:
   433                           	global	btemp
   434  007E                     	btemp set 07Eh
   435                           
   436                           	DABS	1,126,2	;btemp
   437                           	global	wtemp0
   438  007E                     	wtemp0 set btemp


HI-TECH Software PICC Macro Assembler V9.80 build 6738 
Symbol Table                                                                                   Mon Feb 19 19:05:55 2024

                  u10 07B7                    u11 07B6                    u20 07CC                    u21 07CB  
                  u15 07B3                    u25 07C8                   l561 07EF                   l562 07DF  
                 l563 07FD                   l564 07FD                   l567 07B9                   l568 07CD  
                 l569 07CD                   l940 07AA                   l942 07B8                   l944 07B9  
                 l946 07BF                   l938 07A6                   _PR2 0092                  l1740 07DA  
                l1742 07DF                  l1734 07CE                  l1744 07E3                  l1736 07D4  
                l1746 07E8                  l1738 07D6                  l1748 07EF                  u2160 07FC  
                u2161 07FB                  u2165 07F8                  _main 07CE                  btemp 007E  
                start 0000                 ?_main 0070                 _PORTC 0007                 _TRISC 0087  
               _delay 07A6                 main@i 0072                 status 0003                 wtemp0 007E  
        __end_of_main 0800                ??_main 0072                ?_delay 0070                _CCPR1L 0015  
              delay@j 0070        __pcstackCOMMON 0070         __end_of_delay 07CE               ??_delay 0070  
          __pmaintext 07CE               _CCP1CON 0017  end_of_initialization 07A2   start_initialization 07A2  
      __size_of_delay 0028              __ptext55 07A6              __ptext56 0000         __size_of_main 0032  
