

HI-TECH Software PIC LITE Macro Assembler V9.80 build 6738 
                                                                                               Thu Feb 15 19:25:58 2024

HI-TECH Software Omniscient Code Generator (Lite mode) build 6738
     1  0000                     opt subtitle "HI-TECH Software Omniscient Code Generator (Lite mode) build 6738"
     2                           
     3                           opt pagewidth 120
     4                           
     5                           	opt lm
     6                           
     7                           	processor	16F877A
     8                           clrc	macro
     9                           	bcf	3,0
    10  0000                     	endm
    11                           clrz	macro
    12                           	bcf	3,2
    13  0000                     	endm
    14                           setc	macro
    15                           	bsf	3,0
    16  0000                     	endm
    17                           setz	macro
    18                           	bsf	3,2
    19  0000                     	endm
    20                           skipc	macro
    21                           	btfss	3,0
    22  0000                     	endm
    23                           skipz	macro
    24                           	btfss	3,2
    25  0000                     	endm
    26                           skipnc	macro
    27                           	btfsc	3,0
    28  0000                     	endm
    29                           skipnz	macro
    30                           	btfsc	3,2
    31  0000                     	endm
    32  0000                     indf	equ	0
    33  0000                     indf0	equ	0
    34  0002                     pc	equ	2
    35  0002                     pcl	equ	2
    36  0003                     status	equ	3
    37  0004                     fsr	equ	4
    38  0004                     fsr0	equ	4
    39  0001                     c	equ	1
    40  0000                     z	equ	0
    41  000A                     pclath	equ	10
    42                           	FNROOT	_main
    43                           	global	_PORTD
    44                           psect	maintext,global,class=CODE,delta=2
    45                           global __pmaintext
    46  07D7                     __pmaintext:
    47  0008                     _PORTD	set	8
    48                           	global	_T1CON
    49  0010                     _T1CON	set	16
    50                           	global	_TMR1H
    51  000F                     _TMR1H	set	15
    52                           	global	_TMR1L
    53  000E                     _TMR1L	set	14
    54                           	global	_TRISC
    55  0087                     _TRISC	set	135
    56                           	global	_TRISD
    57  0088                     _TRISD	set	136
    58                           	file	"program.as"
    59                           	line	#
    60                           psect cinit,class=CODE,delta=2
    61                           global start_initialization
    62  07D3                     start_initialization:
    63                           
    64                           psect cinit,class=CODE,delta=2
    65                           global end_of_initialization
    66                           
    67                           ;End of C runtime variable initialization code
    68                           
    69  07D3                     end_of_initialization:
    70  07D3  0183               clrf status
    71  07D4  120A  118A  2FD7   ljmp _main	;jump to C main() function
    72                           psect	cstackCOMMON,class=COMMON,space=1
    73                           global __pcstackCOMMON
    74  0070                     __pcstackCOMMON:
    75                           	global	?_main
    76  0070                     ?_main:	; 0 bytes @ 0x0
    77                           	global	??_main
    78  0070                     ??_main:	; 0 bytes @ 0x0
    79  0070                     	ds	2
    80                           	global	main@temp
    81  0072                     main@temp:	; 2 bytes @ 0x2
    82  0072                     	ds	2
    83 ;;Data sizes: Strings 0, constant 0, data 0, bss 0, persistent 0 stack 0
    84 ;;Auto spaces:   Size  Autos    Used
    85 ;; COMMON          14      4       4
    86 ;; BANK0           80      0       0
    87 ;; BANK1           80      0       0
    88 ;; BANK3           96      0       0
    89 ;; BANK2           96      0       0
    90                           
    91 ;;
    92 ;; Pointer list with targets:
    93                           
    94                           
    95                           
    96 ;;
    97 ;; Critical Paths under _main in COMMON
    98 ;;
    99 ;;   None.
   100 ;;
   101 ;; Critical Paths under _main in BANK0
   102 ;;
   103 ;;   None.
   104 ;;
   105 ;; Critical Paths under _main in BANK1
   106 ;;
   107 ;;   None.
   108 ;;
   109 ;; Critical Paths under _main in BANK3
   110 ;;
   111 ;;   None.
   112 ;;
   113 ;; Critical Paths under _main in BANK2
   114 ;;
   115 ;;   None.
   116                           
   117 ;;
   118 ;;Main: autosize = 0, tempsize = 2, incstack = 0, save=0
   119 ;;
   120                           
   121 ;;
   122 ;;Call Graph Tables:
   123 ;;
   124 ;; ---------------------------------------------------------------------------------
   125 ;; (Depth) Function   	        Calls       Base Space   Used Autos Params    Refs
   126 ;; ---------------------------------------------------------------------------------
   127 ;; (0) _main                                                 4     4      0      30
   128 ;;                                              0 COMMON     4     4      0
   129 ;; ---------------------------------------------------------------------------------
   130 ;; Estimated maximum stack depth 0
   131 ;; ---------------------------------------------------------------------------------
   132                           
   133 ;; Call Graph Graphs:
   134                           
   135 ;; _main (ROOT)
   136 ;;
   137                           
   138 ;; Address spaces:
   139                           
   140 ;;Name               Size   Autos  Total    Cost      Usage
   141 ;;BITCOMMON            E      0       0       0        0.0%
   142 ;;EEDATA             100      0       0       0        0.0%
   143 ;;NULL                 0      0       0       0        0.0%
   144 ;;CODE                 0      0       0       0        0.0%
   145 ;;COMMON               E      4       4       1       28.6%
   146 ;;BITSFR0              0      0       0       1        0.0%
   147 ;;SFR0                 0      0       0       1        0.0%
   148 ;;BITSFR1              0      0       0       2        0.0%
   149 ;;SFR1                 0      0       0       2        0.0%
   150 ;;STACK                0      0       0       2        0.0%
   151 ;;ABS                  0      0       0       3        0.0%
   152 ;;BITBANK0            50      0       0       4        0.0%
   153 ;;BITSFR3              0      0       0       4        0.0%
   154 ;;SFR3                 0      0       0       4        0.0%
   155 ;;BANK0               50      0       0       5        0.0%
   156 ;;BITSFR2              0      0       0       5        0.0%
   157 ;;SFR2                 0      0       0       5        0.0%
   158 ;;BITBANK1            50      0       0       6        0.0%
   159 ;;BANK1               50      0       0       7        0.0%
   160 ;;BITBANK3            60      0       0       8        0.0%
   161 ;;BANK3               60      0       0       9        0.0%
   162 ;;BITBANK2            60      0       0      10        0.0%
   163 ;;BANK2               60      0       0      11        0.0%
   164 ;;DATA                 0      0       0      12        0.0%
   165                           
   166                           	global	_main
   167                           psect	maintext
   168                           
   169 ;; *************** function _main *****************
   170 ;; Defined at:
   171 ;;		line 3 in file "E:\sai em pic\counter 1\program.c"
   172 ;; Parameters:    Size  Location     Type
   173 ;;		None
   174 ;; Auto vars:     Size  Location     Type
   175 ;;  temp            2    2[COMMON] unsigned int 
   176 ;; Return value:  Size  Location     Type
   177 ;;		None               void
   178 ;; Registers used:
   179 ;;		wreg, status,2, btemp+1
   180 ;; Tracked objects:
   181 ;;		On entry : 17F/0
   182 ;;		On exit  : 0/0
   183 ;;		Unchanged: 0/0
   184 ;; Data sizes:     COMMON   BANK0   BANK1   BANK3   BANK2
   185 ;;      Params:         0       0       0       0       0
   186 ;;      Locals:         2       0       0       0       0
   187 ;;      Temps:          2       0       0       0       0
   188 ;;      Totals:         4       0       0       0       0
   189 ;;Total ram usage:        4 bytes
   190 ;; This function calls:
   191 ;;		Nothing
   192 ;; This function is called by:
   193 ;;		Startup code after reset
   194 ;; This function uses a non-reentrant model
   195 ;;
   196                           psect	maintext
   197                           	file	"E:\sai em pic\counter 1\program.c"
   198                           	line	3
   199                           	global	__size_of_main
   200  0029                     	__size_of_main	equ	__end_of_main-_main
   201                           	
   202  07D7                     _main:	
   203                           	opt	stack 8
   204                           ; Regs used in _main: [wreg+status,2+btemp+1]
   205                           	line	8
   206                           	
   207  07D7                     l931:	
   208                           ;program.c: 6: unsigned int temp;
   209                           ;program.c: 8: TRISD=0;
   210  07D7  1683               	bsf	status, 5	;RP0=1, select bank1
   211  07D8  1303               	bcf	status, 6	;RP1=0, select bank1
   212  07D9  0188               	clrf	(136)^080h	;volatile
   213                           	line	9
   214                           	
   215  07DA                     l933:	
   216                           ;program.c: 9: TRISC=0X01;
   217  07DA  3001               	movlw	(01h)
   218  07DB  0087               	movwf	(135)^080h	;volatile
   219                           	line	10
   220                           	
   221  07DC                     l935:	
   222                           ;program.c: 10: PORTD = 0X00;
   223  07DC  1283               	bcf	status, 5	;RP0=0, select bank0
   224  07DD  1303               	bcf	status, 6	;RP1=0, select bank0
   225  07DE  0188               	clrf	(8)	;volatile
   226                           	line	11
   227                           ;program.c: 11: T1CON=0X0F;
   228  07DF  300F               	movlw	(0Fh)
   229  07E0  0090               	movwf	(16)	;volatile
   230                           	line	12
   231                           	
   232  07E1                     l937:	
   233                           ;program.c: 12: TMR1H=0X00;
   234  07E1  018F               	clrf	(15)	;volatile
   235                           	line	13
   236                           	
   237  07E2                     l939:	
   238                           ;program.c: 13: TMR1L=0X00;
   239  07E2  018E               	clrf	(14)	;volatile
   240  07E3  2FE4               	goto	l941
   241                           	line	14
   242                           ;program.c: 14: while (1)
   243                           	
   244  07E4                     l559:	
   245                           	line	17
   246                           	
   247  07E4                     l941:	
   248                           ;program.c: 15: {
   249                           ;program.c: 17: temp = TMR1H << 8;
   250  07E4  080F               	movf	(15),w	;volatile
   251  07E5  00F0               	movwf	(??_main+0)+0
   252  07E6  01F1               	clrf	(??_main+0)+0+1
   253  07E7  3008               	movlw	08h
   254  07E8  00FF               	movwf	btemp+1
   255  07E9                     u15:
   256  07E9  1003               	clrc
   257  07EA  0DF0               	rlf	(??_main+0)+0,f
   258  07EB  0DF1               	rlf	(??_main+0)+1,f
   259  07EC  0BFF               	decfsz	btemp+1,f
   260  07ED  2FE9               	goto	u15
   261  07EE  0870               	movf	0+(??_main+0)+0,w
   262  07EF  00F2               	movwf	(main@temp)
   263  07F0  0871               	movf	1+(??_main+0)+0,w
   264  07F1  00F3               	movwf	(main@temp+1)
   265                           	line	18
   266                           	
   267  07F2                     l943:	
   268                           ;program.c: 18: temp = temp + TMR1L;
   269  07F2  080E               	movf	(14),w	;volatile
   270  07F3  0772               	addwf	(main@temp),w
   271  07F4  00F2               	movwf	(main@temp)
   272  07F5  0873               	movf	(main@temp+1),w
   273  07F6  1803               	skipnc
   274  07F7  0A73               	incf	(main@temp+1),w
   275  07F8  00F3               	movwf	((main@temp))+1
   276                           	line	19
   277                           	
   278  07F9                     l945:	
   279                           ;program.c: 19: PORTD = temp;
   280  07F9  0872               	movf	(main@temp),w
   281  07FA  0088               	movwf	(8)	;volatile
   282  07FB  2FE4               	goto	l941
   283                           	line	20
   284                           	
   285  07FC                     l560:	
   286                           	line	14
   287  07FC  2FE4               	goto	l941
   288                           	
   289  07FD                     l561:	
   290                           	line	21
   291                           	
   292  07FD                     l562:	
   293                           	global	start
   294  07FD  120A  118A  2800   	ljmp	start
   295                           	opt stack 0
   296                           GLOBAL	__end_of_main
   297  0800                     	__end_of_main:
   298 ;; =============== function _main ends ============
   299                           
   300                           	signat	_main,88
   301                           psect	maintext
   302                           	global	btemp
   303  007E                     	btemp set 07Eh
   304                           
   305                           	DABS	1,126,2	;btemp
   306                           	global	wtemp0
   307  007E                     	wtemp0 set btemp


HI-TECH Software PICC Macro Assembler V9.80 build 6738 
Symbol Table                                                                                   Thu Feb 15 19:25:58 2024

                  u15 07E9                   l560 07FC                   l561 07FD                   l562 07FD  
                 l559 07E4                   l931 07D7                   l941 07E4                   l933 07DA  
                 l943 07F2                   l935 07DC                   l945 07F9                   l937 07E1  
                 l939 07E2                  _main 07D7                  btemp 007E                  start 0000  
               ?_main 0070                 _T1CON 0010                 _TMR1H 000F                 _TMR1L 000E  
               _PORTD 0008                 _TRISC 0087                 _TRISD 0088                 status 0003  
               wtemp0 007E          __end_of_main 0800                ??_main 0070        __pcstackCOMMON 0070  
          __pmaintext 07D7  end_of_initialization 07D3   start_initialization 07D3         __size_of_main 0029  
            main@temp 0072  
