

HI-TECH Software PIC LITE Macro Assembler V9.80 build 6738 
                                                                                               Mon Feb 12 18:37:47 2024

HI-TECH Software Omniscient Code Generator (Lite mode) build 6738
     1  0000                     opt subtitle "HI-TECH Software Omniscient Code Generator (Lite mode) build 6738"
     2                           
     3                           opt pagewidth 120
     4                           
     5                           	opt lm
     6                           
     7                           	processor	16F877A
     8                           clrc	macro
     9                           	bcf	3,0
    10  0000                     	endm
    11                           clrz	macro
    12                           	bcf	3,2
    13  0000                     	endm
    14                           setc	macro
    15                           	bsf	3,0
    16  0000                     	endm
    17                           setz	macro
    18                           	bsf	3,2
    19  0000                     	endm
    20                           skipc	macro
    21                           	btfss	3,0
    22  0000                     	endm
    23                           skipz	macro
    24                           	btfss	3,2
    25  0000                     	endm
    26                           skipnc	macro
    27                           	btfsc	3,0
    28  0000                     	endm
    29                           skipnz	macro
    30                           	btfsc	3,2
    31  0000                     	endm
    32  0000                     indf	equ	0
    33  0000                     indf0	equ	0
    34  0002                     pc	equ	2
    35  0002                     pcl	equ	2
    36  0003                     status	equ	3
    37  0004                     fsr	equ	4
    38  0004                     fsr0	equ	4
    39  0001                     c	equ	1
    40  0000                     z	equ	0
    41  000A                     pclath	equ	10
    42                           	FNROOT	_main
    43                           	global	_PORTB
    44                           psect	maintext,global,class=CODE,delta=2
    45                           global __pmaintext
    46  07F2                     __pmaintext:
    47  0006                     _PORTB	set	6
    48                           	global	_T1CON
    49  0010                     _T1CON	set	16
    50                           	global	_TMR1H
    51  000F                     _TMR1H	set	15
    52                           	global	_TMR1L
    53  000E                     _TMR1L	set	14
    54                           	global	_RB0
    55  0030                     _RB0	set	48
    56                           	global	_TMR1IF
    57  0060                     _TMR1IF	set	96
    58                           	global	_TRISB
    59  0086                     _TRISB	set	134
    60                           	file	"sai sai timer.as"
    61                           	line	#
    62                           psect cinit,class=CODE,delta=2
    63                           global start_initialization
    64  07EE                     start_initialization:
    65                           
    66                           psect cinit,class=CODE,delta=2
    67                           global end_of_initialization
    68                           
    69                           ;End of C runtime variable initialization code
    70                           
    71  07EE                     end_of_initialization:
    72  07EE  0183               clrf status
    73  07EF  120A  118A  2FF2   ljmp _main	;jump to C main() function
    74                           psect	cstackCOMMON,class=COMMON,space=1
    75                           global __pcstackCOMMON
    76  0000                     __pcstackCOMMON:
    77                           	global	?_main
    78  0000                     ?_main:	; 0 bytes @ 0x0
    79                           	global	??_main
    80  0000                     ??_main:	; 0 bytes @ 0x0
    81 ;;Data sizes: Strings 0, constant 0, data 0, bss 0, persistent 0 stack 0
    82 ;;Auto spaces:   Size  Autos    Used
    83 ;; COMMON          14      0       0
    84 ;; BANK0           80      0       0
    85 ;; BANK1           80      0       0
    86 ;; BANK3           96      0       0
    87 ;; BANK2           96      0       0
    88                           
    89 ;;
    90 ;; Pointer list with targets:
    91                           
    92                           
    93                           
    94 ;;
    95 ;; Critical Paths under _main in COMMON
    96 ;;
    97 ;;   None.
    98 ;;
    99 ;; Critical Paths under _main in BANK0
   100 ;;
   101 ;;   None.
   102 ;;
   103 ;; Critical Paths under _main in BANK1
   104 ;;
   105 ;;   None.
   106 ;;
   107 ;; Critical Paths under _main in BANK3
   108 ;;
   109 ;;   None.
   110 ;;
   111 ;; Critical Paths under _main in BANK2
   112 ;;
   113 ;;   None.
   114                           
   115 ;;
   116 ;;Main: autosize = 0, tempsize = 0, incstack = 0, save=0
   117 ;;
   118                           
   119 ;;
   120 ;;Call Graph Tables:
   121 ;;
   122 ;; ---------------------------------------------------------------------------------
   123 ;; (Depth) Function   	        Calls       Base Space   Used Autos Params    Refs
   124 ;; ---------------------------------------------------------------------------------
   125 ;; (0) _main                                                 0     0      0       0
   126 ;; ---------------------------------------------------------------------------------
   127 ;; Estimated maximum stack depth 0
   128 ;; ---------------------------------------------------------------------------------
   129                           
   130 ;; Call Graph Graphs:
   131                           
   132 ;; _main (ROOT)
   133 ;;
   134                           
   135 ;; Address spaces:
   136                           
   137 ;;Name               Size   Autos  Total    Cost      Usage
   138 ;;BITCOMMON            E      0       0       0        0.0%
   139 ;;EEDATA             100      0       0       0        0.0%
   140 ;;NULL                 0      0       0       0        0.0%
   141 ;;CODE                 0      0       0       0        0.0%
   142 ;;COMMON               E      0       0       1        0.0%
   143 ;;BITSFR0              0      0       0       1        0.0%
   144 ;;SFR0                 0      0       0       1        0.0%
   145 ;;BITSFR1              0      0       0       2        0.0%
   146 ;;SFR1                 0      0       0       2        0.0%
   147 ;;STACK                0      0       0       2        0.0%
   148 ;;ABS                  0      0       0       3        0.0%
   149 ;;BITBANK0            50      0       0       4        0.0%
   150 ;;BITSFR3              0      0       0       4        0.0%
   151 ;;SFR3                 0      0       0       4        0.0%
   152 ;;BANK0               50      0       0       5        0.0%
   153 ;;BITSFR2              0      0       0       5        0.0%
   154 ;;SFR2                 0      0       0       5        0.0%
   155 ;;BITBANK1            50      0       0       6        0.0%
   156 ;;BANK1               50      0       0       7        0.0%
   157 ;;BITBANK3            60      0       0       8        0.0%
   158 ;;BANK3               60      0       0       9        0.0%
   159 ;;BITBANK2            60      0       0      10        0.0%
   160 ;;BANK2               60      0       0      11        0.0%
   161 ;;DATA                 0      0       0      12        0.0%
   162                           
   163                           	global	_main
   164                           psect	maintext
   165                           
   166 ;; *************** function _main *****************
   167 ;; Defined at:
   168 ;;		line 4 in file "E:\sai em pic\sai sai timer\sai sai timer 1.c"
   169 ;; Parameters:    Size  Location     Type
   170 ;;		None
   171 ;; Auto vars:     Size  Location     Type
   172 ;;		None
   173 ;; Return value:  Size  Location     Type
   174 ;;		None               void
   175 ;; Registers used:
   176 ;;		status,2
   177 ;; Tracked objects:
   178 ;;		On entry : 17F/0
   179 ;;		On exit  : 0/0
   180 ;;		Unchanged: 0/0
   181 ;; Data sizes:     COMMON   BANK0   BANK1   BANK3   BANK2
   182 ;;      Params:         0       0       0       0       0
   183 ;;      Locals:         0       0       0       0       0
   184 ;;      Temps:          0       0       0       0       0
   185 ;;      Totals:         0       0       0       0       0
   186 ;;Total ram usage:        0 bytes
   187 ;; This function calls:
   188 ;;		Nothing
   189 ;; This function is called by:
   190 ;;		Startup code after reset
   191 ;; This function uses a non-reentrant model
   192 ;;
   193                           psect	maintext
   194                           	file	"E:\sai em pic\sai sai timer\sai sai timer 1.c"
   195                           	line	4
   196                           	global	__size_of_main
   197  000E                     	__size_of_main	equ	__end_of_main-_main
   198                           	
   199  07F2                     _main:	
   200                           	opt	stack 8
   201                           ; Regs used in _main: [status,2]
   202                           	line	6
   203                           	
   204  07F2                     l937:	
   205                           ;sai sai timer 1.c: 6: TRISB=0;
   206  07F2  1683               	bsf	status, 5	;RP0=1, select bank1
   207  07F3  1303               	bcf	status, 6	;RP1=0, select bank1
   208  07F4  0186               	clrf	(134)^080h	;volatile
   209                           	line	7
   210                           ;sai sai timer 1.c: 7: PORTB=0X00;
   211  07F5  1283               	bcf	status, 5	;RP0=0, select bank0
   212  07F6  1303               	bcf	status, 6	;RP1=0, select bank0
   213  07F7  0186               	clrf	(6)	;volatile
   214  07F8  2FF9               	goto	l939
   215                           	line	9
   216                           ;sai sai timer 1.c: 9: while(1)
   217                           	
   218  07F9                     l559:	
   219                           	line	12
   220                           	
   221  07F9                     l939:	
   222                           ;sai sai timer 1.c: 10: {
   223                           ;sai sai timer 1.c: 12: RB0=0;
   224  07F9  1006               	bcf	(48/8),(48)&7
   225                           	line	14
   226                           	
   227  07FA                     l941:	
   228                           ;sai sai timer 1.c: 14: RB0=1;
   229  07FA  1406               	bsf	(48/8),(48)&7
   230  07FB  2FF9               	goto	l939
   231                           	line	15
   232                           	
   233  07FC                     l560:	
   234                           	line	9
   235  07FC  2FF9               	goto	l939
   236                           	
   237  07FD                     l561:	
   238                           	line	16
   239                           	
   240  07FD                     l562:	
   241                           	global	start
   242  07FD  120A  118A  2800   	ljmp	start
   243                           	opt stack 0
   244                           GLOBAL	__end_of_main
   245  0800                     	__end_of_main:
   246 ;; =============== function _main ends ============
   247                           
   248                           	signat	_main,88
   249                           psect	maintext
   250                           	global	btemp
   251  007E                     	btemp set 07Eh
   252                           
   253                           	DABS	1,126,2	;btemp
   254                           	global	wtemp0
   255  007E                     	wtemp0 set btemp


HI-TECH Software PICC Macro Assembler V9.80 build 6738 
Symbol Table                                                                                   Mon Feb 12 18:37:47 2024

                 l560 07FC                   l561 07FD                   l562 07FD                   l559 07F9  
                 l941 07FA                   l937 07F2                   l939 07F9                   _RB0 0030  
                _main 07F2                  btemp 007E                  start 0000                 ?_main 0000  
               _T1CON 0010                 _TMR1H 000F                 _TMR1L 000E                 _PORTB 0006  
               _TRISB 0086                 status 0003                 wtemp0 007E          __end_of_main 0800  
              ??_main 0000                _TMR1IF 0060        __pcstackCOMMON 0000            __pmaintext 07F2  
end_of_initialization 07EE   start_initialization 07EE         __size_of_main 000E  
