

HI-TECH Software PIC LITE Macro Assembler V9.80 build 6738 
                                                                                               Thu Feb 29 19:37:18 2024

HI-TECH Software Omniscient Code Generator (Lite mode) build 6738
     1  0000                     opt subtitle "HI-TECH Software Omniscient Code Generator (Lite mode) build 6738"
     2                           
     3                           opt pagewidth 120
     4                           
     5                           	opt lm
     6                           
     7                           	processor	16F877A
     8                           clrc	macro
     9                           	bcf	3,0
    10  0000                     	endm
    11                           clrz	macro
    12                           	bcf	3,2
    13  0000                     	endm
    14                           setc	macro
    15                           	bsf	3,0
    16  0000                     	endm
    17                           setz	macro
    18                           	bsf	3,2
    19  0000                     	endm
    20                           skipc	macro
    21                           	btfss	3,0
    22  0000                     	endm
    23                           skipz	macro
    24                           	btfss	3,2
    25  0000                     	endm
    26                           skipnc	macro
    27                           	btfsc	3,0
    28  0000                     	endm
    29                           skipnz	macro
    30                           	btfsc	3,2
    31  0000                     	endm
    32  0000                     indf	equ	0
    33  0000                     indf0	equ	0
    34  0002                     pc	equ	2
    35  0002                     pcl	equ	2
    36  0003                     status	equ	3
    37  0004                     fsr	equ	4
    38  0004                     fsr0	equ	4
    39  0001                     c	equ	1
    40  0000                     z	equ	0
    41  000A                     pclath	equ	10
    42                           	FNROOT	_main
    43                           	global	_PORTB
    44                           psect	maintext,global,class=CODE,delta=2
    45                           global __pmaintext
    46  07CB                     __pmaintext:
    47  0006                     _PORTB	set	6
    48                           	global	_RCSTA
    49  0018                     _RCSTA	set	24
    50                           	global	_TXREG
    51  0019                     _TXREG	set	25
    52                           	global	_RB1
    53  0031                     _RB1	set	49
    54                           	global	_RB2
    55  0032                     _RB2	set	50
    56                           	global	_RB3
    57  0033                     _RB3	set	51
    58                           	global	_TXIF
    59  0064                     _TXIF	set	100
    60                           	global	_SPBRG
    61  0099                     _SPBRG	set	153
    62                           	global	_TRISB
    63  0086                     _TRISB	set	134
    64                           	global	_TRISC
    65  0087                     _TRISC	set	135
    66                           	global	_TXSTA
    67  0098                     _TXSTA	set	152
    68                           	file	"program.as"
    69                           	line	#
    70                           psect cinit,class=CODE,delta=2
    71                           global start_initialization
    72  07C7                     start_initialization:
    73                           
    74                           psect cinit,class=CODE,delta=2
    75                           global end_of_initialization
    76                           
    77                           ;End of C runtime variable initialization code
    78                           
    79  07C7                     end_of_initialization:
    80  07C7  0183               clrf status
    81  07C8  120A  118A  2FCB   ljmp _main	;jump to C main() function
    82                           psect	cstackCOMMON,class=COMMON,space=1
    83                           global __pcstackCOMMON
    84  0000                     __pcstackCOMMON:
    85                           	global	?_main
    86  0000                     ?_main:	; 0 bytes @ 0x0
    87                           	global	??_main
    88  0000                     ??_main:	; 0 bytes @ 0x0
    89 ;;Data sizes: Strings 0, constant 0, data 0, bss 0, persistent 0 stack 0
    90 ;;Auto spaces:   Size  Autos    Used
    91 ;; COMMON          14      0       0
    92 ;; BANK0           80      0       0
    93 ;; BANK1           80      0       0
    94 ;; BANK3           96      0       0
    95 ;; BANK2           96      0       0
    96                           
    97 ;;
    98 ;; Pointer list with targets:
    99                           
   100                           
   101                           
   102 ;;
   103 ;; Critical Paths under _main in COMMON
   104 ;;
   105 ;;   None.
   106 ;;
   107 ;; Critical Paths under _main in BANK0
   108 ;;
   109 ;;   None.
   110 ;;
   111 ;; Critical Paths under _main in BANK1
   112 ;;
   113 ;;   None.
   114 ;;
   115 ;; Critical Paths under _main in BANK3
   116 ;;
   117 ;;   None.
   118 ;;
   119 ;; Critical Paths under _main in BANK2
   120 ;;
   121 ;;   None.
   122                           
   123 ;;
   124 ;;Main: autosize = 0, tempsize = 0, incstack = 0, save=0
   125 ;;
   126                           
   127 ;;
   128 ;;Call Graph Tables:
   129 ;;
   130 ;; ---------------------------------------------------------------------------------
   131 ;; (Depth) Function   	        Calls       Base Space   Used Autos Params    Refs
   132 ;; ---------------------------------------------------------------------------------
   133 ;; (0) _main                                                 0     0      0       0
   134 ;; ---------------------------------------------------------------------------------
   135 ;; Estimated maximum stack depth 0
   136 ;; ---------------------------------------------------------------------------------
   137                           
   138 ;; Call Graph Graphs:
   139                           
   140 ;; _main (ROOT)
   141 ;;
   142                           
   143 ;; Address spaces:
   144                           
   145 ;;Name               Size   Autos  Total    Cost      Usage
   146 ;;BITCOMMON            E      0       0       0        0.0%
   147 ;;EEDATA             100      0       0       0        0.0%
   148 ;;NULL                 0      0       0       0        0.0%
   149 ;;CODE                 0      0       0       0        0.0%
   150 ;;COMMON               E      0       0       1        0.0%
   151 ;;BITSFR0              0      0       0       1        0.0%
   152 ;;SFR0                 0      0       0       1        0.0%
   153 ;;BITSFR1              0      0       0       2        0.0%
   154 ;;SFR1                 0      0       0       2        0.0%
   155 ;;STACK                0      0       0       2        0.0%
   156 ;;ABS                  0      0       0       3        0.0%
   157 ;;BITBANK0            50      0       0       4        0.0%
   158 ;;BITSFR3              0      0       0       4        0.0%
   159 ;;SFR3                 0      0       0       4        0.0%
   160 ;;BANK0               50      0       0       5        0.0%
   161 ;;BITSFR2              0      0       0       5        0.0%
   162 ;;SFR2                 0      0       0       5        0.0%
   163 ;;BITBANK1            50      0       0       6        0.0%
   164 ;;BANK1               50      0       0       7        0.0%
   165 ;;BITBANK3            60      0       0       8        0.0%
   166 ;;BANK3               60      0       0       9        0.0%
   167 ;;BITBANK2            60      0       0      10        0.0%
   168 ;;BANK2               60      0       0      11        0.0%
   169 ;;DATA                 0      0       0      12        0.0%
   170                           
   171                           	global	_main
   172                           psect	maintext
   173                           
   174 ;; *************** function _main *****************
   175 ;; Defined at:
   176 ;;		line 4 in file "E:\sai em pic\uart\program.c"
   177 ;; Parameters:    Size  Location     Type
   178 ;;		None
   179 ;; Auto vars:     Size  Location     Type
   180 ;;		None
   181 ;; Return value:  Size  Location     Type
   182 ;;		None               void
   183 ;; Registers used:
   184 ;;		wreg, status,2
   185 ;; Tracked objects:
   186 ;;		On entry : 17F/0
   187 ;;		On exit  : 0/0
   188 ;;		Unchanged: 0/0
   189 ;; Data sizes:     COMMON   BANK0   BANK1   BANK3   BANK2
   190 ;;      Params:         0       0       0       0       0
   191 ;;      Locals:         0       0       0       0       0
   192 ;;      Temps:          0       0       0       0       0
   193 ;;      Totals:         0       0       0       0       0
   194 ;;Total ram usage:        0 bytes
   195 ;; This function calls:
   196 ;;		Nothing
   197 ;; This function is called by:
   198 ;;		Startup code after reset
   199 ;; This function uses a non-reentrant model
   200 ;;
   201                           psect	maintext
   202                           	file	"E:\sai em pic\uart\program.c"
   203                           	line	4
   204                           	global	__size_of_main
   205  0035                     	__size_of_main	equ	__end_of_main-_main
   206                           	
   207  07CB                     _main:	
   208                           	opt	stack 8
   209                           ; Regs used in _main: [wreg+status,2]
   210                           	line	5
   211                           	
   212  07CB                     l940:	
   213                           ;program.c: 5: TRISC=0X00;
   214  07CB  1683               	bsf	status, 5	;RP0=1, select bank1
   215  07CC  1303               	bcf	status, 6	;RP1=0, select bank1
   216  07CD  0187               	clrf	(135)^080h	;volatile
   217                           	line	6
   218                           	
   219  07CE                     l942:	
   220                           ;program.c: 6: TRISB=1;
   221  07CE  3001               	movlw	(01h)
   222  07CF  0086               	movwf	(134)^080h	;volatile
   223                           	line	7
   224                           	
   225  07D0                     l944:	
   226                           ;program.c: 7: PORTB=0XFF;
   227  07D0  30FF               	movlw	(0FFh)
   228  07D1  1283               	bcf	status, 5	;RP0=0, select bank0
   229  07D2  1303               	bcf	status, 6	;RP1=0, select bank0
   230  07D3  0086               	movwf	(6)	;volatile
   231                           	line	8
   232                           	
   233  07D4                     l946:	
   234                           ;program.c: 8: RCSTA=0X90;
   235  07D4  3090               	movlw	(090h)
   236  07D5  0098               	movwf	(24)	;volatile
   237                           	line	10
   238                           	
   239  07D6                     l948:	
   240                           ;program.c: 10: TXSTA=0X24;
   241  07D6  3024               	movlw	(024h)
   242  07D7  1683               	bsf	status, 5	;RP0=1, select bank1
   243  07D8  1303               	bcf	status, 6	;RP1=0, select bank1
   244  07D9  0098               	movwf	(152)^080h	;volatile
   245                           	line	11
   246                           	
   247  07DA                     l950:	
   248                           ;program.c: 11: SPBRG=129;
   249  07DA  3081               	movlw	(081h)
   250  07DB  0099               	movwf	(153)^080h	;volatile
   251  07DC  2FDD               	goto	l952
   252                           	line	12
   253                           ;program.c: 12: while(1)
   254                           	
   255  07DD                     l559:	
   256                           	line	15
   257                           	
   258  07DD                     l952:	
   259                           ;program.c: 13: {
   260                           ;program.c: 15: if(RB3==0)
   261  07DD  1283               	bcf	status, 5	;RP0=0, select bank0
   262  07DE  1986               	btfsc	(51/8),(51)&7
   263  07DF  2FE1               	goto	u11
   264  07E0  2FE2               	goto	u10
   265  07E1                     u11:
   266  07E1  2FE5               	goto	l956
   267  07E2                     u10:
   268                           	line	17
   269                           	
   270  07E2                     l954:	
   271                           ;program.c: 16: {
   272                           ;program.c: 17: TXREG=1;
   273  07E2  3001               	movlw	(01h)
   274  07E3  0099               	movwf	(25)	;volatile
   275  07E4  2FE5               	goto	l956
   276                           	line	18
   277                           	
   278  07E5                     l560:	
   279                           	line	20
   280                           	
   281  07E5                     l956:	
   282                           ;program.c: 18: }
   283                           ;program.c: 20: if(RB1==0)
   284  07E5  1886               	btfsc	(49/8),(49)&7
   285  07E6  2FE8               	goto	u21
   286  07E7  2FE9               	goto	u20
   287  07E8                     u21:
   288  07E8  2FEC               	goto	l960
   289  07E9                     u20:
   290                           	line	22
   291                           	
   292  07E9                     l958:	
   293                           ;program.c: 21: {
   294                           ;program.c: 22: TXREG=2;
   295  07E9  3002               	movlw	(02h)
   296  07EA  0099               	movwf	(25)	;volatile
   297  07EB  2FEC               	goto	l960
   298                           	line	23
   299                           	
   300  07EC                     l561:	
   301                           	line	25
   302                           	
   303  07EC                     l960:	
   304                           ;program.c: 23: }
   305                           ;program.c: 25: if(RB2==0)
   306  07EC  1906               	btfsc	(50/8),(50)&7
   307  07ED  2FEF               	goto	u31
   308  07EE  2FF0               	goto	u30
   309  07EF                     u31:
   310  07EF  2FF4               	goto	l563
   311  07F0                     u30:
   312                           	line	27
   313                           	
   314  07F0                     l962:	
   315                           ;program.c: 26: {
   316                           ;program.c: 27: TXREG=3;
   317  07F0  3003               	movlw	(03h)
   318  07F1  0099               	movwf	(25)	;volatile
   319  07F2  2FF4               	goto	l563
   320                           	line	28
   321                           	
   322  07F3                     l562:	
   323                           	line	35
   324                           ;program.c: 28: }
   325                           ;program.c: 35: while(TXIF==0);
   326  07F3  2FF4               	goto	l563
   327                           	
   328  07F4                     l564:	
   329                           	
   330  07F4                     l563:	
   331  07F4  1E0C               	btfss	(100/8),(100)&7
   332  07F5  2FF7               	goto	u41
   333  07F6  2FF8               	goto	u40
   334  07F7                     u41:
   335  07F7  2FF4               	goto	l563
   336  07F8                     u40:
   337                           	
   338  07F8                     l565:	
   339                           	line	36
   340                           ;program.c: 36: TXIF=0;
   341  07F8  120C               	bcf	(100/8),(100)&7
   342  07F9  2FDD               	goto	l952
   343                           	line	37
   344                           	
   345  07FA                     l566:	
   346                           	line	12
   347  07FA  2FDD               	goto	l952
   348                           	
   349  07FB                     l567:	
   350  07FB  2FFC               	goto	l569
   351                           	line	38
   352                           ;program.c: 37: }
   353                           ;program.c: 38: while(1);
   354                           	
   355  07FC                     l568:	
   356                           	
   357  07FC                     l569:	
   358  07FC  2FFC               	goto	l569
   359                           	
   360  07FD                     l570:	
   361                           	line	39
   362                           	
   363  07FD                     l571:	
   364                           	global	start
   365  07FD  120A  118A  2800   	ljmp	start
   366                           	opt stack 0
   367                           GLOBAL	__end_of_main
   368  0800                     	__end_of_main:
   369 ;; =============== function _main ends ============
   370                           
   371                           	signat	_main,88
   372                           psect	maintext
   373                           	global	btemp
   374  007E                     	btemp set 07Eh
   375                           
   376                           	DABS	1,126,2	;btemp
   377                           	global	wtemp0
   378  007E                     	wtemp0 set btemp


HI-TECH Software PICC Macro Assembler V9.80 build 6738 
Symbol Table                                                                                   Thu Feb 29 19:37:18 2024

                  u10 07E2                    u11 07E1                    u20 07E9                    u21 07E8  
                  u30 07F0                    u31 07EF                    u40 07F8                    u41 07F7  
                 l560 07E5                   l561 07EC                   l570 07FD                   l562 07F3  
                 l571 07FD                   l563 07F4                   l564 07F4                   l565 07F8  
                 l566 07FA                   l567 07FB                   l559 07DD                   l568 07FC  
                 l569 07FC                   l940 07CB                   l950 07DA                   l942 07CE  
                 l960 07EC                   l952 07DD                   l944 07D0                   l962 07F0  
                 l954 07E2                   l946 07D4                   l956 07E5                   l948 07D6  
                 l958 07E9                   _RB1 0031                   _RB2 0032                   _RB3 0033  
                _TXIF 0064                  _main 07CB                  btemp 007E                  start 0000  
               ?_main 0000                 _RCSTA 0018                 _SPBRG 0099                 _PORTB 0006  
               _TRISB 0086                 _TRISC 0087                 _TXREG 0019                 _TXSTA 0098  
               status 0003                 wtemp0 007E          __end_of_main 0800                ??_main 0000  
      __pcstackCOMMON 0000            __pmaintext 07CB  end_of_initialization 07C7   start_initialization 07C7  
       __size_of_main 0035  
