

HI-TECH Software PIC LITE Macro Assembler V9.80 build 6738 
                                                                                               Thu Feb 29 19:35:49 2024

HI-TECH Software Omniscient Code Generator (Lite mode) build 6738
     1  0000                     opt subtitle "HI-TECH Software Omniscient Code Generator (Lite mode) build 6738"
     2                           
     3                           opt pagewidth 120
     4                           
     5                           	opt lm
     6                           
     7                           	processor	16F877A
     8                           clrc	macro
     9                           	bcf	3,0
    10  0000                     	endm
    11                           clrz	macro
    12                           	bcf	3,2
    13  0000                     	endm
    14                           setc	macro
    15                           	bsf	3,0
    16  0000                     	endm
    17                           setz	macro
    18                           	bsf	3,2
    19  0000                     	endm
    20                           skipc	macro
    21                           	btfss	3,0
    22  0000                     	endm
    23                           skipz	macro
    24                           	btfss	3,2
    25  0000                     	endm
    26                           skipnc	macro
    27                           	btfsc	3,0
    28  0000                     	endm
    29                           skipnz	macro
    30                           	btfsc	3,2
    31  0000                     	endm
    32  0000                     indf	equ	0
    33  0000                     indf0	equ	0
    34  0002                     pc	equ	2
    35  0002                     pcl	equ	2
    36  0003                     status	equ	3
    37  0004                     fsr	equ	4
    38  0004                     fsr0	equ	4
    39  0001                     c	equ	1
    40  0000                     z	equ	0
    41  000A                     pclath	equ	10
    42                           	FNROOT	_main
    43                           	global	_PORTB
    44                           psect	maintext,global,class=CODE,delta=2
    45                           global __pmaintext
    46  07C2                     __pmaintext:
    47  0006                     _PORTB	set	6
    48                           	global	_RCREG
    49  001A                     _RCREG	set	26
    50                           	global	_RCSTA
    51  0018                     _RCSTA	set	24
    52                           	global	_RB1
    53  0031                     _RB1	set	49
    54                           	global	_RB2
    55  0032                     _RB2	set	50
    56                           	global	_RB3
    57  0033                     _RB3	set	51
    58                           	global	_RCIF
    59  0065                     _RCIF	set	101
    60                           	global	_SPBRG
    61  0099                     _SPBRG	set	153
    62                           	global	_TRISB
    63  0086                     _TRISB	set	134
    64                           	global	_TRISC
    65  0087                     _TRISC	set	135
    66                           	global	_TXSTA
    67  0098                     _TXSTA	set	152
    68                           	file	"program.as"
    69                           	line	#
    70                           psect cinit,class=CODE,delta=2
    71                           global start_initialization
    72  07BE                     start_initialization:
    73                           
    74                           psect cinit,class=CODE,delta=2
    75                           global end_of_initialization
    76                           
    77                           ;End of C runtime variable initialization code
    78                           
    79  07BE                     end_of_initialization:
    80  07BE  0183               clrf status
    81  07BF  120A  118A  2FC2   ljmp _main	;jump to C main() function
    82                           psect	cstackCOMMON,class=COMMON,space=1
    83                           global __pcstackCOMMON
    84  0070                     __pcstackCOMMON:
    85                           	global	?_main
    86  0070                     ?_main:	; 0 bytes @ 0x0
    87                           	global	??_main
    88  0070                     ??_main:	; 0 bytes @ 0x0
    89  0070                     	ds	2
    90                           	global	main@mes
    91  0072                     main@mes:	; 2 bytes @ 0x2
    92  0072                     	ds	2
    93 ;;Data sizes: Strings 0, constant 0, data 0, bss 0, persistent 0 stack 0
    94 ;;Auto spaces:   Size  Autos    Used
    95 ;; COMMON          14      4       4
    96 ;; BANK0           80      0       0
    97 ;; BANK1           80      0       0
    98 ;; BANK3           96      0       0
    99 ;; BANK2           96      0       0
   100                           
   101 ;;
   102 ;; Pointer list with targets:
   103                           
   104                           
   105                           
   106 ;;
   107 ;; Critical Paths under _main in COMMON
   108 ;;
   109 ;;   None.
   110 ;;
   111 ;; Critical Paths under _main in BANK0
   112 ;;
   113 ;;   None.
   114 ;;
   115 ;; Critical Paths under _main in BANK1
   116 ;;
   117 ;;   None.
   118 ;;
   119 ;; Critical Paths under _main in BANK3
   120 ;;
   121 ;;   None.
   122 ;;
   123 ;; Critical Paths under _main in BANK2
   124 ;;
   125 ;;   None.
   126                           
   127 ;;
   128 ;;Main: autosize = 0, tempsize = 2, incstack = 0, save=0
   129 ;;
   130                           
   131 ;;
   132 ;;Call Graph Tables:
   133 ;;
   134 ;; ---------------------------------------------------------------------------------
   135 ;; (Depth) Function   	        Calls       Base Space   Used Autos Params    Refs
   136 ;; ---------------------------------------------------------------------------------
   137 ;; (0) _main                                                 4     4      0      15
   138 ;;                                              0 COMMON     4     4      0
   139 ;; ---------------------------------------------------------------------------------
   140 ;; Estimated maximum stack depth 0
   141 ;; ---------------------------------------------------------------------------------
   142                           
   143 ;; Call Graph Graphs:
   144                           
   145 ;; _main (ROOT)
   146 ;;
   147                           
   148 ;; Address spaces:
   149                           
   150 ;;Name               Size   Autos  Total    Cost      Usage
   151 ;;BITCOMMON            E      0       0       0        0.0%
   152 ;;EEDATA             100      0       0       0        0.0%
   153 ;;NULL                 0      0       0       0        0.0%
   154 ;;CODE                 0      0       0       0        0.0%
   155 ;;COMMON               E      4       4       1       28.6%
   156 ;;BITSFR0              0      0       0       1        0.0%
   157 ;;SFR0                 0      0       0       1        0.0%
   158 ;;BITSFR1              0      0       0       2        0.0%
   159 ;;SFR1                 0      0       0       2        0.0%
   160 ;;STACK                0      0       0       2        0.0%
   161 ;;ABS                  0      0       0       3        0.0%
   162 ;;BITBANK0            50      0       0       4        0.0%
   163 ;;BITSFR3              0      0       0       4        0.0%
   164 ;;SFR3                 0      0       0       4        0.0%
   165 ;;BANK0               50      0       0       5        0.0%
   166 ;;BITSFR2              0      0       0       5        0.0%
   167 ;;SFR2                 0      0       0       5        0.0%
   168 ;;BITBANK1            50      0       0       6        0.0%
   169 ;;BANK1               50      0       0       7        0.0%
   170 ;;BITBANK3            60      0       0       8        0.0%
   171 ;;BANK3               60      0       0       9        0.0%
   172 ;;BITBANK2            60      0       0      10        0.0%
   173 ;;BANK2               60      0       0      11        0.0%
   174 ;;DATA                 0      0       0      12        0.0%
   175                           
   176                           	global	_main
   177                           psect	maintext
   178                           
   179 ;; *************** function _main *****************
   180 ;; Defined at:
   181 ;;		line 4 in file "E:\sai em pic\uart within pic\program.c"
   182 ;; Parameters:    Size  Location     Type
   183 ;;		None
   184 ;; Auto vars:     Size  Location     Type
   185 ;;  mes             2    2[COMMON] int 
   186 ;; Return value:  Size  Location     Type
   187 ;;		None               void
   188 ;; Registers used:
   189 ;;		wreg, fsr0l, fsr0h, status,2, status,0
   190 ;; Tracked objects:
   191 ;;		On entry : 17F/0
   192 ;;		On exit  : 0/0
   193 ;;		Unchanged: 0/0
   194 ;; Data sizes:     COMMON   BANK0   BANK1   BANK3   BANK2
   195 ;;      Params:         0       0       0       0       0
   196 ;;      Locals:         2       0       0       0       0
   197 ;;      Temps:          2       0       0       0       0
   198 ;;      Totals:         4       0       0       0       0
   199 ;;Total ram usage:        4 bytes
   200 ;; This function calls:
   201 ;;		Nothing
   202 ;; This function is called by:
   203 ;;		Startup code after reset
   204 ;; This function uses a non-reentrant model
   205 ;;
   206                           psect	maintext
   207                           	file	"E:\sai em pic\uart within pic\program.c"
   208                           	line	4
   209                           	global	__size_of_main
   210  003E                     	__size_of_main	equ	__end_of_main-_main
   211                           	
   212  07C2                     _main:	
   213                           	opt	stack 8
   214                           ; Regs used in _main: [wreg-fsr0h+status,2+status,0]
   215                           	line	5
   216                           	
   217  07C2                     l937:	
   218                           ;program.c: 5: TRISC=0X80;
   219  07C2  3080               	movlw	(080h)
   220  07C3  1683               	bsf	status, 5	;RP0=1, select bank1
   221  07C4  1303               	bcf	status, 6	;RP1=0, select bank1
   222  07C5  0087               	movwf	(135)^080h	;volatile
   223                           	line	6
   224                           	
   225  07C6                     l939:	
   226                           ;program.c: 6: TRISB=0;
   227  07C6  0186               	clrf	(134)^080h	;volatile
   228                           	line	7
   229                           	
   230  07C7                     l941:	
   231                           ;program.c: 7: PORTB=0X00;
   232  07C7  1283               	bcf	status, 5	;RP0=0, select bank0
   233  07C8  1303               	bcf	status, 6	;RP1=0, select bank0
   234  07C9  0186               	clrf	(6)	;volatile
   235                           	line	8
   236                           ;program.c: 8: RCSTA=0X90;
   237  07CA  3090               	movlw	(090h)
   238  07CB  0098               	movwf	(24)	;volatile
   239                           	line	10
   240                           ;program.c: 10: TXSTA=0X24;
   241  07CC  3024               	movlw	(024h)
   242  07CD  1683               	bsf	status, 5	;RP0=1, select bank1
   243  07CE  1303               	bcf	status, 6	;RP1=0, select bank1
   244  07CF  0098               	movwf	(152)^080h	;volatile
   245                           	line	11
   246                           ;program.c: 11: SPBRG=129;
   247  07D0  3081               	movlw	(081h)
   248  07D1  0099               	movwf	(153)^080h	;volatile
   249                           	line	13
   250                           ;program.c: 12: int mes;
   251                           ;program.c: 13: mes=RCREG;
   252  07D2  1283               	bcf	status, 5	;RP0=0, select bank0
   253  07D3  1303               	bcf	status, 6	;RP1=0, select bank0
   254  07D4  081A               	movf	(26),w	;volatile
   255  07D5  00F0               	movwf	(??_main+0)+0
   256  07D6  01F1               	clrf	(??_main+0)+0+1
   257  07D7  0870               	movf	0+(??_main+0)+0,w
   258  07D8  00F2               	movwf	(main@mes)
   259  07D9  0871               	movf	1+(??_main+0)+0,w
   260  07DA  00F3               	movwf	(main@mes+1)
   261                           	line	14
   262                           ;program.c: 14: switch (mes)
   263  07DB  2FE7               	goto	l945
   264                           	line	16
   265                           ;program.c: 15: {
   266                           ;program.c: 16: case 1:
   267                           	
   268  07DC                     l560:	
   269                           	line	17
   270                           ;program.c: 17: RB1=1;
   271  07DC  1486               	bsf	(49/8),(49)&7
   272                           	line	18
   273                           ;program.c: 18: break;
   274  07DD  2FF8               	goto	l565
   275                           	line	20
   276                           ;program.c: 20: case 2:
   277                           	
   278  07DE                     l562:	
   279                           	line	21
   280                           ;program.c: 21: RB2=1;
   281  07DE  1506               	bsf	(50/8),(50)&7
   282                           	line	22
   283                           ;program.c: 22: break;
   284  07DF  2FF8               	goto	l565
   285                           	line	24
   286                           ;program.c: 24: case 3:
   287                           	
   288  07E0                     l563:	
   289                           	line	25
   290                           ;program.c: 25: RB3=1;
   291  07E0  1586               	bsf	(51/8),(51)&7
   292                           	line	26
   293                           ;program.c: 26: break;
   294  07E1  2FF8               	goto	l565
   295                           	line	27
   296                           ;program.c: 27: default:
   297                           	
   298  07E2                     l564:	
   299                           	line	28
   300                           ;program.c: 28: RB1=0;RB2=0;RB3=0;
   301  07E2  1086               	bcf	(49/8),(49)&7
   302  07E3  1106               	bcf	(50/8),(50)&7
   303  07E4  1186               	bcf	(51/8),(51)&7
   304                           	line	29
   305                           ;program.c: 29: break;
   306  07E5  2FF8               	goto	l565
   307                           	line	30
   308                           	
   309  07E6                     l943:	
   310                           ;program.c: 30: }
   311  07E6  2FF8               	goto	l565
   312                           	line	14
   313                           	
   314  07E7                     l559:	
   315                           	
   316  07E7                     l945:	
   317                           	; Switch on 2 bytes has been partitioned into a top level switch of size 1, and 1 sub-s
                                 witches
   318                           ; Switch size 1, requested type "space"
   319                           ; Number of cases is 1, Range of values is 0 to 0
   320                           ; switch strategies available:
   321                           ; Name         Bytes Cycles
   322                           ; simple_byte     4     3 (average)
   323                           ; direct_byte    22    19 (fixed)
   324                           ;	Chosen strategy is simple_byte
   325                           
   326  07E7  0873               	movf (main@mes+1),w
   327  07E8  3A00               	xorlw	0^0	; case 0
   328  07E9  1903               	skipnz
   329  07EA  2FEC               	goto	l1757
   330  07EB  2FE2               	goto	l564
   331                           	
   332  07EC                     l1757:	
   333                           ; Switch size 1, requested type "space"
   334                           ; Number of cases is 3, Range of values is 1 to 3
   335                           ; switch strategies available:
   336                           ; Name         Bytes Cycles
   337                           ; simple_byte    10     6 (average)
   338                           ; direct_byte    31    22 (fixed)
   339                           ;	Chosen strategy is simple_byte
   340                           
   341  07EC  0872               	movf (main@mes),w
   342  07ED  3A01               	xorlw	1^0	; case 1
   343  07EE  1903               	skipnz
   344  07EF  2FDC               	goto	l560
   345  07F0  3A03               	xorlw	2^1	; case 2
   346  07F1  1903               	skipnz
   347  07F2  2FDE               	goto	l562
   348  07F3  3A01               	xorlw	3^2	; case 3
   349  07F4  1903               	skipnz
   350  07F5  2FE0               	goto	l563
   351  07F6  2FE2               	goto	l564
   352                           
   353                           	line	30
   354                           	
   355  07F7                     l561:	
   356                           	line	31
   357                           ;program.c: 31: while(RCIF==0);
   358  07F7  2FF8               	goto	l565
   359                           	
   360  07F8                     l566:	
   361                           	
   362  07F8                     l565:	
   363  07F8  1E8C               	btfss	(101/8),(101)&7
   364  07F9  2FFB               	goto	u11
   365  07FA  2FFC               	goto	u10
   366  07FB                     u11:
   367  07FB  2FF8               	goto	l565
   368  07FC                     u10:
   369                           	
   370  07FC                     l567:	
   371                           	line	32
   372                           ;program.c: 32: RCIF=0;
   373  07FC  128C               	bcf	(101/8),(101)&7
   374                           	line	33
   375                           	
   376  07FD                     l568:	
   377                           	global	start
   378  07FD  120A  118A  2800   	ljmp	start
   379                           	opt stack 0
   380                           GLOBAL	__end_of_main
   381  0800                     	__end_of_main:
   382 ;; =============== function _main ends ============
   383                           
   384                           	signat	_main,88
   385                           psect	maintext
   386                           	global	btemp
   387  007E                     	btemp set 07Eh
   388                           
   389                           	DABS	1,126,2	;btemp
   390                           	global	wtemp0
   391  007E                     	wtemp0 set btemp


HI-TECH Software PICC Macro Assembler V9.80 build 6738 
Symbol Table                                                                                   Thu Feb 29 19:35:49 2024

                  u10 07FC                    u11 07FB                   l560 07DC                   l561 07F7  
                 l562 07DE                   l563 07E0                   l564 07E2                   l565 07F8  
                 l566 07F8                   l567 07FC                   l559 07E7                   l568 07FD  
                 l941 07C7                   l943 07E6                   l945 07E7                   l937 07C2  
                 l939 07C6                   _RB1 0031                   _RB2 0032                   _RB3 0033  
                l1757 07EC                  _RCIF 0065                  _main 07C2                  btemp 007E  
                start 0000                 ?_main 0070                 _RCREG 001A                 _RCSTA 0018  
               _SPBRG 0099                 _PORTB 0006                 _TRISB 0086                 _TRISC 0087  
               _TXSTA 0098                 status 0003                 wtemp0 007E          __end_of_main 0800  
              ??_main 0070        __pcstackCOMMON 0070            __pmaintext 07C2               main@mes 0072  
end_of_initialization 07BE   start_initialization 07BE         __size_of_main 003E  
