

HI-TECH Software PIC LITE Macro Assembler V9.80 build 6738 
                                                                                               Mon Feb 12 18:56:48 2024

HI-TECH Software Omniscient Code Generator (Lite mode) build 6738
     1  0000                     opt subtitle "HI-TECH Software Omniscient Code Generator (Lite mode) build 6738"
     2                           
     3                           opt pagewidth 120
     4                           
     5                           	opt lm
     6                           
     7                           	processor	16F877A
     8                           clrc	macro
     9                           	bcf	3,0
    10  0000                     	endm
    11                           clrz	macro
    12                           	bcf	3,2
    13  0000                     	endm
    14                           setc	macro
    15                           	bsf	3,0
    16  0000                     	endm
    17                           setz	macro
    18                           	bsf	3,2
    19  0000                     	endm
    20                           skipc	macro
    21                           	btfss	3,0
    22  0000                     	endm
    23                           skipz	macro
    24                           	btfss	3,2
    25  0000                     	endm
    26                           skipnc	macro
    27                           	btfsc	3,0
    28  0000                     	endm
    29                           skipnz	macro
    30                           	btfsc	3,2
    31  0000                     	endm
    32  0000                     indf	equ	0
    33  0000                     indf0	equ	0
    34  0002                     pc	equ	2
    35  0002                     pcl	equ	2
    36  0003                     status	equ	3
    37  0004                     fsr	equ	4
    38  0004                     fsr0	equ	4
    39  0001                     c	equ	1
    40  0000                     z	equ	0
    41  000A                     pclath	equ	10
    42                           	FNCALL	_main,_delay
    43                           	FNROOT	_main
    44                           	global	_PORTB
    45                           psect	text60,local,class=CODE,delta=2
    46                           global __ptext60
    47  0000                     __ptext60:
    48  0006                     _PORTB	set	6
    49                           	global	_T1CON
    50  0010                     _T1CON	set	16
    51                           	global	_TMR1H
    52  000F                     _TMR1H	set	15
    53                           	global	_TMR1L
    54  000E                     _TMR1L	set	14
    55                           	global	_RB0
    56  0030                     _RB0	set	48
    57                           	global	_TMR1IF
    58  0060                     _TMR1IF	set	96
    59                           	global	_TRISB
    60  0086                     _TRISB	set	134
    61                           	file	"timerprogram.as"
    62                           	line	#
    63                           psect cinit,class=CODE,delta=2
    64                           global start_initialization
    65  07D1                     start_initialization:
    66                           
    67                           psect cinit,class=CODE,delta=2
    68                           global end_of_initialization
    69                           
    70                           ;End of C runtime variable initialization code
    71                           
    72  07D1                     end_of_initialization:
    73  07D1  0183               clrf status
    74  07D2  120A  118A  2FE4   ljmp _main	;jump to C main() function
    75                           psect	cstackCOMMON,class=COMMON,space=1
    76                           global __pcstackCOMMON
    77  0000                     __pcstackCOMMON:
    78                           	global	?_delay
    79  0000                     ?_delay:	; 0 bytes @ 0x0
    80                           	global	??_delay
    81  0000                     ??_delay:	; 0 bytes @ 0x0
    82                           	global	?_main
    83  0000                     ?_main:	; 0 bytes @ 0x0
    84                           	global	??_main
    85  0000                     ??_main:	; 0 bytes @ 0x0
    86 ;;Data sizes: Strings 0, constant 0, data 0, bss 0, persistent 0 stack 0
    87 ;;Auto spaces:   Size  Autos    Used
    88 ;; COMMON          14      0       0
    89 ;; BANK0           80      0       0
    90 ;; BANK1           80      0       0
    91 ;; BANK3           96      0       0
    92 ;; BANK2           96      0       0
    93                           
    94 ;;
    95 ;; Pointer list with targets:
    96                           
    97                           
    98                           
    99 ;;
   100 ;; Critical Paths under _main in COMMON
   101 ;;
   102 ;;   None.
   103 ;;
   104 ;; Critical Paths under _main in BANK0
   105 ;;
   106 ;;   None.
   107 ;;
   108 ;; Critical Paths under _main in BANK1
   109 ;;
   110 ;;   None.
   111 ;;
   112 ;; Critical Paths under _main in BANK3
   113 ;;
   114 ;;   None.
   115 ;;
   116 ;; Critical Paths under _main in BANK2
   117 ;;
   118 ;;   None.
   119                           
   120 ;;
   121 ;;Main: autosize = 0, tempsize = 0, incstack = 0, save=0
   122 ;;
   123                           
   124 ;;
   125 ;;Call Graph Tables:
   126 ;;
   127 ;; ---------------------------------------------------------------------------------
   128 ;; (Depth) Function   	        Calls       Base Space   Used Autos Params    Refs
   129 ;; ---------------------------------------------------------------------------------
   130 ;; (0) _main                                                 0     0      0       0
   131 ;;                              _delay
   132 ;; ---------------------------------------------------------------------------------
   133 ;; (1) _delay                                                0     0      0       0
   134 ;; ---------------------------------------------------------------------------------
   135 ;; Estimated maximum stack depth 1
   136 ;; ---------------------------------------------------------------------------------
   137                           
   138 ;; Call Graph Graphs:
   139                           
   140 ;; _main (ROOT)
   141 ;;   _delay
   142 ;;
   143                           
   144 ;; Address spaces:
   145                           
   146 ;;Name               Size   Autos  Total    Cost      Usage
   147 ;;BITCOMMON            E      0       0       0        0.0%
   148 ;;EEDATA             100      0       0       0        0.0%
   149 ;;NULL                 0      0       0       0        0.0%
   150 ;;CODE                 0      0       0       0        0.0%
   151 ;;COMMON               E      0       0       1        0.0%
   152 ;;BITSFR0              0      0       0       1        0.0%
   153 ;;SFR0                 0      0       0       1        0.0%
   154 ;;BITSFR1              0      0       0       2        0.0%
   155 ;;SFR1                 0      0       0       2        0.0%
   156 ;;STACK                0      0       1       2        0.0%
   157 ;;ABS                  0      0       0       3        0.0%
   158 ;;BITBANK0            50      0       0       4        0.0%
   159 ;;BITSFR3              0      0       0       4        0.0%
   160 ;;SFR3                 0      0       0       4        0.0%
   161 ;;BANK0               50      0       0       5        0.0%
   162 ;;BITSFR2              0      0       0       5        0.0%
   163 ;;SFR2                 0      0       0       5        0.0%
   164 ;;BITBANK1            50      0       0       6        0.0%
   165 ;;BANK1               50      0       0       7        0.0%
   166 ;;BITBANK3            60      0       0       8        0.0%
   167 ;;BANK3               60      0       0       9        0.0%
   168 ;;BITBANK2            60      0       0      10        0.0%
   169 ;;BANK2               60      0       0      11        0.0%
   170 ;;DATA                 0      0       0      12        0.0%
   171                           
   172                           	global	_main
   173                           psect	maintext,global,class=CODE,delta=2
   174                           global __pmaintext
   175  07E4                     __pmaintext:
   176                           
   177 ;; *************** function _main *****************
   178 ;; Defined at:
   179 ;;		line 4 in file "E:\sai em pic\timer 1\timerprogram2.c"
   180 ;; Parameters:    Size  Location     Type
   181 ;;		None
   182 ;; Auto vars:     Size  Location     Type
   183 ;;		None
   184 ;; Return value:  Size  Location     Type
   185 ;;		None               void
   186 ;; Registers used:
   187 ;;		wreg, status,2, status,0, pclath, cstack
   188 ;; Tracked objects:
   189 ;;		On entry : 17F/0
   190 ;;		On exit  : 0/0
   191 ;;		Unchanged: 0/0
   192 ;; Data sizes:     COMMON   BANK0   BANK1   BANK3   BANK2
   193 ;;      Params:         0       0       0       0       0
   194 ;;      Locals:         0       0       0       0       0
   195 ;;      Temps:          0       0       0       0       0
   196 ;;      Totals:         0       0       0       0       0
   197 ;;Total ram usage:        0 bytes
   198 ;; Hardware stack levels required when called:    1
   199 ;; This function calls:
   200 ;;		_delay
   201 ;; This function is called by:
   202 ;;		Startup code after reset
   203 ;; This function uses a non-reentrant model
   204 ;;
   205                           psect	maintext
   206                           	file	"E:\sai em pic\timer 1\timerprogram2.c"
   207                           	line	4
   208                           	global	__size_of_main
   209  001C                     	__size_of_main	equ	__end_of_main-_main
   210                           	
   211  07E4                     _main:	
   212                           	opt	stack 7
   213                           ; Regs used in _main: [wreg+status,2+status,0+pclath+cstack]
   214                           	line	6
   215                           	
   216  07E4                     l1727:	
   217                           ;timerprogram2.c: 6: TRISB=0;
   218  07E4  1683               	bsf	status, 5	;RP0=1, select bank1
   219  07E5  1303               	bcf	status, 6	;RP1=0, select bank1
   220  07E6  0186               	clrf	(134)^080h	;volatile
   221                           	line	7
   222                           ;timerprogram2.c: 7: PORTB=0X00;
   223  07E7  1283               	bcf	status, 5	;RP0=0, select bank0
   224  07E8  1303               	bcf	status, 6	;RP1=0, select bank0
   225  07E9  0186               	clrf	(6)	;volatile
   226  07EA  2FEB               	goto	l1729
   227                           	line	9
   228                           ;timerprogram2.c: 9: while(1)
   229                           	
   230  07EB                     l561:	
   231                           	line	12
   232                           	
   233  07EB                     l1729:	
   234                           ;timerprogram2.c: 10: {
   235                           ;timerprogram2.c: 12: RB0=0;
   236  07EB  1283               	bcf	status, 5	;RP0=0, select bank0
   237  07EC  1303               	bcf	status, 6	;RP1=0, select bank0
   238  07ED  1006               	bcf	(48/8),(48)&7
   239                           	line	13
   240                           	
   241  07EE                     l1731:	
   242                           ;timerprogram2.c: 13: delay();
   243  07EE  120A  118A  27D5   	fcall	_delay
              120A  118A         
   244                           	line	14
   245                           	
   246  07F3                     l1733:	
   247                           ;timerprogram2.c: 14: RB0=1;
   248  07F3  1283               	bcf	status, 5	;RP0=0, select bank0
   249  07F4  1303               	bcf	status, 6	;RP1=0, select bank0
   250  07F5  1406               	bsf	(48/8),(48)&7
   251                           	line	15
   252                           	
   253  07F6                     l1735:	
   254                           ;timerprogram2.c: 15: delay();
   255  07F6  120A  118A  27D5   	fcall	_delay
              120A  118A         
   256  07FB  2FEB               	goto	l1729
   257                           	line	16
   258                           	
   259  07FC                     l562:	
   260                           	line	9
   261  07FC  2FEB               	goto	l1729
   262                           	
   263  07FD                     l563:	
   264                           	line	17
   265                           	
   266  07FD                     l564:	
   267                           	global	start
   268  07FD  120A  118A  2800   	ljmp	start
   269                           	opt stack 0
   270                           GLOBAL	__end_of_main
   271  0800                     	__end_of_main:
   272 ;; =============== function _main ends ============
   273                           
   274                           	signat	_main,88
   275                           	global	_delay
   276                           psect	text61,local,class=CODE,delta=2
   277                           global __ptext61
   278  07D5                     __ptext61:
   279                           
   280 ;; *************** function _delay *****************
   281 ;; Defined at:
   282 ;;		line 20 in file "E:\sai em pic\timer 1\timerprogram2.c"
   283 ;; Parameters:    Size  Location     Type
   284 ;;		None
   285 ;; Auto vars:     Size  Location     Type
   286 ;;		None
   287 ;; Return value:  Size  Location     Type
   288 ;;		None               void
   289 ;; Registers used:
   290 ;;		wreg
   291 ;; Tracked objects:
   292 ;;		On entry : 0/0
   293 ;;		On exit  : 0/0
   294 ;;		Unchanged: 0/0
   295 ;; Data sizes:     COMMON   BANK0   BANK1   BANK3   BANK2
   296 ;;      Params:         0       0       0       0       0
   297 ;;      Locals:         0       0       0       0       0
   298 ;;      Temps:          0       0       0       0       0
   299 ;;      Totals:         0       0       0       0       0
   300 ;;Total ram usage:        0 bytes
   301 ;; Hardware stack levels used:    1
   302 ;; This function calls:
   303 ;;		Nothing
   304 ;; This function is called by:
   305 ;;		_main
   306 ;; This function uses a non-reentrant model
   307 ;;
   308                           psect	text61
   309                           	file	"E:\sai em pic\timer 1\timerprogram2.c"
   310                           	line	20
   311                           	global	__size_of_delay
   312  000F                     	__size_of_delay	equ	__end_of_delay-_delay
   313                           	
   314  07D5                     _delay:	
   315                           	opt	stack 7
   316                           ; Regs used in _delay: [wreg]
   317                           	line	22
   318                           	
   319  07D5                     l939:	
   320                           ;timerprogram2.c: 22: T1CON=0X39;
   321  07D5  3039               	movlw	(039h)
   322  07D6  1283               	bcf	status, 5	;RP0=0, select bank0
   323  07D7  1303               	bcf	status, 6	;RP1=0, select bank0
   324  07D8  0090               	movwf	(16)	;volatile
   325                           	line	23
   326                           ;timerprogram2.c: 23: TMR1H=0XCF;
   327  07D9  30CF               	movlw	(0CFh)
   328  07DA  008F               	movwf	(15)	;volatile
   329                           	line	24
   330                           ;timerprogram2.c: 24: TMR1L=0X2B;
   331  07DB  302B               	movlw	(02Bh)
   332  07DC  008E               	movwf	(14)	;volatile
   333                           	line	25
   334                           ;timerprogram2.c: 25: while(TMR1IF==0);
   335  07DD  2FDE               	goto	l567
   336                           	
   337  07DE                     l568:	
   338                           	
   339  07DE                     l567:	
   340  07DE  1C0C               	btfss	(96/8),(96)&7
   341  07DF  2FE1               	goto	u11
   342  07E0  2FE2               	goto	u10
   343  07E1                     u11:
   344  07E1  2FDE               	goto	l567
   345  07E2                     u10:
   346                           	
   347  07E2                     l569:	
   348                           	line	27
   349                           ;timerprogram2.c: 27: TMR1IF=0;
   350  07E2  100C               	bcf	(96/8),(96)&7
   351                           	line	30
   352                           	
   353  07E3                     l570:	
   354  07E3  0008               	return
   355                           	opt stack 0
   356                           GLOBAL	__end_of_delay
   357  07E4                     	__end_of_delay:
   358 ;; =============== function _delay ends ============
   359                           
   360                           	signat	_delay,88
   361                           psect	text62,local,class=CODE,delta=2
   362                           global __ptext62
   363  0000                     __ptext62:
   364                           	global	btemp
   365  007E                     	btemp set 07Eh
   366                           
   367                           	DABS	1,126,2	;btemp
   368                           	global	wtemp0
   369  007E                     	wtemp0 set btemp


HI-TECH Software PICC Macro Assembler V9.80 build 6738 
Symbol Table                                                                                   Mon Feb 12 18:56:48 2024

                  u10 07E2                    u11 07E1                   l561 07EB                   l570 07E3  
                 l562 07FC                   l563 07FD                   l564 07FD                   l567 07DE  
                 l568 07DE                   l569 07E2                   l939 07D5                   _RB0 0030  
                l1731 07EE                  l1733 07F3                  l1735 07F6                  l1727 07E4  
                l1729 07EB                  _main 07E4                  btemp 007E                  start 0000  
               ?_main 0000                 _T1CON 0010                 _TMR1H 000F                 _TMR1L 000E  
               _PORTB 0006                 _TRISB 0086                 _delay 07D5                 status 0003  
               wtemp0 007E          __end_of_main 0800                ??_main 0000                ?_delay 0000  
              _TMR1IF 0060        __pcstackCOMMON 0000         __end_of_delay 07E4               ??_delay 0000  
          __pmaintext 07E4  end_of_initialization 07D1   start_initialization 07D1        __size_of_delay 000F  
            __ptext60 0000              __ptext61 07D5              __ptext62 0000         __size_of_main 001C  
