

HI-TECH Software PIC LITE Macro Assembler V9.80 build 6738 
                                                                                               Wed Feb 14 19:57:04 2024

HI-TECH Software Omniscient Code Generator (Lite mode) build 6738
     1  0000                     opt subtitle "HI-TECH Software Omniscient Code Generator (Lite mode) build 6738"
     2                           
     3                           opt pagewidth 120
     4                           
     5                           	opt lm
     6                           
     7                           	processor	16F877A
     8                           clrc	macro
     9                           	bcf	3,0
    10  0000                     	endm
    11                           clrz	macro
    12                           	bcf	3,2
    13  0000                     	endm
    14                           setc	macro
    15                           	bsf	3,0
    16  0000                     	endm
    17                           setz	macro
    18                           	bsf	3,2
    19  0000                     	endm
    20                           skipc	macro
    21                           	btfss	3,0
    22  0000                     	endm
    23                           skipz	macro
    24                           	btfss	3,2
    25  0000                     	endm
    26                           skipnc	macro
    27                           	btfsc	3,0
    28  0000                     	endm
    29                           skipnz	macro
    30                           	btfsc	3,2
    31  0000                     	endm
    32  0000                     indf	equ	0
    33  0000                     indf0	equ	0
    34  0002                     pc	equ	2
    35  0002                     pcl	equ	2
    36  0003                     status	equ	3
    37  0004                     fsr	equ	4
    38  0004                     fsr0	equ	4
    39  0001                     c	equ	1
    40  0000                     z	equ	0
    41  000A                     pclath	equ	10
    42                           	FNCALL	_main,_delay
    43                           	FNROOT	_main
    44                           	global	_PORTD
    45                           psect	maintext,global,class=CODE,delta=2
    46                           global __pmaintext
    47  07BB                     __pmaintext:
    48  0008                     _PORTD	set	8
    49                           	global	_TMR0
    50  0001                     _TMR0	set	1
    51                           	global	_TRISA
    52  0085                     _TRISA	set	133
    53                           	global	_TRISD
    54  0088                     _TRISD	set	136
    55                           	global	_T0CS
    56  040D                     _T0CS	set	1037
    57                           	file	"cnprogram.as"
    58                           	line	#
    59                           psect cinit,class=CODE,delta=2
    60                           global start_initialization
    61  07B7                     start_initialization:
    62                           
    63                           psect cinit,class=CODE,delta=2
    64                           global end_of_initialization
    65                           
    66                           ;End of C runtime variable initialization code
    67                           
    68  07B7                     end_of_initialization:
    69  07B7  0183               clrf status
    70  07B8  120A  118A  2FBB   ljmp _main	;jump to C main() function
    71                           psect	cstackCOMMON,class=COMMON,space=1
    72                           global __pcstackCOMMON
    73  0070                     __pcstackCOMMON:
    74                           	global	?_delay
    75  0070                     ?_delay:	; 0 bytes @ 0x0
    76                           	global	??_delay
    77  0070                     ??_delay:	; 0 bytes @ 0x0
    78                           	global	?_main
    79  0070                     ?_main:	; 0 bytes @ 0x0
    80                           	global	delay@j
    81  0070                     delay@j:	; 2 bytes @ 0x0
    82  0070                     	ds	2
    83                           	global	??_main
    84  0072                     ??_main:	; 0 bytes @ 0x2
    85 ;;Data sizes: Strings 0, constant 0, data 0, bss 0, persistent 0 stack 0
    86 ;;Auto spaces:   Size  Autos    Used
    87 ;; COMMON          14      2       2
    88 ;; BANK0           80      0       0
    89 ;; BANK1           80      0       0
    90 ;; BANK3           96      0       0
    91 ;; BANK2           96      0       0
    92                           
    93 ;;
    94 ;; Pointer list with targets:
    95                           
    96                           
    97                           
    98 ;;
    99 ;; Critical Paths under _main in COMMON
   100 ;;
   101 ;;   _main->_delay
   102 ;;
   103 ;; Critical Paths under _main in BANK0
   104 ;;
   105 ;;   None.
   106 ;;
   107 ;; Critical Paths under _main in BANK1
   108 ;;
   109 ;;   None.
   110 ;;
   111 ;; Critical Paths under _main in BANK3
   112 ;;
   113 ;;   None.
   114 ;;
   115 ;; Critical Paths under _main in BANK2
   116 ;;
   117 ;;   None.
   118                           
   119 ;;
   120 ;;Main: autosize = 0, tempsize = 0, incstack = 0, save=0
   121 ;;
   122                           
   123 ;;
   124 ;;Call Graph Tables:
   125 ;;
   126 ;; ---------------------------------------------------------------------------------
   127 ;; (Depth) Function   	        Calls       Base Space   Used Autos Params    Refs
   128 ;; ---------------------------------------------------------------------------------
   129 ;; (0) _main                                                 0     0      0      30
   130 ;;                              _delay
   131 ;; ---------------------------------------------------------------------------------
   132 ;; (1) _delay                                                2     2      0      30
   133 ;;                                              0 COMMON     2     2      0
   134 ;; ---------------------------------------------------------------------------------
   135 ;; Estimated maximum stack depth 1
   136 ;; ---------------------------------------------------------------------------------
   137                           
   138 ;; Call Graph Graphs:
   139                           
   140 ;; _main (ROOT)
   141 ;;   _delay
   142 ;;
   143                           
   144 ;; Address spaces:
   145                           
   146 ;;Name               Size   Autos  Total    Cost      Usage
   147 ;;BITCOMMON            E      0       0       0        0.0%
   148 ;;EEDATA             100      0       0       0        0.0%
   149 ;;NULL                 0      0       0       0        0.0%
   150 ;;CODE                 0      0       0       0        0.0%
   151 ;;COMMON               E      2       2       1       14.3%
   152 ;;BITSFR0              0      0       0       1        0.0%
   153 ;;SFR0                 0      0       0       1        0.0%
   154 ;;BITSFR1              0      0       0       2        0.0%
   155 ;;SFR1                 0      0       0       2        0.0%
   156 ;;STACK                0      0       1       2        0.0%
   157 ;;ABS                  0      0       0       3        0.0%
   158 ;;BITBANK0            50      0       0       4        0.0%
   159 ;;BITSFR3              0      0       0       4        0.0%
   160 ;;SFR3                 0      0       0       4        0.0%
   161 ;;BANK0               50      0       0       5        0.0%
   162 ;;BITSFR2              0      0       0       5        0.0%
   163 ;;SFR2                 0      0       0       5        0.0%
   164 ;;BITBANK1            50      0       0       6        0.0%
   165 ;;BANK1               50      0       0       7        0.0%
   166 ;;BITBANK3            60      0       0       8        0.0%
   167 ;;BANK3               60      0       0       9        0.0%
   168 ;;BITBANK2            60      0       0      10        0.0%
   169 ;;BANK2               60      0       0      11        0.0%
   170 ;;DATA                 0      0       0      12        0.0%
   171                           
   172                           	global	_main
   173                           psect	maintext
   174                           
   175 ;; *************** function _main *****************
   176 ;; Defined at:
   177 ;;		line 4 in file "E:\sai em pic\counter 0\cnprogram.c"
   178 ;; Parameters:    Size  Location     Type
   179 ;;		None
   180 ;; Auto vars:     Size  Location     Type
   181 ;;		None
   182 ;; Return value:  Size  Location     Type
   183 ;;		None               void
   184 ;; Registers used:
   185 ;;		wreg, status,2, status,0, btemp+1, pclath, cstack
   186 ;; Tracked objects:
   187 ;;		On entry : 17F/0
   188 ;;		On exit  : 0/0
   189 ;;		Unchanged: 0/0
   190 ;; Data sizes:     COMMON   BANK0   BANK1   BANK3   BANK2
   191 ;;      Params:         0       0       0       0       0
   192 ;;      Locals:         0       0       0       0       0
   193 ;;      Temps:          0       0       0       0       0
   194 ;;      Totals:         0       0       0       0       0
   195 ;;Total ram usage:        0 bytes
   196 ;; Hardware stack levels required when called:    1
   197 ;; This function calls:
   198 ;;		_delay
   199 ;; This function is called by:
   200 ;;		Startup code after reset
   201 ;; This function uses a non-reentrant model
   202 ;;
   203                           psect	maintext
   204                           	file	"E:\sai em pic\counter 0\cnprogram.c"
   205                           	line	4
   206                           	global	__size_of_main
   207  001D                     	__size_of_main	equ	__end_of_main-_main
   208                           	
   209  07BB                     _main:	
   210                           	opt	stack 7
   211                           ; Regs used in _main: [wreg+status,2+status,0+btemp+1+pclath+cstack]
   212                           	line	5
   213                           	
   214  07BB                     l1734:	
   215                           ;cnprogram.c: 5: TRISD=0;
   216  07BB  1683               	bsf	status, 5	;RP0=1, select bank1
   217  07BC  1303               	bcf	status, 6	;RP1=0, select bank1
   218  07BD  0188               	clrf	(136)^080h	;volatile
   219                           	line	6
   220                           	
   221  07BE                     l1736:	
   222                           ;cnprogram.c: 6: TRISA=1;
   223  07BE  3001               	movlw	(01h)
   224  07BF  0085               	movwf	(133)^080h	;volatile
   225                           	line	7
   226                           	
   227  07C0                     l1738:	
   228                           ;cnprogram.c: 7: PORTD=0X00;
   229  07C0  1283               	bcf	status, 5	;RP0=0, select bank0
   230  07C1  1303               	bcf	status, 6	;RP1=0, select bank0
   231  07C2  0188               	clrf	(8)	;volatile
   232                           	line	8
   233                           	
   234  07C3                     l1740:	
   235                           ;cnprogram.c: 8: T0CS=1;
   236  07C3  1683               	bsf	status, 5	;RP0=1, select bank1
   237  07C4  1303               	bcf	status, 6	;RP1=0, select bank1
   238  07C5  1681               	bsf	(1037/8)^080h,(1037)&7
   239                           	line	9
   240                           	
   241  07C6                     l1742:	
   242                           ;cnprogram.c: 9: TMR0=0X00;
   243  07C6  1283               	bcf	status, 5	;RP0=0, select bank0
   244  07C7  1303               	bcf	status, 6	;RP1=0, select bank0
   245  07C8  0181               	clrf	(1)	;volatile
   246  07C9  2FCA               	goto	l1744
   247                           	line	10
   248                           ;cnprogram.c: 10: while(1)
   249                           	
   250  07CA                     l561:	
   251                           	line	12
   252                           	
   253  07CA                     l1744:	
   254                           ;cnprogram.c: 11: {
   255                           ;cnprogram.c: 12: PORTD=TMR0;
   256  07CA  1283               	bcf	status, 5	;RP0=0, select bank0
   257  07CB  1303               	bcf	status, 6	;RP1=0, select bank0
   258  07CC  0801               	movf	(1),w	;volatile
   259  07CD  0088               	movwf	(8)	;volatile
   260                           	line	13
   261                           	
   262  07CE                     l1746:	
   263                           ;cnprogram.c: 13: delay();
   264  07CE  120A  118A  27D8   	fcall	_delay
              120A  118A         
   265  07D3  2FCA               	goto	l1744
   266                           	line	14
   267                           	
   268  07D4                     l562:	
   269                           	line	10
   270  07D4  2FCA               	goto	l1744
   271                           	
   272  07D5                     l563:	
   273                           	line	15
   274                           	
   275  07D5                     l564:	
   276                           	global	start
   277  07D5  120A  118A  2800   	ljmp	start
   278                           	opt stack 0
   279                           GLOBAL	__end_of_main
   280  07D8                     	__end_of_main:
   281 ;; =============== function _main ends ============
   282                           
   283                           	signat	_main,88
   284                           	global	_delay
   285                           psect	text55,local,class=CODE,delta=2
   286                           global __ptext55
   287  07D8                     __ptext55:
   288                           
   289 ;; *************** function _delay *****************
   290 ;; Defined at:
   291 ;;		line 17 in file "E:\sai em pic\counter 0\cnprogram.c"
   292 ;; Parameters:    Size  Location     Type
   293 ;;		None
   294 ;; Auto vars:     Size  Location     Type
   295 ;;  j               2    0[COMMON] int 
   296 ;; Return value:  Size  Location     Type
   297 ;;		None               void
   298 ;; Registers used:
   299 ;;		wreg, btemp+1
   300 ;; Tracked objects:
   301 ;;		On entry : 0/0
   302 ;;		On exit  : 0/0
   303 ;;		Unchanged: 0/0
   304 ;; Data sizes:     COMMON   BANK0   BANK1   BANK3   BANK2
   305 ;;      Params:         0       0       0       0       0
   306 ;;      Locals:         2       0       0       0       0
   307 ;;      Temps:          0       0       0       0       0
   308 ;;      Totals:         2       0       0       0       0
   309 ;;Total ram usage:        2 bytes
   310 ;; Hardware stack levels used:    1
   311 ;; This function calls:
   312 ;;		Nothing
   313 ;; This function is called by:
   314 ;;		_main
   315 ;; This function uses a non-reentrant model
   316 ;;
   317                           psect	text55
   318                           	file	"E:\sai em pic\counter 0\cnprogram.c"
   319                           	line	17
   320                           	global	__size_of_delay
   321  0028                     	__size_of_delay	equ	__end_of_delay-_delay
   322                           	
   323  07D8                     _delay:	
   324                           	opt	stack 7
   325                           ; Regs used in _delay: [wreg+btemp+1]
   326                           	line	18
   327                           	
   328  07D8                     l938:	
   329                           ;cnprogram.c: 18: for(int j=0;j<=6000;j++);
   330  07D8  3000               	movlw	low(0)
   331  07D9  00F0               	movwf	(delay@j)
   332  07DA  3000               	movlw	high(0)
   333  07DB  00F1               	movwf	((delay@j))+1
   334                           	
   335  07DC                     l940:	
   336  07DC  0871               	movf	(delay@j+1),w
   337  07DD  3A80               	xorlw	80h
   338  07DE  00FF               	movwf	btemp+1
   339  07DF  3097               	movlw	(high(01771h))^80h
   340  07E0  027F               	subwf	btemp+1,w
   341  07E1  1D03               	skipz
   342  07E2  2FE5               	goto	u15
   343  07E3  3071               	movlw	low(01771h)
   344  07E4  0270               	subwf	(delay@j),w
   345  07E5                     u15:
   346                           
   347  07E5  1C03               	skipc
   348  07E6  2FE8               	goto	u11
   349  07E7  2FE9               	goto	u10
   350  07E8                     u11:
   351  07E8  2FEB               	goto	l944
   352  07E9                     u10:
   353  07E9  2FFF               	goto	l569
   354                           	
   355  07EA                     l942:	
   356  07EA  2FFF               	goto	l569
   357                           	
   358  07EB                     l567:	
   359                           	
   360  07EB                     l944:	
   361  07EB  3001               	movlw	low(01h)
   362  07EC  07F0               	addwf	(delay@j),f
   363  07ED  1803               	skipnc
   364  07EE  0AF1               	incf	(delay@j+1),f
   365  07EF  3000               	movlw	high(01h)
   366  07F0  07F1               	addwf	(delay@j+1),f
   367                           	
   368  07F1                     l946:	
   369  07F1  0871               	movf	(delay@j+1),w
   370  07F2  3A80               	xorlw	80h
   371  07F3  00FF               	movwf	btemp+1
   372  07F4  3097               	movlw	(high(01771h))^80h
   373  07F5  027F               	subwf	btemp+1,w
   374  07F6  1D03               	skipz
   375  07F7  2FFA               	goto	u25
   376  07F8  3071               	movlw	low(01771h)
   377  07F9  0270               	subwf	(delay@j),w
   378  07FA                     u25:
   379                           
   380  07FA  1C03               	skipc
   381  07FB  2FFD               	goto	u21
   382  07FC  2FFE               	goto	u20
   383  07FD                     u21:
   384  07FD  2FEB               	goto	l944
   385  07FE                     u20:
   386  07FE  2FFF               	goto	l569
   387                           	
   388  07FF                     l568:	
   389                           	line	19
   390                           	
   391  07FF                     l569:	
   392  07FF  0008               	return
   393                           	opt stack 0
   394                           GLOBAL	__end_of_delay
   395  0800                     	__end_of_delay:
   396 ;; =============== function _delay ends ============
   397                           
   398                           	signat	_delay,88
   399                           psect	text56,local,class=CODE,delta=2
   400                           global __ptext56
   401  0000                     __ptext56:
   402                           	global	btemp
   403  007E                     	btemp set 07Eh
   404                           
   405                           	DABS	1,126,2	;btemp
   406                           	global	wtemp0
   407  007E                     	wtemp0 set btemp


HI-TECH Software PICC Macro Assembler V9.80 build 6738 
Symbol Table                                                                                   Wed Feb 14 19:57:04 2024

                  u10 07E9                    u11 07E8                    u20 07FE                    u21 07FD  
                  u15 07E5                    u25 07FA                   l561 07CA                   l562 07D4  
                 l563 07D5                   l564 07D5                   l567 07EB                   l568 07FF  
                 l569 07FF                   l940 07DC                   l942 07EA                   l944 07EB  
                 l946 07F1                   l938 07D8                  l1740 07C3                  l1742 07C6  
                l1734 07BB                  l1744 07CA                  l1736 07BE                  l1746 07CE  
                l1738 07C0                  _T0CS 040D                  _TMR0 0001                  _main 07BB  
                btemp 007E                  start 0000                 ?_main 0070                 _PORTD 0008  
               _TRISA 0085                 _TRISD 0088                 _delay 07D8                 status 0003  
               wtemp0 007E          __end_of_main 07D8                ??_main 0072                ?_delay 0070  
              delay@j 0070        __pcstackCOMMON 0070         __end_of_delay 0800               ??_delay 0070  
          __pmaintext 07BB  end_of_initialization 07B7   start_initialization 07B7        __size_of_delay 0028  
            __ptext55 07D8              __ptext56 0000         __size_of_main 001D  
